Calling target program-options parser
[20:00:22.111] [bmv2] [D] [thread 18007] Set default default entry for table 'MyIngress.ipv4_lpm': MyIngress.drop - 
Adding interface s2-eth1 as port 1
[20:00:22.112] [bmv2] [D] [thread 18007] Adding interface s2-eth1 as port 1
Adding interface s2-eth2 as port 2
[20:00:22.145] [bmv2] [D] [thread 18007] Adding interface s2-eth2 as port 2
Adding interface s2-eth3 as port 3
[20:00:22.173] [bmv2] [D] [thread 18007] Adding interface s2-eth3 as port 3
Adding interface s2-eth4 as port 4
[20:00:22.205] [bmv2] [D] [thread 18007] Adding interface s2-eth4 as port 4
Server listening on 0.0.0.0:50052
[20:00:22.239] [bmv2] [I] [thread 18007] Starting Thrift server on port 9091
[20:00:22.239] [bmv2] [I] [thread 18007] Thrift server was started
[20:00:22.240] [bmv2] [D] [thread 18017] [0.0] [cxt 0] Processing packet received on port 1
[20:00:22.240] [bmv2] [D] [thread 18017] [0.0] [cxt 0] Parser 'parser': start
[20:00:22.240] [bmv2] [D] [thread 18017] [0.0] [cxt 0] Parser 'parser' entering state 'start'
[20:00:22.240] [bmv2] [D] [thread 18017] [0.0] [cxt 0] Extracting header 'ethernet'
[20:00:22.240] [bmv2] [D] [thread 18017] [0.0] [cxt 0] Parser state 'start': key is 86dd
[20:00:22.240] [bmv2] [T] [thread 18017] [0.0] [cxt 0] Bytes parsed: 14
[20:00:22.240] [bmv2] [D] [thread 18017] [0.0] [cxt 0] Parser 'parser': end
[20:00:22.240] [bmv2] [D] [thread 18017] [0.0] [cxt 0] Pipeline 'ingress': start
[20:00:22.240] [bmv2] [T] [thread 18017] [0.0] [cxt 0] basic.p4(114) Condition "hdr.ipv4.isValid()" (node_2) is false
[20:00:22.240] [bmv2] [D] [thread 18017] [0.0] [cxt 0] Pipeline 'ingress': end
[20:00:22.240] [bmv2] [D] [thread 18017] [0.0] [cxt 0] Egress port is 0
[20:00:22.240] [bmv2] [D] [thread 18018] [0.0] [cxt 0] Pipeline 'egress': start
[20:00:22.240] [bmv2] [D] [thread 18018] [0.0] [cxt 0] Pipeline 'egress': end
[20:00:22.240] [bmv2] [D] [thread 18018] [0.0] [cxt 0] Deparser 'deparser': start
[20:00:22.240] [bmv2] [T] [thread 18018] [0.0] [cxt 0] Skipping checksum 'cksum' update because condition not met
[20:00:22.240] [bmv2] [D] [thread 18018] [0.0] [cxt 0] Deparsing header 'ethernet'
[20:00:22.240] [bmv2] [D] [thread 18018] [0.0] [cxt 0] Deparser 'deparser': end
[20:00:22.240] [bmv2] [D] [thread 18022] [0.0] [cxt 0] Transmitting packet of size 86 out of port 0
[20:00:22.270] [bmv2] [D] [thread 18017] [1.0] [cxt 0] Processing packet received on port 4
[20:00:22.270] [bmv2] [D] [thread 18017] [1.0] [cxt 0] Parser 'parser': start
[20:00:22.270] [bmv2] [D] [thread 18017] [1.0] [cxt 0] Parser 'parser' entering state 'start'
[20:00:22.270] [bmv2] [D] [thread 18017] [1.0] [cxt 0] Extracting header 'ethernet'
[20:00:22.270] [bmv2] [D] [thread 18017] [1.0] [cxt 0] Parser state 'start': key is 86dd
[20:00:22.270] [bmv2] [T] [thread 18017] [1.0] [cxt 0] Bytes parsed: 14
[20:00:22.270] [bmv2] [D] [thread 18017] [1.0] [cxt 0] Parser 'parser': end
[20:00:22.270] [bmv2] [D] [thread 18017] [1.0] [cxt 0] Pipeline 'ingress': start
[20:00:22.270] [bmv2] [T] [thread 18017] [1.0] [cxt 0] basic.p4(114) Condition "hdr.ipv4.isValid()" (node_2) is false
[20:00:22.270] [bmv2] [D] [thread 18017] [1.0] [cxt 0] Pipeline 'ingress': end
[20:00:22.270] [bmv2] [D] [thread 18017] [1.0] [cxt 0] Egress port is 0
[20:00:22.270] [bmv2] [D] [thread 18018] [1.0] [cxt 0] Pipeline 'egress': start
[20:00:22.270] [bmv2] [D] [thread 18018] [1.0] [cxt 0] Pipeline 'egress': end
[20:00:22.270] [bmv2] [D] [thread 18018] [1.0] [cxt 0] Deparser 'deparser': start
[20:00:22.270] [bmv2] [T] [thread 18018] [1.0] [cxt 0] Skipping checksum 'cksum' update because condition not met
[20:00:22.270] [bmv2] [D] [thread 18018] [1.0] [cxt 0] Deparsing header 'ethernet'
[20:00:22.270] [bmv2] [D] [thread 18018] [1.0] [cxt 0] Deparser 'deparser': end
[20:00:22.270] [bmv2] [D] [thread 18022] [1.0] [cxt 0] Transmitting packet of size 86 out of port 0
[20:00:22.399] [bmv2] [D] [thread 18017] [2.0] [cxt 0] Processing packet received on port 1
[20:00:22.399] [bmv2] [D] [thread 18017] [2.0] [cxt 0] Parser 'parser': start
[20:00:22.399] [bmv2] [D] [thread 18017] [2.0] [cxt 0] Parser 'parser' entering state 'start'
[20:00:22.399] [bmv2] [D] [thread 18017] [2.0] [cxt 0] Extracting header 'ethernet'
[20:00:22.399] [bmv2] [D] [thread 18017] [2.0] [cxt 0] Parser state 'start': key is 86dd
[20:00:22.399] [bmv2] [T] [thread 18017] [2.0] [cxt 0] Bytes parsed: 14
[20:00:22.399] [bmv2] [D] [thread 18017] [2.0] [cxt 0] Parser 'parser': end
[20:00:22.399] [bmv2] [D] [thread 18017] [2.0] [cxt 0] Pipeline 'ingress': start
[20:00:22.399] [bmv2] [T] [thread 18017] [2.0] [cxt 0] basic.p4(114) Condition "hdr.ipv4.isValid()" (node_2) is false
[20:00:22.399] [bmv2] [D] [thread 18017] [2.0] [cxt 0] Pipeline 'ingress': end
[20:00:22.399] [bmv2] [D] [thread 18017] [2.0] [cxt 0] Egress port is 0
[20:00:22.399] [bmv2] [D] [thread 18018] [2.0] [cxt 0] Pipeline 'egress': start
[20:00:22.399] [bmv2] [D] [thread 18018] [2.0] [cxt 0] Pipeline 'egress': end
[20:00:22.399] [bmv2] [D] [thread 18018] [2.0] [cxt 0] Deparser 'deparser': start
[20:00:22.399] [bmv2] [T] [thread 18018] [2.0] [cxt 0] Skipping checksum 'cksum' update because condition not met
[20:00:22.399] [bmv2] [D] [thread 18018] [2.0] [cxt 0] Deparsing header 'ethernet'
[20:00:22.399] [bmv2] [D] [thread 18018] [2.0] [cxt 0] Deparser 'deparser': end
[20:00:22.400] [bmv2] [D] [thread 18022] [2.0] [cxt 0] Transmitting packet of size 90 out of port 0
[20:00:22.592] [bmv2] [D] [thread 18017] [3.0] [cxt 0] Processing packet received on port 3
[20:00:22.592] [bmv2] [D] [thread 18017] [3.0] [cxt 0] Parser 'parser': start
[20:00:22.592] [bmv2] [D] [thread 18017] [3.0] [cxt 0] Parser 'parser' entering state 'start'
[20:00:22.592] [bmv2] [D] [thread 18017] [3.0] [cxt 0] Extracting header 'ethernet'
[20:00:22.592] [bmv2] [D] [thread 18017] [3.0] [cxt 0] Parser state 'start': key is 86dd
[20:00:22.592] [bmv2] [T] [thread 18017] [3.0] [cxt 0] Bytes parsed: 14
[20:00:22.592] [bmv2] [D] [thread 18017] [3.0] [cxt 0] Parser 'parser': end
[20:00:22.592] [bmv2] [D] [thread 18017] [3.0] [cxt 0] Pipeline 'ingress': start
[20:00:22.592] [bmv2] [T] [thread 18017] [3.0] [cxt 0] basic.p4(114) Condition "hdr.ipv4.isValid()" (node_2) is false
[20:00:22.592] [bmv2] [D] [thread 18017] [3.0] [cxt 0] Pipeline 'ingress': end
[20:00:22.592] [bmv2] [D] [thread 18017] [3.0] [cxt 0] Egress port is 0
[20:00:22.592] [bmv2] [D] [thread 18017] [4.0] [cxt 0] Processing packet received on port 3
[20:00:22.592] [bmv2] [D] [thread 18017] [4.0] [cxt 0] Parser 'parser': start
[20:00:22.592] [bmv2] [D] [thread 18017] [4.0] [cxt 0] Parser 'parser' entering state 'start'
[20:00:22.592] [bmv2] [D] [thread 18017] [4.0] [cxt 0] Extracting header 'ethernet'
[20:00:22.592] [bmv2] [D] [thread 18017] [4.0] [cxt 0] Parser state 'start': key is 86dd
[20:00:22.592] [bmv2] [T] [thread 18017] [4.0] [cxt 0] Bytes parsed: 14
[20:00:22.592] [bmv2] [D] [thread 18017] [4.0] [cxt 0] Parser 'parser': end
[20:00:22.592] [bmv2] [D] [thread 18017] [4.0] [cxt 0] Pipeline 'ingress': start
[20:00:22.592] [bmv2] [T] [thread 18017] [4.0] [cxt 0] basic.p4(114) Condition "hdr.ipv4.isValid()" (node_2) is false
[20:00:22.592] [bmv2] [D] [thread 18017] [4.0] [cxt 0] Pipeline 'ingress': end
[20:00:22.592] [bmv2] [D] [thread 18017] [4.0] [cxt 0] Egress port is 0
[20:00:22.592] [bmv2] [D] [thread 18018] [3.0] [cxt 0] Pipeline 'egress': start
[20:00:22.592] [bmv2] [D] [thread 18018] [3.0] [cxt 0] Pipeline 'egress': end
[20:00:22.592] [bmv2] [D] [thread 18018] [3.0] [cxt 0] Deparser 'deparser': start
[20:00:22.592] [bmv2] [T] [thread 18018] [3.0] [cxt 0] Skipping checksum 'cksum' update because condition not met
[20:00:22.592] [bmv2] [D] [thread 18018] [3.0] [cxt 0] Deparsing header 'ethernet'
[20:00:22.592] [bmv2] [D] [thread 18018] [3.0] [cxt 0] Deparser 'deparser': end
[20:00:22.592] [bmv2] [D] [thread 18018] [4.0] [cxt 0] Pipeline 'egress': start
[20:00:22.592] [bmv2] [D] [thread 18018] [4.0] [cxt 0] Pipeline 'egress': end
[20:00:22.592] [bmv2] [D] [thread 18018] [4.0] [cxt 0] Deparser 'deparser': start
[20:00:22.592] [bmv2] [T] [thread 18018] [4.0] [cxt 0] Skipping checksum 'cksum' update because condition not met
[20:00:22.593] [bmv2] [D] [thread 18018] [4.0] [cxt 0] Deparsing header 'ethernet'
[20:00:22.593] [bmv2] [D] [thread 18018] [4.0] [cxt 0] Deparser 'deparser': end
[20:00:22.593] [bmv2] [D] [thread 18022] [3.0] [cxt 0] Transmitting packet of size 90 out of port 0
[20:00:22.593] [bmv2] [D] [thread 18022] [4.0] [cxt 0] Transmitting packet of size 70 out of port 0
[20:00:22.657] [bmv2] [D] [thread 18017] [5.0] [cxt 0] Processing packet received on port 3
[20:00:22.657] [bmv2] [D] [thread 18017] [5.0] [cxt 0] Parser 'parser': start
[20:00:22.657] [bmv2] [D] [thread 18017] [5.0] [cxt 0] Parser 'parser' entering state 'start'
[20:00:22.657] [bmv2] [D] [thread 18017] [5.0] [cxt 0] Extracting header 'ethernet'
[20:00:22.657] [bmv2] [D] [thread 18017] [5.0] [cxt 0] Parser state 'start': key is 86dd
[20:00:22.657] [bmv2] [T] [thread 18017] [5.0] [cxt 0] Bytes parsed: 14
[20:00:22.657] [bmv2] [D] [thread 18017] [5.0] [cxt 0] Parser 'parser': end
[20:00:22.657] [bmv2] [D] [thread 18017] [5.0] [cxt 0] Pipeline 'ingress': start
[20:00:22.657] [bmv2] [T] [thread 18017] [5.0] [cxt 0] basic.p4(114) Condition "hdr.ipv4.isValid()" (node_2) is false
[20:00:22.657] [bmv2] [D] [thread 18017] [5.0] [cxt 0] Pipeline 'ingress': end
[20:00:22.657] [bmv2] [D] [thread 18017] [5.0] [cxt 0] Egress port is 0
[20:00:22.657] [bmv2] [D] [thread 18017] [6.0] [cxt 0] Processing packet received on port 3
[20:00:22.657] [bmv2] [D] [thread 18017] [6.0] [cxt 0] Parser 'parser': start
[20:00:22.657] [bmv2] [D] [thread 18017] [6.0] [cxt 0] Parser 'parser' entering state 'start'
[20:00:22.657] [bmv2] [D] [thread 18017] [6.0] [cxt 0] Extracting header 'ethernet'
[20:00:22.657] [bmv2] [D] [thread 18017] [6.0] [cxt 0] Parser state 'start': key is 86dd
[20:00:22.657] [bmv2] [T] [thread 18017] [6.0] [cxt 0] Bytes parsed: 14
[20:00:22.657] [bmv2] [D] [thread 18017] [6.0] [cxt 0] Parser 'parser': end
[20:00:22.657] [bmv2] [D] [thread 18017] [6.0] [cxt 0] Pipeline 'ingress': start
[20:00:22.657] [bmv2] [T] [thread 18017] [6.0] [cxt 0] basic.p4(114) Condition "hdr.ipv4.isValid()" (node_2) is false
[20:00:22.657] [bmv2] [D] [thread 18017] [6.0] [cxt 0] Pipeline 'ingress': end
[20:00:22.657] [bmv2] [D] [thread 18017] [6.0] [cxt 0] Egress port is 0
[20:00:22.657] [bmv2] [D] [thread 18018] [5.0] [cxt 0] Pipeline 'egress': start
[20:00:22.657] [bmv2] [D] [thread 18018] [5.0] [cxt 0] Pipeline 'egress': end
[20:00:22.657] [bmv2] [D] [thread 18018] [5.0] [cxt 0] Deparser 'deparser': start
[20:00:22.657] [bmv2] [T] [thread 18018] [5.0] [cxt 0] Skipping checksum 'cksum' update because condition not met
[20:00:22.657] [bmv2] [D] [thread 18018] [5.0] [cxt 0] Deparsing header 'ethernet'
[20:00:22.657] [bmv2] [D] [thread 18018] [5.0] [cxt 0] Deparser 'deparser': end
[20:00:22.657] [bmv2] [D] [thread 18018] [6.0] [cxt 0] Pipeline 'egress': start
[20:00:22.657] [bmv2] [D] [thread 18018] [6.0] [cxt 0] Pipeline 'egress': end
[20:00:22.657] [bmv2] [D] [thread 18018] [6.0] [cxt 0] Deparser 'deparser': start
[20:00:22.657] [bmv2] [T] [thread 18018] [6.0] [cxt 0] Skipping checksum 'cksum' update because condition not met
[20:00:22.657] [bmv2] [D] [thread 18018] [6.0] [cxt 0] Deparsing header 'ethernet'
[20:00:22.657] [bmv2] [D] [thread 18018] [6.0] [cxt 0] Deparser 'deparser': end
[20:00:22.657] [bmv2] [D] [thread 18022] [5.0] [cxt 0] Transmitting packet of size 90 out of port 0
[20:00:22.657] [bmv2] [D] [thread 18022] [6.0] [cxt 0] Transmitting packet of size 70 out of port 0
[20:00:22.720] [bmv2] [D] [thread 18017] [7.0] [cxt 0] Processing packet received on port 3
[20:00:22.720] [bmv2] [D] [thread 18017] [7.0] [cxt 0] Parser 'parser': start
[20:00:22.720] [bmv2] [D] [thread 18017] [7.0] [cxt 0] Parser 'parser' entering state 'start'
[20:00:22.720] [bmv2] [D] [thread 18017] [7.0] [cxt 0] Extracting header 'ethernet'
[20:00:22.721] [bmv2] [D] [thread 18017] [7.0] [cxt 0] Parser state 'start': key is 86dd
[20:00:22.721] [bmv2] [T] [thread 18017] [7.0] [cxt 0] Bytes parsed: 14
[20:00:22.721] [bmv2] [D] [thread 18017] [7.0] [cxt 0] Parser 'parser': end
[20:00:22.721] [bmv2] [D] [thread 18017] [7.0] [cxt 0] Pipeline 'ingress': start
[20:00:22.721] [bmv2] [T] [thread 18017] [7.0] [cxt 0] basic.p4(114) Condition "hdr.ipv4.isValid()" (node_2) is false
[20:00:22.721] [bmv2] [D] [thread 18017] [7.0] [cxt 0] Pipeline 'ingress': end
[20:00:22.721] [bmv2] [D] [thread 18017] [7.0] [cxt 0] Egress port is 0
[20:00:22.721] [bmv2] [D] [thread 18017] [8.0] [cxt 0] Processing packet received on port 4
[20:00:22.721] [bmv2] [D] [thread 18017] [8.0] [cxt 0] Parser 'parser': start
[20:00:22.721] [bmv2] [D] [thread 18017] [8.0] [cxt 0] Parser 'parser' entering state 'start'
[20:00:22.721] [bmv2] [D] [thread 18017] [8.0] [cxt 0] Extracting header 'ethernet'
[20:00:22.721] [bmv2] [D] [thread 18017] [8.0] [cxt 0] Parser state 'start': key is 86dd
[20:00:22.721] [bmv2] [T] [thread 18017] [8.0] [cxt 0] Bytes parsed: 14
[20:00:22.721] [bmv2] [D] [thread 18017] [8.0] [cxt 0] Parser 'parser': end
[20:00:22.721] [bmv2] [D] [thread 18017] [8.0] [cxt 0] Pipeline 'ingress': start
[20:00:22.721] [bmv2] [T] [thread 18017] [8.0] [cxt 0] basic.p4(114) Condition "hdr.ipv4.isValid()" (node_2) is false
[20:00:22.721] [bmv2] [D] [thread 18017] [8.0] [cxt 0] Pipeline 'ingress': end
[20:00:22.721] [bmv2] [D] [thread 18017] [8.0] [cxt 0] Egress port is 0
[20:00:22.721] [bmv2] [D] [thread 18017] [9.0] [cxt 0] Processing packet received on port 4
[20:00:22.721] [bmv2] [D] [thread 18017] [9.0] [cxt 0] Parser 'parser': start
[20:00:22.721] [bmv2] [D] [thread 18017] [9.0] [cxt 0] Parser 'parser' entering state 'start'
[20:00:22.721] [bmv2] [D] [thread 18017] [9.0] [cxt 0] Extracting header 'ethernet'
[20:00:22.721] [bmv2] [D] [thread 18017] [9.0] [cxt 0] Parser state 'start': key is 86dd
[20:00:22.721] [bmv2] [T] [thread 18017] [9.0] [cxt 0] Bytes parsed: 14
[20:00:22.721] [bmv2] [D] [thread 18017] [9.0] [cxt 0] Parser 'parser': end
[20:00:22.721] [bmv2] [D] [thread 18017] [9.0] [cxt 0] Pipeline 'ingress': start
[20:00:22.721] [bmv2] [T] [thread 18017] [9.0] [cxt 0] basic.p4(114) Condition "hdr.ipv4.isValid()" (node_2) is false
[20:00:22.721] [bmv2] [D] [thread 18017] [9.0] [cxt 0] Pipeline 'ingress': end
[20:00:22.721] [bmv2] [D] [thread 18017] [9.0] [cxt 0] Egress port is 0
[20:00:22.721] [bmv2] [D] [thread 18018] [7.0] [cxt 0] Pipeline 'egress': start
[20:00:22.721] [bmv2] [D] [thread 18018] [7.0] [cxt 0] Pipeline 'egress': end
[20:00:22.721] [bmv2] [D] [thread 18018] [7.0] [cxt 0] Deparser 'deparser': start
[20:00:22.721] [bmv2] [T] [thread 18018] [7.0] [cxt 0] Skipping checksum 'cksum' update because condition not met
[20:00:22.721] [bmv2] [D] [thread 18018] [7.0] [cxt 0] Deparsing header 'ethernet'
[20:00:22.721] [bmv2] [D] [thread 18018] [7.0] [cxt 0] Deparser 'deparser': end
[20:00:22.721] [bmv2] [D] [thread 18018] [8.0] [cxt 0] Pipeline 'egress': start
[20:00:22.721] [bmv2] [D] [thread 18018] [8.0] [cxt 0] Pipeline 'egress': end
[20:00:22.721] [bmv2] [D] [thread 18018] [8.0] [cxt 0] Deparser 'deparser': start
[20:00:22.721] [bmv2] [T] [thread 18018] [8.0] [cxt 0] Skipping checksum 'cksum' update because condition not met
[20:00:22.721] [bmv2] [D] [thread 18018] [8.0] [cxt 0] Deparsing header 'ethernet'
[20:00:22.721] [bmv2] [D] [thread 18018] [8.0] [cxt 0] Deparser 'deparser': end
[20:00:22.721] [bmv2] [D] [thread 18018] [9.0] [cxt 0] Pipeline 'egress': start
[20:00:22.721] [bmv2] [D] [thread 18018] [9.0] [cxt 0] Pipeline 'egress': end
[20:00:22.721] [bmv2] [D] [thread 18018] [9.0] [cxt 0] Deparser 'deparser': start
[20:00:22.721] [bmv2] [T] [thread 18018] [9.0] [cxt 0] Skipping checksum 'cksum' update because condition not met
[20:00:22.721] [bmv2] [D] [thread 18018] [9.0] [cxt 0] Deparsing header 'ethernet'
[20:00:22.721] [bmv2] [D] [thread 18018] [9.0] [cxt 0] Deparser 'deparser': end
[20:00:22.721] [bmv2] [D] [thread 18022] [7.0] [cxt 0] Transmitting packet of size 90 out of port 0
[20:00:22.721] [bmv2] [D] [thread 18022] [8.0] [cxt 0] Transmitting packet of size 90 out of port 0
[20:00:22.721] [bmv2] [D] [thread 18022] [9.0] [cxt 0] Transmitting packet of size 70 out of port 0
[20:00:22.977] [bmv2] [D] [thread 18017] [10.0] [cxt 0] Processing packet received on port 2
[20:00:22.977] [bmv2] [D] [thread 18017] [10.0] [cxt 0] Parser 'parser': start
[20:00:22.977] [bmv2] [D] [thread 18017] [10.0] [cxt 0] Parser 'parser' entering state 'start'
[20:00:22.977] [bmv2] [D] [thread 18017] [10.0] [cxt 0] Extracting header 'ethernet'
[20:00:22.977] [bmv2] [D] [thread 18017] [10.0] [cxt 0] Parser state 'start': key is 86dd
[20:00:22.977] [bmv2] [T] [thread 18017] [10.0] [cxt 0] Bytes parsed: 14
[20:00:22.977] [bmv2] [D] [thread 18017] [10.0] [cxt 0] Parser 'parser': end
[20:00:22.977] [bmv2] [D] [thread 18017] [10.0] [cxt 0] Pipeline 'ingress': start
[20:00:22.977] [bmv2] [T] [thread 18017] [10.0] [cxt 0] basic.p4(114) Condition "hdr.ipv4.isValid()" (node_2) is false
[20:00:22.977] [bmv2] [D] [thread 18017] [10.0] [cxt 0] Pipeline 'ingress': end
[20:00:22.977] [bmv2] [D] [thread 18017] [10.0] [cxt 0] Egress port is 0
[20:00:22.977] [bmv2] [D] [thread 18017] [11.0] [cxt 0] Processing packet received on port 3
[20:00:22.977] [bmv2] [D] [thread 18017] [11.0] [cxt 0] Parser 'parser': start
[20:00:22.977] [bmv2] [D] [thread 18017] [11.0] [cxt 0] Parser 'parser' entering state 'start'
[20:00:22.977] [bmv2] [D] [thread 18017] [11.0] [cxt 0] Extracting header 'ethernet'
[20:00:22.977] [bmv2] [D] [thread 18017] [11.0] [cxt 0] Parser state 'start': key is 86dd
[20:00:22.977] [bmv2] [T] [thread 18017] [11.0] [cxt 0] Bytes parsed: 14
[20:00:22.977] [bmv2] [D] [thread 18017] [11.0] [cxt 0] Parser 'parser': end
[20:00:22.977] [bmv2] [D] [thread 18017] [11.0] [cxt 0] Pipeline 'ingress': start
[20:00:22.977] [bmv2] [T] [thread 18017] [11.0] [cxt 0] basic.p4(114) Condition "hdr.ipv4.isValid()" (node_2) is false
[20:00:22.977] [bmv2] [D] [thread 18017] [11.0] [cxt 0] Pipeline 'ingress': end
[20:00:22.977] [bmv2] [D] [thread 18017] [11.0] [cxt 0] Egress port is 0
[20:00:22.977] [bmv2] [D] [thread 18017] [12.0] [cxt 0] Processing packet received on port 2
[20:00:22.977] [bmv2] [D] [thread 18017] [12.0] [cxt 0] Parser 'parser': start
[20:00:22.977] [bmv2] [D] [thread 18017] [12.0] [cxt 0] Parser 'parser' entering state 'start'
[20:00:22.977] [bmv2] [D] [thread 18017] [12.0] [cxt 0] Extracting header 'ethernet'
[20:00:22.977] [bmv2] [D] [thread 18017] [12.0] [cxt 0] Parser state 'start': key is 86dd
[20:00:22.977] [bmv2] [T] [thread 18017] [12.0] [cxt 0] Bytes parsed: 14
[20:00:22.977] [bmv2] [D] [thread 18017] [12.0] [cxt 0] Parser 'parser': end
[20:00:22.977] [bmv2] [D] [thread 18017] [12.0] [cxt 0] Pipeline 'ingress': start
[20:00:22.977] [bmv2] [T] [thread 18017] [12.0] [cxt 0] basic.p4(114) Condition "hdr.ipv4.isValid()" (node_2) is false
[20:00:22.977] [bmv2] [D] [thread 18017] [12.0] [cxt 0] Pipeline 'ingress': end
[20:00:22.977] [bmv2] [D] [thread 18017] [12.0] [cxt 0] Egress port is 0
[20:00:22.977] [bmv2] [D] [thread 18018] [10.0] [cxt 0] Pipeline 'egress': start
[20:00:22.977] [bmv2] [D] [thread 18018] [10.0] [cxt 0] Pipeline 'egress': end
[20:00:22.977] [bmv2] [D] [thread 18018] [10.0] [cxt 0] Deparser 'deparser': start
[20:00:22.977] [bmv2] [T] [thread 18018] [10.0] [cxt 0] Skipping checksum 'cksum' update because condition not met
[20:00:22.977] [bmv2] [D] [thread 18018] [10.0] [cxt 0] Deparsing header 'ethernet'
[20:00:22.978] [bmv2] [D] [thread 18018] [10.0] [cxt 0] Deparser 'deparser': end
[20:00:22.978] [bmv2] [D] [thread 18018] [11.0] [cxt 0] Pipeline 'egress': start
[20:00:22.978] [bmv2] [D] [thread 18018] [11.0] [cxt 0] Pipeline 'egress': end
[20:00:22.978] [bmv2] [D] [thread 18018] [11.0] [cxt 0] Deparser 'deparser': start
[20:00:22.978] [bmv2] [T] [thread 18018] [11.0] [cxt 0] Skipping checksum 'cksum' update because condition not met
[20:00:22.978] [bmv2] [D] [thread 18018] [11.0] [cxt 0] Deparsing header 'ethernet'
[20:00:22.978] [bmv2] [D] [thread 18018] [11.0] [cxt 0] Deparser 'deparser': end
[20:00:22.978] [bmv2] [D] [thread 18018] [12.0] [cxt 0] Pipeline 'egress': start
[20:00:22.978] [bmv2] [D] [thread 18018] [12.0] [cxt 0] Pipeline 'egress': end
[20:00:22.978] [bmv2] [D] [thread 18018] [12.0] [cxt 0] Deparser 'deparser': start
[20:00:22.978] [bmv2] [T] [thread 18018] [12.0] [cxt 0] Skipping checksum 'cksum' update because condition not met
[20:00:22.978] [bmv2] [D] [thread 18018] [12.0] [cxt 0] Deparsing header 'ethernet'
[20:00:22.978] [bmv2] [D] [thread 18018] [12.0] [cxt 0] Deparser 'deparser': end
[20:00:22.978] [bmv2] [D] [thread 18022] [10.0] [cxt 0] Transmitting packet of size 90 out of port 0
[20:00:22.978] [bmv2] [D] [thread 18022] [11.0] [cxt 0] Transmitting packet of size 90 out of port 0
[20:00:22.978] [bmv2] [D] [thread 18022] [12.0] [cxt 0] Transmitting packet of size 70 out of port 0
[20:00:23.012] [bmv2] [D] [thread 18017] [13.0] [cxt 0] Processing packet received on port 4
[20:00:23.012] [bmv2] [D] [thread 18017] [13.0] [cxt 0] Parser 'parser': start
[20:00:23.012] [bmv2] [D] [thread 18017] [13.0] [cxt 0] Parser 'parser' entering state 'start'
[20:00:23.012] [bmv2] [D] [thread 18017] [13.0] [cxt 0] Extracting header 'ethernet'
[20:00:23.012] [bmv2] [D] [thread 18017] [13.0] [cxt 0] Parser state 'start': key is 86dd
[20:00:23.012] [bmv2] [T] [thread 18017] [13.0] [cxt 0] Bytes parsed: 14
[20:00:23.012] [bmv2] [D] [thread 18017] [13.0] [cxt 0] Parser 'parser': end
[20:00:23.012] [bmv2] [D] [thread 18017] [13.0] [cxt 0] Pipeline 'ingress': start
[20:00:23.012] [bmv2] [T] [thread 18017] [13.0] [cxt 0] basic.p4(114) Condition "hdr.ipv4.isValid()" (node_2) is false
[20:00:23.012] [bmv2] [D] [thread 18017] [13.0] [cxt 0] Pipeline 'ingress': end
[20:00:23.012] [bmv2] [D] [thread 18017] [13.0] [cxt 0] Egress port is 0
[20:00:23.012] [bmv2] [D] [thread 18018] [13.0] [cxt 0] Pipeline 'egress': start
[20:00:23.012] [bmv2] [D] [thread 18018] [13.0] [cxt 0] Pipeline 'egress': end
[20:00:23.012] [bmv2] [D] [thread 18018] [13.0] [cxt 0] Deparser 'deparser': start
[20:00:23.012] [bmv2] [T] [thread 18018] [13.0] [cxt 0] Skipping checksum 'cksum' update because condition not met
[20:00:23.012] [bmv2] [D] [thread 18018] [13.0] [cxt 0] Deparsing header 'ethernet'
[20:00:23.012] [bmv2] [D] [thread 18018] [13.0] [cxt 0] Deparser 'deparser': end
[20:00:23.012] [bmv2] [D] [thread 18022] [13.0] [cxt 0] Transmitting packet of size 90 out of port 0
[20:00:23.212] [bmv2] [D] [thread 18017] [14.0] [cxt 0] Processing packet received on port 1
[20:00:23.212] [bmv2] [D] [thread 18017] [14.0] [cxt 0] Parser 'parser': start
[20:00:23.212] [bmv2] [D] [thread 18017] [14.0] [cxt 0] Parser 'parser' entering state 'start'
[20:00:23.212] [bmv2] [D] [thread 18017] [14.0] [cxt 0] Extracting header 'ethernet'
[20:00:23.212] [bmv2] [D] [thread 18017] [14.0] [cxt 0] Parser state 'start': key is 86dd
[20:00:23.212] [bmv2] [T] [thread 18017] [14.0] [cxt 0] Bytes parsed: 14
[20:00:23.212] [bmv2] [D] [thread 18017] [14.0] [cxt 0] Parser 'parser': end
[20:00:23.212] [bmv2] [D] [thread 18017] [14.0] [cxt 0] Pipeline 'ingress': start
[20:00:23.212] [bmv2] [T] [thread 18017] [14.0] [cxt 0] basic.p4(114) Condition "hdr.ipv4.isValid()" (node_2) is false
[20:00:23.212] [bmv2] [D] [thread 18017] [14.0] [cxt 0] Pipeline 'ingress': end
[20:00:23.212] [bmv2] [D] [thread 18017] [14.0] [cxt 0] Egress port is 0
[20:00:23.212] [bmv2] [D] [thread 18017] [15.0] [cxt 0] Processing packet received on port 1
[20:00:23.212] [bmv2] [D] [thread 18017] [15.0] [cxt 0] Parser 'parser': start
[20:00:23.212] [bmv2] [D] [thread 18017] [15.0] [cxt 0] Parser 'parser' entering state 'start'
[20:00:23.212] [bmv2] [D] [thread 18017] [15.0] [cxt 0] Extracting header 'ethernet'
[20:00:23.212] [bmv2] [D] [thread 18017] [15.0] [cxt 0] Parser state 'start': key is 86dd
[20:00:23.212] [bmv2] [T] [thread 18017] [15.0] [cxt 0] Bytes parsed: 14
[20:00:23.212] [bmv2] [D] [thread 18017] [15.0] [cxt 0] Parser 'parser': end
[20:00:23.212] [bmv2] [D] [thread 18017] [15.0] [cxt 0] Pipeline 'ingress': start
[20:00:23.212] [bmv2] [T] [thread 18017] [15.0] [cxt 0] basic.p4(114) Condition "hdr.ipv4.isValid()" (node_2) is false
[20:00:23.212] [bmv2] [D] [thread 18017] [15.0] [cxt 0] Pipeline 'ingress': end
[20:00:23.212] [bmv2] [D] [thread 18017] [15.0] [cxt 0] Egress port is 0
[20:00:23.212] [bmv2] [D] [thread 18018] [14.0] [cxt 0] Pipeline 'egress': start
[20:00:23.212] [bmv2] [D] [thread 18018] [14.0] [cxt 0] Pipeline 'egress': end
[20:00:23.212] [bmv2] [D] [thread 18018] [14.0] [cxt 0] Deparser 'deparser': start
[20:00:23.212] [bmv2] [T] [thread 18018] [14.0] [cxt 0] Skipping checksum 'cksum' update because condition not met
[20:00:23.212] [bmv2] [D] [thread 18018] [14.0] [cxt 0] Deparsing header 'ethernet'
[20:00:23.212] [bmv2] [D] [thread 18018] [14.0] [cxt 0] Deparser 'deparser': end
[20:00:23.212] [bmv2] [D] [thread 18018] [15.0] [cxt 0] Pipeline 'egress': start
[20:00:23.212] [bmv2] [D] [thread 18018] [15.0] [cxt 0] Pipeline 'egress': end
[20:00:23.212] [bmv2] [D] [thread 18018] [15.0] [cxt 0] Deparser 'deparser': start
[20:00:23.212] [bmv2] [T] [thread 18018] [15.0] [cxt 0] Skipping checksum 'cksum' update because condition not met
[20:00:23.212] [bmv2] [D] [thread 18018] [15.0] [cxt 0] Deparsing header 'ethernet'
[20:00:23.212] [bmv2] [D] [thread 18018] [15.0] [cxt 0] Deparser 'deparser': end
[20:00:23.212] [bmv2] [D] [thread 18022] [14.0] [cxt 0] Transmitting packet of size 90 out of port 0
[20:00:23.212] [bmv2] [D] [thread 18022] [15.0] [cxt 0] Transmitting packet of size 70 out of port 0
[20:00:23.298] [bmv2] [D] [thread 18017] [16.0] [cxt 0] Processing packet received on port 4
[20:00:23.298] [bmv2] [D] [thread 18017] [16.0] [cxt 0] Parser 'parser': start
[20:00:23.298] [bmv2] [D] [thread 18017] [16.0] [cxt 0] Parser 'parser' entering state 'start'
[20:00:23.298] [bmv2] [D] [thread 18017] [16.0] [cxt 0] Extracting header 'ethernet'
[20:00:23.299] [bmv2] [D] [thread 18017] [16.0] [cxt 0] Parser state 'start': key is 86dd
[20:00:23.299] [bmv2] [T] [thread 18017] [16.0] [cxt 0] Bytes parsed: 14
[20:00:23.299] [bmv2] [D] [thread 18017] [16.0] [cxt 0] Parser 'parser': end
[20:00:23.299] [bmv2] [D] [thread 18017] [16.0] [cxt 0] Pipeline 'ingress': start
[20:00:23.299] [bmv2] [T] [thread 18017] [16.0] [cxt 0] basic.p4(114) Condition "hdr.ipv4.isValid()" (node_2) is false
[20:00:23.299] [bmv2] [D] [thread 18017] [16.0] [cxt 0] Pipeline 'ingress': end
[20:00:23.299] [bmv2] [D] [thread 18017] [16.0] [cxt 0] Egress port is 0
[20:00:23.299] [bmv2] [D] [thread 18017] [17.0] [cxt 0] Processing packet received on port 4
[20:00:23.299] [bmv2] [D] [thread 18017] [17.0] [cxt 0] Parser 'parser': start
[20:00:23.299] [bmv2] [D] [thread 18017] [17.0] [cxt 0] Parser 'parser' entering state 'start'
[20:00:23.299] [bmv2] [D] [thread 18017] [17.0] [cxt 0] Extracting header 'ethernet'
[20:00:23.299] [bmv2] [D] [thread 18017] [17.0] [cxt 0] Parser state 'start': key is 86dd
[20:00:23.299] [bmv2] [T] [thread 18017] [17.0] [cxt 0] Bytes parsed: 14
[20:00:23.299] [bmv2] [D] [thread 18017] [17.0] [cxt 0] Parser 'parser': end
[20:00:23.299] [bmv2] [D] [thread 18017] [17.0] [cxt 0] Pipeline 'ingress': start
[20:00:23.299] [bmv2] [T] [thread 18017] [17.0] [cxt 0] basic.p4(114) Condition "hdr.ipv4.isValid()" (node_2) is false
[20:00:23.299] [bmv2] [D] [thread 18017] [17.0] [cxt 0] Pipeline 'ingress': end
[20:00:23.299] [bmv2] [D] [thread 18017] [17.0] [cxt 0] Egress port is 0
[20:00:23.299] [bmv2] [D] [thread 18018] [16.0] [cxt 0] Pipeline 'egress': start
[20:00:23.299] [bmv2] [D] [thread 18018] [16.0] [cxt 0] Pipeline 'egress': end
[20:00:23.299] [bmv2] [D] [thread 18018] [16.0] [cxt 0] Deparser 'deparser': start
[20:00:23.299] [bmv2] [T] [thread 18018] [16.0] [cxt 0] Skipping checksum 'cksum' update because condition not met
[20:00:23.299] [bmv2] [D] [thread 18018] [16.0] [cxt 0] Deparsing header 'ethernet'
[20:00:23.299] [bmv2] [D] [thread 18018] [16.0] [cxt 0] Deparser 'deparser': end
[20:00:23.299] [bmv2] [D] [thread 18018] [17.0] [cxt 0] Pipeline 'egress': start
[20:00:23.299] [bmv2] [D] [thread 18018] [17.0] [cxt 0] Pipeline 'egress': end
[20:00:23.299] [bmv2] [D] [thread 18018] [17.0] [cxt 0] Deparser 'deparser': start
[20:00:23.299] [bmv2] [T] [thread 18018] [17.0] [cxt 0] Skipping checksum 'cksum' update because condition not met
[20:00:23.299] [bmv2] [D] [thread 18018] [17.0] [cxt 0] Deparsing header 'ethernet'
[20:00:23.299] [bmv2] [D] [thread 18018] [17.0] [cxt 0] Deparser 'deparser': end
[20:00:23.300] [bmv2] [D] [thread 18022] [16.0] [cxt 0] Transmitting packet of size 90 out of port 0
[20:00:23.300] [bmv2] [D] [thread 18022] [17.0] [cxt 0] Transmitting packet of size 70 out of port 0
[20:00:23.810] [bmv2] [D] [thread 18017] [18.0] [cxt 0] Processing packet received on port 2
[20:00:23.810] [bmv2] [D] [thread 18017] [18.0] [cxt 0] Parser 'parser': start
[20:00:23.810] [bmv2] [D] [thread 18017] [18.0] [cxt 0] Parser 'parser' entering state 'start'
[20:00:23.810] [bmv2] [D] [thread 18017] [18.0] [cxt 0] Extracting header 'ethernet'
[20:00:23.810] [bmv2] [D] [thread 18017] [18.0] [cxt 0] Parser state 'start': key is 86dd
[20:00:23.810] [bmv2] [T] [thread 18017] [18.0] [cxt 0] Bytes parsed: 14
[20:00:23.810] [bmv2] [D] [thread 18017] [18.0] [cxt 0] Parser 'parser': end
[20:00:23.810] [bmv2] [D] [thread 18017] [18.0] [cxt 0] Pipeline 'ingress': start
[20:00:23.810] [bmv2] [T] [thread 18017] [18.0] [cxt 0] basic.p4(114) Condition "hdr.ipv4.isValid()" (node_2) is false
[20:00:23.810] [bmv2] [D] [thread 18017] [18.0] [cxt 0] Pipeline 'ingress': end
[20:00:23.810] [bmv2] [D] [thread 18017] [18.0] [cxt 0] Egress port is 0
[20:00:23.810] [bmv2] [D] [thread 18018] [18.0] [cxt 0] Pipeline 'egress': start
[20:00:23.810] [bmv2] [D] [thread 18018] [18.0] [cxt 0] Pipeline 'egress': end
[20:00:23.810] [bmv2] [D] [thread 18018] [18.0] [cxt 0] Deparser 'deparser': start
[20:00:23.810] [bmv2] [T] [thread 18018] [18.0] [cxt 0] Skipping checksum 'cksum' update because condition not met
[20:00:23.810] [bmv2] [D] [thread 18018] [18.0] [cxt 0] Deparsing header 'ethernet'
[20:00:23.810] [bmv2] [D] [thread 18018] [18.0] [cxt 0] Deparser 'deparser': end
[20:00:23.810] [bmv2] [D] [thread 18022] [18.0] [cxt 0] Transmitting packet of size 90 out of port 0
[20:00:23.933] [bmv2] [D] [thread 18017] [19.0] [cxt 0] Processing packet received on port 4
[20:00:23.933] [bmv2] [D] [thread 18017] [19.0] [cxt 0] Parser 'parser': start
[20:00:23.934] [bmv2] [D] [thread 18017] [19.0] [cxt 0] Parser 'parser' entering state 'start'
[20:00:23.934] [bmv2] [D] [thread 18017] [19.0] [cxt 0] Extracting header 'ethernet'
[20:00:23.934] [bmv2] [D] [thread 18017] [19.0] [cxt 0] Parser state 'start': key is 86dd
[20:00:23.934] [bmv2] [T] [thread 18017] [19.0] [cxt 0] Bytes parsed: 14
[20:00:23.934] [bmv2] [D] [thread 18017] [19.0] [cxt 0] Parser 'parser': end
[20:00:23.934] [bmv2] [D] [thread 18017] [19.0] [cxt 0] Pipeline 'ingress': start
[20:00:23.934] [bmv2] [T] [thread 18017] [19.0] [cxt 0] basic.p4(114) Condition "hdr.ipv4.isValid()" (node_2) is false
[20:00:23.934] [bmv2] [D] [thread 18017] [19.0] [cxt 0] Pipeline 'ingress': end
[20:00:23.934] [bmv2] [D] [thread 18017] [19.0] [cxt 0] Egress port is 0
[20:00:23.934] [bmv2] [D] [thread 18018] [19.0] [cxt 0] Pipeline 'egress': start
[20:00:23.934] [bmv2] [D] [thread 18018] [19.0] [cxt 0] Pipeline 'egress': end
[20:00:23.934] [bmv2] [D] [thread 18018] [19.0] [cxt 0] Deparser 'deparser': start
[20:00:23.934] [bmv2] [T] [thread 18018] [19.0] [cxt 0] Skipping checksum 'cksum' update because condition not met
[20:00:23.934] [bmv2] [D] [thread 18018] [19.0] [cxt 0] Deparsing header 'ethernet'
[20:00:23.934] [bmv2] [D] [thread 18018] [19.0] [cxt 0] Deparser 'deparser': end
[20:00:23.934] [bmv2] [D] [thread 18022] [19.0] [cxt 0] Transmitting packet of size 90 out of port 0
[20:00:24.158] [bmv2] [D] [thread 18017] [20.0] [cxt 0] Processing packet received on port 1
[20:00:24.158] [bmv2] [D] [thread 18017] [20.0] [cxt 0] Parser 'parser': start
[20:00:24.158] [bmv2] [D] [thread 18017] [20.0] [cxt 0] Parser 'parser' entering state 'start'
[20:00:24.158] [bmv2] [D] [thread 18017] [20.0] [cxt 0] Extracting header 'ethernet'
[20:00:24.158] [bmv2] [D] [thread 18017] [20.0] [cxt 0] Parser state 'start': key is 86dd
[20:00:24.158] [bmv2] [T] [thread 18017] [20.0] [cxt 0] Bytes parsed: 14
[20:00:24.158] [bmv2] [D] [thread 18017] [20.0] [cxt 0] Parser 'parser': end
[20:00:24.158] [bmv2] [D] [thread 18017] [20.0] [cxt 0] Pipeline 'ingress': start
[20:00:24.158] [bmv2] [T] [thread 18017] [20.0] [cxt 0] basic.p4(114) Condition "hdr.ipv4.isValid()" (node_2) is false
[20:00:24.158] [bmv2] [D] [thread 18017] [20.0] [cxt 0] Pipeline 'ingress': end
[20:00:24.158] [bmv2] [D] [thread 18017] [20.0] [cxt 0] Egress port is 0
[20:00:24.158] [bmv2] [D] [thread 18018] [20.0] [cxt 0] Pipeline 'egress': start
[20:00:24.158] [bmv2] [D] [thread 18018] [20.0] [cxt 0] Pipeline 'egress': end
[20:00:24.158] [bmv2] [D] [thread 18018] [20.0] [cxt 0] Deparser 'deparser': start
[20:00:24.158] [bmv2] [T] [thread 18018] [20.0] [cxt 0] Skipping checksum 'cksum' update because condition not met
[20:00:24.158] [bmv2] [D] [thread 18018] [20.0] [cxt 0] Deparsing header 'ethernet'
[20:00:24.158] [bmv2] [D] [thread 18018] [20.0] [cxt 0] Deparser 'deparser': end
[20:00:24.158] [bmv2] [D] [thread 18022] [20.0] [cxt 0] Transmitting packet of size 90 out of port 0
[20:00:24.875] [bmv2] [W] [thread 18081] [P4Runtime] p4::tmp::P4DeviceConfig is deprecated
[20:00:24.877] [bmv2] [D] [thread 18081] Set default default entry for table 'MyIngress.ipv4_lpm': MyIngress.drop - 
[20:00:24.878] [bmv2] [D] [thread 18081] simple_switch target has been notified of a config swap
[20:00:24.881] [bmv2] [D] [thread 18082] Set default entry for table 'MyIngress.ipv4_lpm': MyIngress.drop - 
[20:00:24.884] [bmv2] [D] [thread 18081] Entry 0 added to table 'MyIngress.ipv4_lpm'
[20:00:24.884] [bmv2] [D] [thread 18081] Dumping entry 0
Match key:
* hdr.ipv4.dstAddr    : LPM       0a000101/32
Action entry: MyIngress.ipv4_forward - 80000000300,4,

[20:00:24.886] [bmv2] [D] [thread 18082] Entry 1 added to table 'MyIngress.ipv4_lpm'
[20:00:24.886] [bmv2] [D] [thread 18082] Dumping entry 1
Match key:
* hdr.ipv4.dstAddr    : LPM       0a000202/32
Action entry: MyIngress.ipv4_forward - 80000000400,3,

[20:00:24.891] [bmv2] [D] [thread 18082] Entry 2 added to table 'MyIngress.ipv4_lpm'
[20:00:24.891] [bmv2] [D] [thread 18082] Dumping entry 2
Match key:
* hdr.ipv4.dstAddr    : LPM       0a000303/32
Action entry: MyIngress.ipv4_forward - 80000000333,1,

[20:00:24.895] [bmv2] [D] [thread 18082] Entry 3 added to table 'MyIngress.ipv4_lpm'
[20:00:24.895] [bmv2] [D] [thread 18082] Dumping entry 3
Match key:
* hdr.ipv4.dstAddr    : LPM       0a000404/32
Action entry: MyIngress.ipv4_forward - 80000000444,2,

[20:00:26.590] [bmv2] [D] [thread 18017] [21.0] [cxt 0] Processing packet received on port 3
[20:00:26.590] [bmv2] [D] [thread 18017] [21.0] [cxt 0] Parser 'parser': start
[20:00:26.590] [bmv2] [D] [thread 18017] [21.0] [cxt 0] Parser 'parser' entering state 'start'
[20:00:26.590] [bmv2] [D] [thread 18017] [21.0] [cxt 0] Extracting header 'ethernet'
[20:00:26.590] [bmv2] [D] [thread 18017] [21.0] [cxt 0] Parser state 'start': key is 86dd
[20:00:26.590] [bmv2] [T] [thread 18017] [21.0] [cxt 0] Bytes parsed: 14
[20:00:26.590] [bmv2] [D] [thread 18017] [21.0] [cxt 0] Parser 'parser': end
[20:00:26.590] [bmv2] [D] [thread 18017] [21.0] [cxt 0] Pipeline 'ingress': start
[20:00:26.590] [bmv2] [T] [thread 18017] [21.0] [cxt 0] basic.p4(114) Condition "hdr.ipv4.isValid()" (node_2) is false
[20:00:26.590] [bmv2] [D] [thread 18017] [21.0] [cxt 0] Pipeline 'ingress': end
[20:00:26.590] [bmv2] [D] [thread 18017] [21.0] [cxt 0] Egress port is 0
[20:00:26.590] [bmv2] [D] [thread 18018] [21.0] [cxt 0] Pipeline 'egress': start
[20:00:26.590] [bmv2] [D] [thread 18018] [21.0] [cxt 0] Pipeline 'egress': end
[20:00:26.590] [bmv2] [D] [thread 18018] [21.0] [cxt 0] Deparser 'deparser': start
[20:00:26.590] [bmv2] [T] [thread 18018] [21.0] [cxt 0] Skipping checksum 'cksum' update because condition not met
[20:00:26.590] [bmv2] [D] [thread 18018] [21.0] [cxt 0] Deparsing header 'ethernet'
[20:00:26.590] [bmv2] [D] [thread 18018] [21.0] [cxt 0] Deparser 'deparser': end
[20:00:26.590] [bmv2] [D] [thread 18022] [21.0] [cxt 0] Transmitting packet of size 70 out of port 0
[20:00:26.846] [bmv2] [D] [thread 18017] [22.0] [cxt 0] Processing packet received on port 3
[20:00:26.846] [bmv2] [D] [thread 18017] [22.0] [cxt 0] Parser 'parser': start
[20:00:26.846] [bmv2] [D] [thread 18017] [22.0] [cxt 0] Parser 'parser' entering state 'start'
[20:00:26.846] [bmv2] [D] [thread 18017] [22.0] [cxt 0] Extracting header 'ethernet'
[20:00:26.846] [bmv2] [D] [thread 18017] [22.0] [cxt 0] Parser state 'start': key is 86dd
[20:00:26.846] [bmv2] [T] [thread 18017] [22.0] [cxt 0] Bytes parsed: 14
[20:00:26.846] [bmv2] [D] [thread 18017] [22.0] [cxt 0] Parser 'parser': end
[20:00:26.846] [bmv2] [D] [thread 18017] [22.0] [cxt 0] Pipeline 'ingress': start
[20:00:26.846] [bmv2] [T] [thread 18017] [22.0] [cxt 0] basic.p4(114) Condition "hdr.ipv4.isValid()" (node_2) is false
[20:00:26.846] [bmv2] [D] [thread 18017] [22.0] [cxt 0] Pipeline 'ingress': end
[20:00:26.846] [bmv2] [D] [thread 18017] [22.0] [cxt 0] Egress port is 0
[20:00:26.847] [bmv2] [D] [thread 18017] [23.0] [cxt 0] Processing packet received on port 4
[20:00:26.847] [bmv2] [D] [thread 18017] [23.0] [cxt 0] Parser 'parser': start
[20:00:26.847] [bmv2] [D] [thread 18017] [23.0] [cxt 0] Parser 'parser' entering state 'start'
[20:00:26.847] [bmv2] [D] [thread 18017] [23.0] [cxt 0] Extracting header 'ethernet'
[20:00:26.847] [bmv2] [D] [thread 18017] [23.0] [cxt 0] Parser state 'start': key is 86dd
[20:00:26.847] [bmv2] [T] [thread 18017] [23.0] [cxt 0] Bytes parsed: 14
[20:00:26.847] [bmv2] [D] [thread 18017] [23.0] [cxt 0] Parser 'parser': end
[20:00:26.847] [bmv2] [D] [thread 18017] [23.0] [cxt 0] Pipeline 'ingress': start
[20:00:26.847] [bmv2] [T] [thread 18017] [23.0] [cxt 0] basic.p4(114) Condition "hdr.ipv4.isValid()" (node_2) is false
[20:00:26.847] [bmv2] [D] [thread 18017] [23.0] [cxt 0] Pipeline 'ingress': end
[20:00:26.847] [bmv2] [D] [thread 18017] [23.0] [cxt 0] Egress port is 0
[20:00:26.847] [bmv2] [D] [thread 18018] [22.0] [cxt 0] Pipeline 'egress': start
[20:00:26.847] [bmv2] [D] [thread 18018] [22.0] [cxt 0] Pipeline 'egress': end
[20:00:26.847] [bmv2] [D] [thread 18018] [22.0] [cxt 0] Deparser 'deparser': start
[20:00:26.847] [bmv2] [T] [thread 18018] [22.0] [cxt 0] Skipping checksum 'cksum' update because condition not met
[20:00:26.847] [bmv2] [D] [thread 18018] [22.0] [cxt 0] Deparsing header 'ethernet'
[20:00:26.847] [bmv2] [D] [thread 18018] [22.0] [cxt 0] Deparser 'deparser': end
[20:00:26.847] [bmv2] [D] [thread 18018] [23.0] [cxt 0] Pipeline 'egress': start
[20:00:26.847] [bmv2] [D] [thread 18018] [23.0] [cxt 0] Pipeline 'egress': end
[20:00:26.847] [bmv2] [D] [thread 18018] [23.0] [cxt 0] Deparser 'deparser': start
[20:00:26.847] [bmv2] [T] [thread 18018] [23.0] [cxt 0] Skipping checksum 'cksum' update because condition not met
[20:00:26.847] [bmv2] [D] [thread 18018] [23.0] [cxt 0] Deparsing header 'ethernet'
[20:00:26.847] [bmv2] [D] [thread 18018] [23.0] [cxt 0] Deparser 'deparser': end
[20:00:26.847] [bmv2] [D] [thread 18022] [22.0] [cxt 0] Transmitting packet of size 70 out of port 0
[20:00:26.848] [bmv2] [D] [thread 18022] [23.0] [cxt 0] Transmitting packet of size 70 out of port 0
[20:00:27.358] [bmv2] [D] [thread 18017] [24.0] [cxt 0] Processing packet received on port 2
[20:00:27.358] [bmv2] [D] [thread 18017] [24.0] [cxt 0] Parser 'parser': start
[20:00:27.358] [bmv2] [D] [thread 18017] [24.0] [cxt 0] Parser 'parser' entering state 'start'
[20:00:27.358] [bmv2] [D] [thread 18017] [24.0] [cxt 0] Extracting header 'ethernet'
[20:00:27.358] [bmv2] [D] [thread 18017] [24.0] [cxt 0] Parser state 'start': key is 86dd
[20:00:27.358] [bmv2] [T] [thread 18017] [24.0] [cxt 0] Bytes parsed: 14
[20:00:27.358] [bmv2] [D] [thread 18017] [24.0] [cxt 0] Parser 'parser': end
[20:00:27.358] [bmv2] [D] [thread 18017] [24.0] [cxt 0] Pipeline 'ingress': start
[20:00:27.358] [bmv2] [T] [thread 18017] [24.0] [cxt 0] basic.p4(114) Condition "hdr.ipv4.isValid()" (node_2) is false
[20:00:27.358] [bmv2] [D] [thread 18017] [24.0] [cxt 0] Pipeline 'ingress': end
[20:00:27.358] [bmv2] [D] [thread 18017] [24.0] [cxt 0] Egress port is 0
[20:00:27.358] [bmv2] [D] [thread 18018] [24.0] [cxt 0] Pipeline 'egress': start
[20:00:27.358] [bmv2] [D] [thread 18018] [24.0] [cxt 0] Pipeline 'egress': end
[20:00:27.358] [bmv2] [D] [thread 18018] [24.0] [cxt 0] Deparser 'deparser': start
[20:00:27.358] [bmv2] [T] [thread 18018] [24.0] [cxt 0] Skipping checksum 'cksum' update because condition not met
[20:00:27.358] [bmv2] [D] [thread 18018] [24.0] [cxt 0] Deparsing header 'ethernet'
[20:00:27.358] [bmv2] [D] [thread 18018] [24.0] [cxt 0] Deparser 'deparser': end
[20:00:27.358] [bmv2] [D] [thread 18022] [24.0] [cxt 0] Transmitting packet of size 70 out of port 0
[20:00:27.616] [bmv2] [D] [thread 18017] [25.0] [cxt 0] Processing packet received on port 4
[20:00:27.616] [bmv2] [D] [thread 18017] [25.0] [cxt 0] Parser 'parser': start
[20:00:27.616] [bmv2] [D] [thread 18017] [25.0] [cxt 0] Parser 'parser' entering state 'start'
[20:00:27.616] [bmv2] [D] [thread 18017] [25.0] [cxt 0] Extracting header 'ethernet'
[20:00:27.616] [bmv2] [D] [thread 18017] [25.0] [cxt 0] Parser state 'start': key is 86dd
[20:00:27.616] [bmv2] [T] [thread 18017] [25.0] [cxt 0] Bytes parsed: 14
[20:00:27.616] [bmv2] [D] [thread 18017] [25.0] [cxt 0] Parser 'parser': end
[20:00:27.616] [bmv2] [D] [thread 18017] [25.0] [cxt 0] Pipeline 'ingress': start
[20:00:27.616] [bmv2] [T] [thread 18017] [25.0] [cxt 0] basic.p4(114) Condition "hdr.ipv4.isValid()" (node_2) is false
[20:00:27.616] [bmv2] [D] [thread 18017] [25.0] [cxt 0] Pipeline 'ingress': end
[20:00:27.616] [bmv2] [D] [thread 18017] [25.0] [cxt 0] Egress port is 0
[20:00:27.617] [bmv2] [D] [thread 18018] [25.0] [cxt 0] Pipeline 'egress': start
[20:00:27.617] [bmv2] [D] [thread 18018] [25.0] [cxt 0] Pipeline 'egress': end
[20:00:27.617] [bmv2] [D] [thread 18018] [25.0] [cxt 0] Deparser 'deparser': start
[20:00:27.617] [bmv2] [T] [thread 18018] [25.0] [cxt 0] Skipping checksum 'cksum' update because condition not met
[20:00:27.617] [bmv2] [D] [thread 18018] [25.0] [cxt 0] Deparsing header 'ethernet'
[20:00:27.617] [bmv2] [D] [thread 18018] [25.0] [cxt 0] Deparser 'deparser': end
[20:00:27.617] [bmv2] [D] [thread 18022] [25.0] [cxt 0] Transmitting packet of size 70 out of port 0
[20:00:27.617] [bmv2] [D] [thread 18017] [26.0] [cxt 0] Processing packet received on port 1
[20:00:27.617] [bmv2] [D] [thread 18017] [26.0] [cxt 0] Parser 'parser': start
[20:00:27.617] [bmv2] [D] [thread 18017] [26.0] [cxt 0] Parser 'parser' entering state 'start'
[20:00:27.617] [bmv2] [D] [thread 18017] [26.0] [cxt 0] Extracting header 'ethernet'
[20:00:27.617] [bmv2] [D] [thread 18017] [26.0] [cxt 0] Parser state 'start': key is 86dd
[20:00:27.617] [bmv2] [T] [thread 18017] [26.0] [cxt 0] Bytes parsed: 14
[20:00:27.617] [bmv2] [D] [thread 18017] [26.0] [cxt 0] Parser 'parser': end
[20:00:27.618] [bmv2] [D] [thread 18017] [26.0] [cxt 0] Pipeline 'ingress': start
[20:00:27.618] [bmv2] [T] [thread 18017] [26.0] [cxt 0] basic.p4(114) Condition "hdr.ipv4.isValid()" (node_2) is false
[20:00:27.618] [bmv2] [D] [thread 18017] [26.0] [cxt 0] Pipeline 'ingress': end
[20:00:27.618] [bmv2] [D] [thread 18017] [26.0] [cxt 0] Egress port is 0
[20:00:27.618] [bmv2] [D] [thread 18018] [26.0] [cxt 0] Pipeline 'egress': start
[20:00:27.618] [bmv2] [D] [thread 18018] [26.0] [cxt 0] Pipeline 'egress': end
[20:00:27.618] [bmv2] [D] [thread 18018] [26.0] [cxt 0] Deparser 'deparser': start
[20:00:27.618] [bmv2] [T] [thread 18018] [26.0] [cxt 0] Skipping checksum 'cksum' update because condition not met
[20:00:27.618] [bmv2] [D] [thread 18018] [26.0] [cxt 0] Deparsing header 'ethernet'
[20:00:27.618] [bmv2] [D] [thread 18018] [26.0] [cxt 0] Deparser 'deparser': end
[20:00:27.618] [bmv2] [D] [thread 18022] [26.0] [cxt 0] Transmitting packet of size 70 out of port 0
[20:00:34.782] [bmv2] [D] [thread 18017] [27.0] [cxt 0] Processing packet received on port 3
[20:00:34.782] [bmv2] [D] [thread 18017] [27.0] [cxt 0] Parser 'parser': start
[20:00:34.782] [bmv2] [D] [thread 18017] [27.0] [cxt 0] Parser 'parser' entering state 'start'
[20:00:34.782] [bmv2] [D] [thread 18017] [27.0] [cxt 0] Extracting header 'ethernet'
[20:00:34.782] [bmv2] [D] [thread 18017] [27.0] [cxt 0] Parser state 'start': key is 86dd
[20:00:34.782] [bmv2] [T] [thread 18017] [27.0] [cxt 0] Bytes parsed: 14
[20:00:34.782] [bmv2] [D] [thread 18017] [27.0] [cxt 0] Parser 'parser': end
[20:00:34.782] [bmv2] [D] [thread 18017] [27.0] [cxt 0] Pipeline 'ingress': start
[20:00:34.782] [bmv2] [T] [thread 18017] [27.0] [cxt 0] basic.p4(114) Condition "hdr.ipv4.isValid()" (node_2) is false
[20:00:34.782] [bmv2] [D] [thread 18017] [27.0] [cxt 0] Pipeline 'ingress': end
[20:00:34.782] [bmv2] [D] [thread 18017] [27.0] [cxt 0] Egress port is 0
[20:00:34.782] [bmv2] [D] [thread 18018] [27.0] [cxt 0] Pipeline 'egress': start
[20:00:34.782] [bmv2] [D] [thread 18018] [27.0] [cxt 0] Pipeline 'egress': end
[20:00:34.782] [bmv2] [D] [thread 18018] [27.0] [cxt 0] Deparser 'deparser': start
[20:00:34.782] [bmv2] [T] [thread 18018] [27.0] [cxt 0] Skipping checksum 'cksum' update because condition not met
[20:00:34.782] [bmv2] [D] [thread 18018] [27.0] [cxt 0] Deparsing header 'ethernet'
[20:00:34.782] [bmv2] [D] [thread 18018] [27.0] [cxt 0] Deparser 'deparser': end
[20:00:34.782] [bmv2] [D] [thread 18022] [27.0] [cxt 0] Transmitting packet of size 70 out of port 0
[20:00:35.044] [bmv2] [D] [thread 18017] [28.0] [cxt 0] Processing packet received on port 3
[20:00:35.044] [bmv2] [D] [thread 18017] [28.0] [cxt 0] Parser 'parser': start
[20:00:35.044] [bmv2] [D] [thread 18017] [28.0] [cxt 0] Parser 'parser' entering state 'start'
[20:00:35.044] [bmv2] [D] [thread 18017] [28.0] [cxt 0] Extracting header 'ethernet'
[20:00:35.044] [bmv2] [D] [thread 18017] [28.0] [cxt 0] Parser state 'start': key is 86dd
[20:00:35.044] [bmv2] [T] [thread 18017] [28.0] [cxt 0] Bytes parsed: 14
[20:00:35.044] [bmv2] [D] [thread 18017] [28.0] [cxt 0] Parser 'parser': end
[20:00:35.044] [bmv2] [D] [thread 18017] [28.0] [cxt 0] Pipeline 'ingress': start
[20:00:35.044] [bmv2] [T] [thread 18017] [28.0] [cxt 0] basic.p4(114) Condition "hdr.ipv4.isValid()" (node_2) is false
[20:00:35.044] [bmv2] [D] [thread 18017] [28.0] [cxt 0] Pipeline 'ingress': end
[20:00:35.044] [bmv2] [D] [thread 18017] [28.0] [cxt 0] Egress port is 0
[20:00:35.044] [bmv2] [D] [thread 18017] [29.0] [cxt 0] Processing packet received on port 4
[20:00:35.044] [bmv2] [D] [thread 18017] [29.0] [cxt 0] Parser 'parser': start
[20:00:35.044] [bmv2] [D] [thread 18017] [29.0] [cxt 0] Parser 'parser' entering state 'start'
[20:00:35.044] [bmv2] [D] [thread 18017] [29.0] [cxt 0] Extracting header 'ethernet'
[20:00:35.044] [bmv2] [D] [thread 18017] [29.0] [cxt 0] Parser state 'start': key is 86dd
[20:00:35.044] [bmv2] [T] [thread 18017] [29.0] [cxt 0] Bytes parsed: 14
[20:00:35.044] [bmv2] [D] [thread 18017] [29.0] [cxt 0] Parser 'parser': end
[20:00:35.044] [bmv2] [D] [thread 18017] [29.0] [cxt 0] Pipeline 'ingress': start
[20:00:35.044] [bmv2] [T] [thread 18017] [29.0] [cxt 0] basic.p4(114) Condition "hdr.ipv4.isValid()" (node_2) is false
[20:00:35.044] [bmv2] [D] [thread 18017] [29.0] [cxt 0] Pipeline 'ingress': end
[20:00:35.044] [bmv2] [D] [thread 18017] [29.0] [cxt 0] Egress port is 0
[20:00:35.044] [bmv2] [D] [thread 18018] [28.0] [cxt 0] Pipeline 'egress': start
[20:00:35.044] [bmv2] [D] [thread 18018] [28.0] [cxt 0] Pipeline 'egress': end
[20:00:35.044] [bmv2] [D] [thread 18018] [28.0] [cxt 0] Deparser 'deparser': start
[20:00:35.044] [bmv2] [T] [thread 18018] [28.0] [cxt 0] Skipping checksum 'cksum' update because condition not met
[20:00:35.044] [bmv2] [D] [thread 18018] [28.0] [cxt 0] Deparsing header 'ethernet'
[20:00:35.044] [bmv2] [D] [thread 18018] [28.0] [cxt 0] Deparser 'deparser': end
[20:00:35.044] [bmv2] [D] [thread 18018] [29.0] [cxt 0] Pipeline 'egress': start
[20:00:35.044] [bmv2] [D] [thread 18018] [29.0] [cxt 0] Pipeline 'egress': end
[20:00:35.044] [bmv2] [D] [thread 18018] [29.0] [cxt 0] Deparser 'deparser': start
[20:00:35.044] [bmv2] [T] [thread 18018] [29.0] [cxt 0] Skipping checksum 'cksum' update because condition not met
[20:00:35.044] [bmv2] [D] [thread 18018] [29.0] [cxt 0] Deparsing header 'ethernet'
[20:00:35.044] [bmv2] [D] [thread 18018] [29.0] [cxt 0] Deparser 'deparser': end
[20:00:35.044] [bmv2] [D] [thread 18022] [28.0] [cxt 0] Transmitting packet of size 70 out of port 0
[20:00:35.044] [bmv2] [D] [thread 18022] [29.0] [cxt 0] Transmitting packet of size 70 out of port 0
[20:00:36.062] [bmv2] [D] [thread 18017] [30.0] [cxt 0] Processing packet received on port 1
[20:00:36.062] [bmv2] [D] [thread 18017] [30.0] [cxt 0] Parser 'parser': start
[20:00:36.062] [bmv2] [D] [thread 18017] [30.0] [cxt 0] Parser 'parser' entering state 'start'
[20:00:36.062] [bmv2] [D] [thread 18017] [30.0] [cxt 0] Extracting header 'ethernet'
[20:00:36.062] [bmv2] [D] [thread 18017] [30.0] [cxt 0] Parser state 'start': key is 86dd
[20:00:36.062] [bmv2] [T] [thread 18017] [30.0] [cxt 0] Bytes parsed: 14
[20:00:36.062] [bmv2] [D] [thread 18017] [30.0] [cxt 0] Parser 'parser': end
[20:00:36.062] [bmv2] [D] [thread 18017] [30.0] [cxt 0] Pipeline 'ingress': start
[20:00:36.062] [bmv2] [T] [thread 18017] [30.0] [cxt 0] basic.p4(114) Condition "hdr.ipv4.isValid()" (node_2) is false
[20:00:36.062] [bmv2] [D] [thread 18017] [30.0] [cxt 0] Pipeline 'ingress': end
[20:00:36.062] [bmv2] [D] [thread 18017] [30.0] [cxt 0] Egress port is 0
[20:00:36.062] [bmv2] [D] [thread 18017] [31.0] [cxt 0] Processing packet received on port 2
[20:00:36.062] [bmv2] [D] [thread 18017] [31.0] [cxt 0] Parser 'parser': start
[20:00:36.062] [bmv2] [D] [thread 18017] [31.0] [cxt 0] Parser 'parser' entering state 'start'
[20:00:36.062] [bmv2] [D] [thread 18017] [31.0] [cxt 0] Extracting header 'ethernet'
[20:00:36.062] [bmv2] [D] [thread 18017] [31.0] [cxt 0] Parser state 'start': key is 86dd
[20:00:36.062] [bmv2] [T] [thread 18017] [31.0] [cxt 0] Bytes parsed: 14
[20:00:36.062] [bmv2] [D] [thread 18017] [31.0] [cxt 0] Parser 'parser': end
[20:00:36.062] [bmv2] [D] [thread 18017] [31.0] [cxt 0] Pipeline 'ingress': start
[20:00:36.062] [bmv2] [T] [thread 18017] [31.0] [cxt 0] basic.p4(114) Condition "hdr.ipv4.isValid()" (node_2) is false
[20:00:36.062] [bmv2] [D] [thread 18017] [31.0] [cxt 0] Pipeline 'ingress': end
[20:00:36.062] [bmv2] [D] [thread 18017] [31.0] [cxt 0] Egress port is 0
[20:00:36.062] [bmv2] [D] [thread 18018] [30.0] [cxt 0] Pipeline 'egress': start
[20:00:36.062] [bmv2] [D] [thread 18018] [30.0] [cxt 0] Pipeline 'egress': end
[20:00:36.062] [bmv2] [D] [thread 18018] [30.0] [cxt 0] Deparser 'deparser': start
[20:00:36.062] [bmv2] [T] [thread 18018] [30.0] [cxt 0] Skipping checksum 'cksum' update because condition not met
[20:00:36.062] [bmv2] [D] [thread 18018] [30.0] [cxt 0] Deparsing header 'ethernet'
[20:00:36.062] [bmv2] [D] [thread 18018] [30.0] [cxt 0] Deparser 'deparser': end
[20:00:36.062] [bmv2] [D] [thread 18018] [31.0] [cxt 0] Pipeline 'egress': start
[20:00:36.062] [bmv2] [D] [thread 18018] [31.0] [cxt 0] Pipeline 'egress': end
[20:00:36.062] [bmv2] [D] [thread 18018] [31.0] [cxt 0] Deparser 'deparser': start
[20:00:36.062] [bmv2] [T] [thread 18018] [31.0] [cxt 0] Skipping checksum 'cksum' update because condition not met
[20:00:36.062] [bmv2] [D] [thread 18018] [31.0] [cxt 0] Deparsing header 'ethernet'
[20:00:36.062] [bmv2] [D] [thread 18018] [31.0] [cxt 0] Deparser 'deparser': end
[20:00:36.062] [bmv2] [D] [thread 18022] [30.0] [cxt 0] Transmitting packet of size 70 out of port 0
[20:00:36.062] [bmv2] [D] [thread 18022] [31.0] [cxt 0] Transmitting packet of size 70 out of port 0
[20:00:36.830] [bmv2] [D] [thread 18017] [32.0] [cxt 0] Processing packet received on port 4
[20:00:36.830] [bmv2] [D] [thread 18017] [32.0] [cxt 0] Parser 'parser': start
[20:00:36.830] [bmv2] [D] [thread 18017] [32.0] [cxt 0] Parser 'parser' entering state 'start'
[20:00:36.830] [bmv2] [D] [thread 18017] [32.0] [cxt 0] Extracting header 'ethernet'
[20:00:36.830] [bmv2] [D] [thread 18017] [32.0] [cxt 0] Parser state 'start': key is 86dd
[20:00:36.830] [bmv2] [T] [thread 18017] [32.0] [cxt 0] Bytes parsed: 14
[20:00:36.830] [bmv2] [D] [thread 18017] [32.0] [cxt 0] Parser 'parser': end
[20:00:36.830] [bmv2] [D] [thread 18017] [32.0] [cxt 0] Pipeline 'ingress': start
[20:00:36.830] [bmv2] [T] [thread 18017] [32.0] [cxt 0] basic.p4(114) Condition "hdr.ipv4.isValid()" (node_2) is false
[20:00:36.830] [bmv2] [D] [thread 18017] [32.0] [cxt 0] Pipeline 'ingress': end
[20:00:36.830] [bmv2] [D] [thread 18017] [32.0] [cxt 0] Egress port is 0
[20:00:36.830] [bmv2] [D] [thread 18018] [32.0] [cxt 0] Pipeline 'egress': start
[20:00:36.830] [bmv2] [D] [thread 18018] [32.0] [cxt 0] Pipeline 'egress': end
[20:00:36.830] [bmv2] [D] [thread 18018] [32.0] [cxt 0] Deparser 'deparser': start
[20:00:36.830] [bmv2] [T] [thread 18018] [32.0] [cxt 0] Skipping checksum 'cksum' update because condition not met
[20:00:36.830] [bmv2] [D] [thread 18018] [32.0] [cxt 0] Deparsing header 'ethernet'
[20:00:36.830] [bmv2] [D] [thread 18018] [32.0] [cxt 0] Deparser 'deparser': end
[20:00:36.830] [bmv2] [D] [thread 18022] [32.0] [cxt 0] Transmitting packet of size 70 out of port 0
[20:00:53.214] [bmv2] [D] [thread 18017] [33.0] [cxt 0] Processing packet received on port 1
[20:00:53.214] [bmv2] [D] [thread 18017] [33.0] [cxt 0] Parser 'parser': start
[20:00:53.214] [bmv2] [D] [thread 18017] [33.0] [cxt 0] Parser 'parser' entering state 'start'
[20:00:53.214] [bmv2] [D] [thread 18017] [33.0] [cxt 0] Extracting header 'ethernet'
[20:00:53.214] [bmv2] [D] [thread 18017] [33.0] [cxt 0] Parser state 'start': key is 86dd
[20:00:53.214] [bmv2] [T] [thread 18017] [33.0] [cxt 0] Bytes parsed: 14
[20:00:53.214] [bmv2] [D] [thread 18017] [33.0] [cxt 0] Parser 'parser': end
[20:00:53.214] [bmv2] [D] [thread 18017] [33.0] [cxt 0] Pipeline 'ingress': start
[20:00:53.214] [bmv2] [T] [thread 18017] [33.0] [cxt 0] basic.p4(114) Condition "hdr.ipv4.isValid()" (node_2) is false
[20:00:53.214] [bmv2] [D] [thread 18017] [33.0] [cxt 0] Pipeline 'ingress': end
[20:00:53.214] [bmv2] [D] [thread 18017] [33.0] [cxt 0] Egress port is 0
[20:00:53.214] [bmv2] [D] [thread 18017] [34.0] [cxt 0] Processing packet received on port 3
[20:00:53.214] [bmv2] [D] [thread 18017] [34.0] [cxt 0] Parser 'parser': start
[20:00:53.214] [bmv2] [D] [thread 18017] [34.0] [cxt 0] Parser 'parser' entering state 'start'
[20:00:53.214] [bmv2] [D] [thread 18017] [34.0] [cxt 0] Extracting header 'ethernet'
[20:00:53.214] [bmv2] [D] [thread 18017] [34.0] [cxt 0] Parser state 'start': key is 86dd
[20:00:53.214] [bmv2] [T] [thread 18017] [34.0] [cxt 0] Bytes parsed: 14
[20:00:53.214] [bmv2] [D] [thread 18017] [34.0] [cxt 0] Parser 'parser': end
[20:00:53.214] [bmv2] [D] [thread 18017] [34.0] [cxt 0] Pipeline 'ingress': start
[20:00:53.214] [bmv2] [T] [thread 18017] [34.0] [cxt 0] basic.p4(114) Condition "hdr.ipv4.isValid()" (node_2) is false
[20:00:53.214] [bmv2] [D] [thread 18017] [34.0] [cxt 0] Pipeline 'ingress': end
[20:00:53.214] [bmv2] [D] [thread 18017] [34.0] [cxt 0] Egress port is 0
[20:00:53.214] [bmv2] [D] [thread 18017] [35.0] [cxt 0] Processing packet received on port 4
[20:00:53.214] [bmv2] [D] [thread 18017] [35.0] [cxt 0] Parser 'parser': start
[20:00:53.214] [bmv2] [D] [thread 18017] [35.0] [cxt 0] Parser 'parser' entering state 'start'
[20:00:53.214] [bmv2] [D] [thread 18017] [35.0] [cxt 0] Extracting header 'ethernet'
[20:00:53.214] [bmv2] [D] [thread 18017] [35.0] [cxt 0] Parser state 'start': key is 86dd
[20:00:53.214] [bmv2] [T] [thread 18017] [35.0] [cxt 0] Bytes parsed: 14
[20:00:53.214] [bmv2] [D] [thread 18017] [35.0] [cxt 0] Parser 'parser': end
[20:00:53.214] [bmv2] [D] [thread 18017] [35.0] [cxt 0] Pipeline 'ingress': start
[20:00:53.214] [bmv2] [T] [thread 18017] [35.0] [cxt 0] basic.p4(114) Condition "hdr.ipv4.isValid()" (node_2) is false
[20:00:53.214] [bmv2] [D] [thread 18017] [35.0] [cxt 0] Pipeline 'ingress': end
[20:00:53.214] [bmv2] [D] [thread 18017] [35.0] [cxt 0] Egress port is 0
[20:00:53.214] [bmv2] [D] [thread 18017] [36.0] [cxt 0] Processing packet received on port 3
[20:00:53.214] [bmv2] [D] [thread 18017] [36.0] [cxt 0] Parser 'parser': start
[20:00:53.214] [bmv2] [D] [thread 18017] [36.0] [cxt 0] Parser 'parser' entering state 'start'
[20:00:53.214] [bmv2] [D] [thread 18017] [36.0] [cxt 0] Extracting header 'ethernet'
[20:00:53.214] [bmv2] [D] [thread 18017] [36.0] [cxt 0] Parser state 'start': key is 86dd
[20:00:53.214] [bmv2] [T] [thread 18017] [36.0] [cxt 0] Bytes parsed: 14
[20:00:53.214] [bmv2] [D] [thread 18017] [36.0] [cxt 0] Parser 'parser': end
[20:00:53.214] [bmv2] [D] [thread 18017] [36.0] [cxt 0] Pipeline 'ingress': start
[20:00:53.214] [bmv2] [T] [thread 18017] [36.0] [cxt 0] basic.p4(114) Condition "hdr.ipv4.isValid()" (node_2) is false
[20:00:53.214] [bmv2] [D] [thread 18017] [36.0] [cxt 0] Pipeline 'ingress': end
[20:00:53.214] [bmv2] [D] [thread 18017] [36.0] [cxt 0] Egress port is 0
[20:00:53.214] [bmv2] [D] [thread 18018] [33.0] [cxt 0] Pipeline 'egress': start
[20:00:53.214] [bmv2] [D] [thread 18018] [33.0] [cxt 0] Pipeline 'egress': end
[20:00:53.214] [bmv2] [D] [thread 18018] [33.0] [cxt 0] Deparser 'deparser': start
[20:00:53.214] [bmv2] [T] [thread 18018] [33.0] [cxt 0] Skipping checksum 'cksum' update because condition not met
[20:00:53.214] [bmv2] [D] [thread 18018] [33.0] [cxt 0] Deparsing header 'ethernet'
[20:00:53.214] [bmv2] [D] [thread 18018] [33.0] [cxt 0] Deparser 'deparser': end
[20:00:53.214] [bmv2] [D] [thread 18018] [34.0] [cxt 0] Pipeline 'egress': start
[20:00:53.214] [bmv2] [D] [thread 18018] [34.0] [cxt 0] Pipeline 'egress': end
[20:00:53.214] [bmv2] [D] [thread 18018] [34.0] [cxt 0] Deparser 'deparser': start
[20:00:53.214] [bmv2] [T] [thread 18018] [34.0] [cxt 0] Skipping checksum 'cksum' update because condition not met
[20:00:53.214] [bmv2] [D] [thread 18018] [34.0] [cxt 0] Deparsing header 'ethernet'
[20:00:53.214] [bmv2] [D] [thread 18018] [34.0] [cxt 0] Deparser 'deparser': end
[20:00:53.214] [bmv2] [D] [thread 18018] [35.0] [cxt 0] Pipeline 'egress': start
[20:00:53.214] [bmv2] [D] [thread 18018] [35.0] [cxt 0] Pipeline 'egress': end
[20:00:53.214] [bmv2] [D] [thread 18018] [35.0] [cxt 0] Deparser 'deparser': start
[20:00:53.214] [bmv2] [T] [thread 18018] [35.0] [cxt 0] Skipping checksum 'cksum' update because condition not met
[20:00:53.214] [bmv2] [D] [thread 18018] [35.0] [cxt 0] Deparsing header 'ethernet'
[20:00:53.214] [bmv2] [D] [thread 18018] [35.0] [cxt 0] Deparser 'deparser': end
[20:00:53.214] [bmv2] [D] [thread 18018] [36.0] [cxt 0] Pipeline 'egress': start
[20:00:53.214] [bmv2] [D] [thread 18018] [36.0] [cxt 0] Pipeline 'egress': end
[20:00:53.214] [bmv2] [D] [thread 18018] [36.0] [cxt 0] Deparser 'deparser': start
[20:00:53.214] [bmv2] [T] [thread 18018] [36.0] [cxt 0] Skipping checksum 'cksum' update because condition not met
[20:00:53.214] [bmv2] [D] [thread 18018] [36.0] [cxt 0] Deparsing header 'ethernet'
[20:00:53.214] [bmv2] [D] [thread 18018] [36.0] [cxt 0] Deparser 'deparser': end
[20:00:53.214] [bmv2] [D] [thread 18022] [33.0] [cxt 0] Transmitting packet of size 70 out of port 0
[20:00:53.214] [bmv2] [D] [thread 18022] [34.0] [cxt 0] Transmitting packet of size 70 out of port 0
[20:00:53.214] [bmv2] [D] [thread 18022] [35.0] [cxt 0] Transmitting packet of size 70 out of port 0
[20:00:53.214] [bmv2] [D] [thread 18022] [36.0] [cxt 0] Transmitting packet of size 70 out of port 0
[20:00:55.270] [bmv2] [D] [thread 18017] [37.0] [cxt 0] Processing packet received on port 2
[20:00:55.270] [bmv2] [D] [thread 18017] [37.0] [cxt 0] Parser 'parser': start
[20:00:55.270] [bmv2] [D] [thread 18017] [37.0] [cxt 0] Parser 'parser' entering state 'start'
[20:00:55.270] [bmv2] [D] [thread 18017] [37.0] [cxt 0] Extracting header 'ethernet'
[20:00:55.270] [bmv2] [D] [thread 18017] [37.0] [cxt 0] Parser state 'start': key is 86dd
[20:00:55.270] [bmv2] [T] [thread 18017] [37.0] [cxt 0] Bytes parsed: 14
[20:00:55.270] [bmv2] [D] [thread 18017] [37.0] [cxt 0] Parser 'parser': end
[20:00:55.270] [bmv2] [D] [thread 18017] [37.0] [cxt 0] Pipeline 'ingress': start
[20:00:55.270] [bmv2] [T] [thread 18017] [37.0] [cxt 0] basic.p4(114) Condition "hdr.ipv4.isValid()" (node_2) is false
[20:00:55.270] [bmv2] [D] [thread 18017] [37.0] [cxt 0] Pipeline 'ingress': end
[20:00:55.270] [bmv2] [D] [thread 18017] [37.0] [cxt 0] Egress port is 0
[20:00:55.270] [bmv2] [D] [thread 18017] [38.0] [cxt 0] Processing packet received on port 4
[20:00:55.270] [bmv2] [D] [thread 18017] [38.0] [cxt 0] Parser 'parser': start
[20:00:55.270] [bmv2] [D] [thread 18017] [38.0] [cxt 0] Parser 'parser' entering state 'start'
[20:00:55.270] [bmv2] [D] [thread 18017] [38.0] [cxt 0] Extracting header 'ethernet'
[20:00:55.270] [bmv2] [D] [thread 18017] [38.0] [cxt 0] Parser state 'start': key is 86dd
[20:00:55.270] [bmv2] [T] [thread 18017] [38.0] [cxt 0] Bytes parsed: 14
[20:00:55.270] [bmv2] [D] [thread 18017] [38.0] [cxt 0] Parser 'parser': end
[20:00:55.270] [bmv2] [D] [thread 18017] [38.0] [cxt 0] Pipeline 'ingress': start
[20:00:55.270] [bmv2] [T] [thread 18017] [38.0] [cxt 0] basic.p4(114) Condition "hdr.ipv4.isValid()" (node_2) is false
[20:00:55.270] [bmv2] [D] [thread 18017] [38.0] [cxt 0] Pipeline 'ingress': end
[20:00:55.270] [bmv2] [D] [thread 18017] [38.0] [cxt 0] Egress port is 0
[20:00:55.270] [bmv2] [D] [thread 18018] [37.0] [cxt 0] Pipeline 'egress': start
[20:00:55.270] [bmv2] [D] [thread 18018] [37.0] [cxt 0] Pipeline 'egress': end
[20:00:55.270] [bmv2] [D] [thread 18018] [37.0] [cxt 0] Deparser 'deparser': start
[20:00:55.270] [bmv2] [T] [thread 18018] [37.0] [cxt 0] Skipping checksum 'cksum' update because condition not met
[20:00:55.270] [bmv2] [D] [thread 18018] [37.0] [cxt 0] Deparsing header 'ethernet'
[20:00:55.270] [bmv2] [D] [thread 18018] [37.0] [cxt 0] Deparser 'deparser': end
[20:00:55.270] [bmv2] [D] [thread 18018] [38.0] [cxt 0] Pipeline 'egress': start
[20:00:55.270] [bmv2] [D] [thread 18018] [38.0] [cxt 0] Pipeline 'egress': end
[20:00:55.270] [bmv2] [D] [thread 18018] [38.0] [cxt 0] Deparser 'deparser': start
[20:00:55.270] [bmv2] [T] [thread 18018] [38.0] [cxt 0] Skipping checksum 'cksum' update because condition not met
[20:00:55.270] [bmv2] [D] [thread 18018] [38.0] [cxt 0] Deparsing header 'ethernet'
[20:00:55.270] [bmv2] [D] [thread 18018] [38.0] [cxt 0] Deparser 'deparser': end
[20:00:55.270] [bmv2] [D] [thread 18022] [37.0] [cxt 0] Transmitting packet of size 70 out of port 0
[20:00:55.270] [bmv2] [D] [thread 18022] [38.0] [cxt 0] Transmitting packet of size 70 out of port 0
[20:01:25.982] [bmv2] [D] [thread 18017] [39.0] [cxt 0] Processing packet received on port 4
[20:01:25.982] [bmv2] [D] [thread 18017] [39.0] [cxt 0] Parser 'parser': start
[20:01:25.982] [bmv2] [D] [thread 18017] [39.0] [cxt 0] Parser 'parser' entering state 'start'
[20:01:25.982] [bmv2] [D] [thread 18017] [39.0] [cxt 0] Extracting header 'ethernet'
[20:01:25.982] [bmv2] [D] [thread 18017] [39.0] [cxt 0] Parser state 'start': key is 86dd
[20:01:25.982] [bmv2] [T] [thread 18017] [39.0] [cxt 0] Bytes parsed: 14
[20:01:25.982] [bmv2] [D] [thread 18017] [39.0] [cxt 0] Parser 'parser': end
[20:01:25.982] [bmv2] [D] [thread 18017] [39.0] [cxt 0] Pipeline 'ingress': start
[20:01:25.982] [bmv2] [T] [thread 18017] [39.0] [cxt 0] basic.p4(114) Condition "hdr.ipv4.isValid()" (node_2) is false
[20:01:25.982] [bmv2] [D] [thread 18017] [39.0] [cxt 0] Pipeline 'ingress': end
[20:01:25.982] [bmv2] [D] [thread 18017] [39.0] [cxt 0] Egress port is 0
[20:01:25.982] [bmv2] [D] [thread 18018] [39.0] [cxt 0] Pipeline 'egress': start
[20:01:25.982] [bmv2] [D] [thread 18018] [39.0] [cxt 0] Pipeline 'egress': end
[20:01:25.982] [bmv2] [D] [thread 18018] [39.0] [cxt 0] Deparser 'deparser': start
[20:01:25.982] [bmv2] [T] [thread 18018] [39.0] [cxt 0] Skipping checksum 'cksum' update because condition not met
[20:01:25.982] [bmv2] [D] [thread 18018] [39.0] [cxt 0] Deparsing header 'ethernet'
[20:01:25.982] [bmv2] [D] [thread 18018] [39.0] [cxt 0] Deparser 'deparser': end
[20:01:25.982] [bmv2] [D] [thread 18022] [39.0] [cxt 0] Transmitting packet of size 70 out of port 0
[20:01:28.031] [bmv2] [D] [thread 18017] [40.0] [cxt 0] Processing packet received on port 1
[20:01:28.031] [bmv2] [D] [thread 18017] [40.0] [cxt 0] Parser 'parser': start
[20:01:28.031] [bmv2] [D] [thread 18017] [40.0] [cxt 0] Parser 'parser' entering state 'start'
[20:01:28.031] [bmv2] [D] [thread 18017] [40.0] [cxt 0] Extracting header 'ethernet'
[20:01:28.031] [bmv2] [D] [thread 18017] [40.0] [cxt 0] Parser state 'start': key is 86dd
[20:01:28.031] [bmv2] [T] [thread 18017] [40.0] [cxt 0] Bytes parsed: 14
[20:01:28.031] [bmv2] [D] [thread 18017] [40.0] [cxt 0] Parser 'parser': end
[20:01:28.031] [bmv2] [D] [thread 18017] [40.0] [cxt 0] Pipeline 'ingress': start
[20:01:28.031] [bmv2] [T] [thread 18017] [40.0] [cxt 0] basic.p4(114) Condition "hdr.ipv4.isValid()" (node_2) is false
[20:01:28.031] [bmv2] [D] [thread 18017] [40.0] [cxt 0] Pipeline 'ingress': end
[20:01:28.031] [bmv2] [D] [thread 18017] [40.0] [cxt 0] Egress port is 0
[20:01:28.031] [bmv2] [D] [thread 18017] [41.0] [cxt 0] Processing packet received on port 3
[20:01:28.031] [bmv2] [D] [thread 18017] [41.0] [cxt 0] Parser 'parser': start
[20:01:28.031] [bmv2] [D] [thread 18017] [41.0] [cxt 0] Parser 'parser' entering state 'start'
[20:01:28.031] [bmv2] [D] [thread 18017] [41.0] [cxt 0] Extracting header 'ethernet'
[20:01:28.031] [bmv2] [D] [thread 18017] [41.0] [cxt 0] Parser state 'start': key is 86dd
[20:01:28.031] [bmv2] [T] [thread 18017] [41.0] [cxt 0] Bytes parsed: 14
[20:01:28.031] [bmv2] [D] [thread 18017] [41.0] [cxt 0] Parser 'parser': end
[20:01:28.031] [bmv2] [D] [thread 18017] [41.0] [cxt 0] Pipeline 'ingress': start
[20:01:28.031] [bmv2] [T] [thread 18017] [41.0] [cxt 0] basic.p4(114) Condition "hdr.ipv4.isValid()" (node_2) is false
[20:01:28.031] [bmv2] [D] [thread 18017] [41.0] [cxt 0] Pipeline 'ingress': end
[20:01:28.031] [bmv2] [D] [thread 18017] [41.0] [cxt 0] Egress port is 0
[20:01:28.031] [bmv2] [D] [thread 18017] [42.0] [cxt 0] Processing packet received on port 3
[20:01:28.031] [bmv2] [D] [thread 18017] [42.0] [cxt 0] Parser 'parser': start
[20:01:28.031] [bmv2] [D] [thread 18017] [42.0] [cxt 0] Parser 'parser' entering state 'start'
[20:01:28.031] [bmv2] [D] [thread 18017] [42.0] [cxt 0] Extracting header 'ethernet'
[20:01:28.031] [bmv2] [D] [thread 18017] [42.0] [cxt 0] Parser state 'start': key is 86dd
[20:01:28.031] [bmv2] [T] [thread 18017] [42.0] [cxt 0] Bytes parsed: 14
[20:01:28.031] [bmv2] [D] [thread 18017] [42.0] [cxt 0] Parser 'parser': end
[20:01:28.031] [bmv2] [D] [thread 18017] [42.0] [cxt 0] Pipeline 'ingress': start
[20:01:28.031] [bmv2] [D] [thread 18018] [40.0] [cxt 0] Pipeline 'egress': start
[20:01:28.031] [bmv2] [D] [thread 18018] [40.0] [cxt 0] Pipeline 'egress': end
[20:01:28.031] [bmv2] [D] [thread 18018] [40.0] [cxt 0] Deparser 'deparser': start
[20:01:28.031] [bmv2] [T] [thread 18018] [40.0] [cxt 0] Skipping checksum 'cksum' update because condition not met
[20:01:28.031] [bmv2] [D] [thread 18018] [40.0] [cxt 0] Deparsing header 'ethernet'
[20:01:28.031] [bmv2] [D] [thread 18018] [40.0] [cxt 0] Deparser 'deparser': end
[20:01:28.031] [bmv2] [D] [thread 18018] [41.0] [cxt 0] Pipeline 'egress': start
[20:01:28.031] [bmv2] [D] [thread 18018] [41.0] [cxt 0] Pipeline 'egress': end
[20:01:28.031] [bmv2] [D] [thread 18018] [41.0] [cxt 0] Deparser 'deparser': start
[20:01:28.031] [bmv2] [T] [thread 18018] [41.0] [cxt 0] Skipping checksum 'cksum' update because condition not met
[20:01:28.031] [bmv2] [D] [thread 18018] [41.0] [cxt 0] Deparsing header 'ethernet'
[20:01:28.031] [bmv2] [T] [thread 18017] [42.0] [cxt 0] basic.p4(114) Condition "hdr.ipv4.isValid()" (node_2) is false
[20:01:28.031] [bmv2] [D] [thread 18017] [42.0] [cxt 0] Pipeline 'ingress': end
[20:01:28.031] [bmv2] [D] [thread 18017] [42.0] [cxt 0] Egress port is 0
[20:01:28.031] [bmv2] [D] [thread 18018] [41.0] [cxt 0] Deparser 'deparser': end
[20:01:28.031] [bmv2] [D] [thread 18018] [42.0] [cxt 0] Pipeline 'egress': start
[20:01:28.031] [bmv2] [D] [thread 18018] [42.0] [cxt 0] Pipeline 'egress': end
[20:01:28.031] [bmv2] [D] [thread 18018] [42.0] [cxt 0] Deparser 'deparser': start
[20:01:28.031] [bmv2] [T] [thread 18018] [42.0] [cxt 0] Skipping checksum 'cksum' update because condition not met
[20:01:28.031] [bmv2] [D] [thread 18018] [42.0] [cxt 0] Deparsing header 'ethernet'
[20:01:28.031] [bmv2] [D] [thread 18018] [42.0] [cxt 0] Deparser 'deparser': end
[20:01:28.031] [bmv2] [D] [thread 18022] [40.0] [cxt 0] Transmitting packet of size 70 out of port 0
[20:01:28.031] [bmv2] [D] [thread 18022] [41.0] [cxt 0] Transmitting packet of size 70 out of port 0
[20:01:28.031] [bmv2] [D] [thread 18022] [42.0] [cxt 0] Transmitting packet of size 70 out of port 0
[20:01:30.078] [bmv2] [D] [thread 18017] [43.0] [cxt 0] Processing packet received on port 4
[20:01:30.078] [bmv2] [D] [thread 18017] [43.0] [cxt 0] Parser 'parser': start
[20:01:30.078] [bmv2] [D] [thread 18017] [43.0] [cxt 0] Parser 'parser' entering state 'start'
[20:01:30.078] [bmv2] [D] [thread 18017] [43.0] [cxt 0] Extracting header 'ethernet'
[20:01:30.078] [bmv2] [D] [thread 18017] [43.0] [cxt 0] Parser state 'start': key is 86dd
[20:01:30.078] [bmv2] [T] [thread 18017] [43.0] [cxt 0] Bytes parsed: 14
[20:01:30.078] [bmv2] [D] [thread 18017] [43.0] [cxt 0] Parser 'parser': end
[20:01:30.078] [bmv2] [D] [thread 18017] [43.0] [cxt 0] Pipeline 'ingress': start
[20:01:30.078] [bmv2] [T] [thread 18017] [43.0] [cxt 0] basic.p4(114) Condition "hdr.ipv4.isValid()" (node_2) is false
[20:01:30.078] [bmv2] [D] [thread 18017] [43.0] [cxt 0] Pipeline 'ingress': end
[20:01:30.078] [bmv2] [D] [thread 18017] [43.0] [cxt 0] Egress port is 0
[20:01:30.078] [bmv2] [D] [thread 18018] [43.0] [cxt 0] Pipeline 'egress': start
[20:01:30.078] [bmv2] [D] [thread 18018] [43.0] [cxt 0] Pipeline 'egress': end
[20:01:30.078] [bmv2] [D] [thread 18018] [43.0] [cxt 0] Deparser 'deparser': start
[20:01:30.078] [bmv2] [T] [thread 18018] [43.0] [cxt 0] Skipping checksum 'cksum' update because condition not met
[20:01:30.078] [bmv2] [D] [thread 18018] [43.0] [cxt 0] Deparsing header 'ethernet'
[20:01:30.078] [bmv2] [D] [thread 18018] [43.0] [cxt 0] Deparser 'deparser': end
[20:01:30.078] [bmv2] [D] [thread 18022] [43.0] [cxt 0] Transmitting packet of size 70 out of port 0
[20:01:32.127] [bmv2] [D] [thread 18017] [44.0] [cxt 0] Processing packet received on port 2
[20:01:32.127] [bmv2] [D] [thread 18017] [44.0] [cxt 0] Parser 'parser': start
[20:01:32.127] [bmv2] [D] [thread 18017] [44.0] [cxt 0] Parser 'parser' entering state 'start'
[20:01:32.127] [bmv2] [D] [thread 18017] [44.0] [cxt 0] Extracting header 'ethernet'
[20:01:32.127] [bmv2] [D] [thread 18017] [44.0] [cxt 0] Parser state 'start': key is 86dd
[20:01:32.127] [bmv2] [T] [thread 18017] [44.0] [cxt 0] Bytes parsed: 14
[20:01:32.127] [bmv2] [D] [thread 18017] [44.0] [cxt 0] Parser 'parser': end
[20:01:32.127] [bmv2] [D] [thread 18017] [44.0] [cxt 0] Pipeline 'ingress': start
[20:01:32.127] [bmv2] [T] [thread 18017] [44.0] [cxt 0] basic.p4(114) Condition "hdr.ipv4.isValid()" (node_2) is false
[20:01:32.127] [bmv2] [D] [thread 18017] [44.0] [cxt 0] Pipeline 'ingress': end
[20:01:32.127] [bmv2] [D] [thread 18017] [44.0] [cxt 0] Egress port is 0
[20:01:32.127] [bmv2] [D] [thread 18018] [44.0] [cxt 0] Pipeline 'egress': start
[20:01:32.127] [bmv2] [D] [thread 18018] [44.0] [cxt 0] Pipeline 'egress': end
[20:01:32.127] [bmv2] [D] [thread 18018] [44.0] [cxt 0] Deparser 'deparser': start
[20:01:32.127] [bmv2] [T] [thread 18018] [44.0] [cxt 0] Skipping checksum 'cksum' update because condition not met
[20:01:32.127] [bmv2] [D] [thread 18018] [44.0] [cxt 0] Deparsing header 'ethernet'
[20:01:32.127] [bmv2] [D] [thread 18018] [44.0] [cxt 0] Deparser 'deparser': end
[20:01:32.127] [bmv2] [D] [thread 18022] [44.0] [cxt 0] Transmitting packet of size 70 out of port 0
[20:02:31.518] [bmv2] [D] [thread 18017] [45.0] [cxt 0] Processing packet received on port 4
[20:02:31.518] [bmv2] [D] [thread 18017] [45.0] [cxt 0] Parser 'parser': start
[20:02:31.518] [bmv2] [D] [thread 18017] [45.0] [cxt 0] Parser 'parser' entering state 'start'
[20:02:31.518] [bmv2] [D] [thread 18017] [45.0] [cxt 0] Extracting header 'ethernet'
[20:02:31.518] [bmv2] [D] [thread 18017] [45.0] [cxt 0] Parser state 'start': key is 86dd
[20:02:31.518] [bmv2] [T] [thread 18017] [45.0] [cxt 0] Bytes parsed: 14
[20:02:31.518] [bmv2] [D] [thread 18017] [45.0] [cxt 0] Parser 'parser': end
[20:02:31.518] [bmv2] [D] [thread 18017] [45.0] [cxt 0] Pipeline 'ingress': start
[20:02:31.518] [bmv2] [T] [thread 18017] [45.0] [cxt 0] basic.p4(114) Condition "hdr.ipv4.isValid()" (node_2) is false
[20:02:31.518] [bmv2] [D] [thread 18017] [45.0] [cxt 0] Pipeline 'ingress': end
[20:02:31.518] [bmv2] [D] [thread 18017] [45.0] [cxt 0] Egress port is 0
[20:02:31.519] [bmv2] [D] [thread 18018] [45.0] [cxt 0] Pipeline 'egress': start
[20:02:31.519] [bmv2] [D] [thread 18018] [45.0] [cxt 0] Pipeline 'egress': end
[20:02:31.519] [bmv2] [D] [thread 18018] [45.0] [cxt 0] Deparser 'deparser': start
[20:02:31.519] [bmv2] [T] [thread 18018] [45.0] [cxt 0] Skipping checksum 'cksum' update because condition not met
[20:02:31.519] [bmv2] [D] [thread 18018] [45.0] [cxt 0] Deparsing header 'ethernet'
[20:02:31.519] [bmv2] [D] [thread 18018] [45.0] [cxt 0] Deparser 'deparser': end
[20:02:31.519] [bmv2] [D] [thread 18022] [45.0] [cxt 0] Transmitting packet of size 70 out of port 0
[20:02:33.566] [bmv2] [D] [thread 18017] [46.0] [cxt 0] Processing packet received on port 1
[20:02:33.566] [bmv2] [D] [thread 18017] [46.0] [cxt 0] Parser 'parser': start
[20:02:33.566] [bmv2] [D] [thread 18017] [46.0] [cxt 0] Parser 'parser' entering state 'start'
[20:02:33.566] [bmv2] [D] [thread 18017] [46.0] [cxt 0] Extracting header 'ethernet'
[20:02:33.566] [bmv2] [D] [thread 18017] [46.0] [cxt 0] Parser state 'start': key is 86dd
[20:02:33.566] [bmv2] [T] [thread 18017] [46.0] [cxt 0] Bytes parsed: 14
[20:02:33.566] [bmv2] [D] [thread 18017] [46.0] [cxt 0] Parser 'parser': end
[20:02:33.566] [bmv2] [D] [thread 18017] [46.0] [cxt 0] Pipeline 'ingress': start
[20:02:33.566] [bmv2] [T] [thread 18017] [46.0] [cxt 0] basic.p4(114) Condition "hdr.ipv4.isValid()" (node_2) is false
[20:02:33.566] [bmv2] [D] [thread 18017] [46.0] [cxt 0] Pipeline 'ingress': end
[20:02:33.566] [bmv2] [D] [thread 18017] [46.0] [cxt 0] Egress port is 0
[20:02:33.566] [bmv2] [D] [thread 18018] [46.0] [cxt 0] Pipeline 'egress': start
[20:02:33.566] [bmv2] [D] [thread 18018] [46.0] [cxt 0] Pipeline 'egress': end
[20:02:33.566] [bmv2] [D] [thread 18018] [46.0] [cxt 0] Deparser 'deparser': start
[20:02:33.566] [bmv2] [T] [thread 18018] [46.0] [cxt 0] Skipping checksum 'cksum' update because condition not met
[20:02:33.566] [bmv2] [D] [thread 18018] [46.0] [cxt 0] Deparsing header 'ethernet'
[20:02:33.566] [bmv2] [D] [thread 18018] [46.0] [cxt 0] Deparser 'deparser': end
[20:02:33.566] [bmv2] [D] [thread 18022] [46.0] [cxt 0] Transmitting packet of size 70 out of port 0
[20:02:35.615] [bmv2] [D] [thread 18017] [47.0] [cxt 0] Processing packet received on port 3
[20:02:35.615] [bmv2] [D] [thread 18017] [47.0] [cxt 0] Parser 'parser': start
[20:02:35.615] [bmv2] [D] [thread 18017] [47.0] [cxt 0] Parser 'parser' entering state 'start'
[20:02:35.615] [bmv2] [D] [thread 18017] [47.0] [cxt 0] Extracting header 'ethernet'
[20:02:35.615] [bmv2] [D] [thread 18017] [47.0] [cxt 0] Parser state 'start': key is 86dd
[20:02:35.615] [bmv2] [T] [thread 18017] [47.0] [cxt 0] Bytes parsed: 14
[20:02:35.615] [bmv2] [D] [thread 18017] [47.0] [cxt 0] Parser 'parser': end
[20:02:35.615] [bmv2] [D] [thread 18017] [47.0] [cxt 0] Pipeline 'ingress': start
[20:02:35.615] [bmv2] [T] [thread 18017] [47.0] [cxt 0] basic.p4(114) Condition "hdr.ipv4.isValid()" (node_2) is false
[20:02:35.615] [bmv2] [D] [thread 18017] [47.0] [cxt 0] Pipeline 'ingress': end
[20:02:35.615] [bmv2] [D] [thread 18017] [47.0] [cxt 0] Egress port is 0
[20:02:35.615] [bmv2] [D] [thread 18018] [47.0] [cxt 0] Pipeline 'egress': start
[20:02:35.615] [bmv2] [D] [thread 18018] [47.0] [cxt 0] Pipeline 'egress': end
[20:02:35.615] [bmv2] [D] [thread 18018] [47.0] [cxt 0] Deparser 'deparser': start
[20:02:35.615] [bmv2] [T] [thread 18018] [47.0] [cxt 0] Skipping checksum 'cksum' update because condition not met
[20:02:35.615] [bmv2] [D] [thread 18018] [47.0] [cxt 0] Deparsing header 'ethernet'
[20:02:35.615] [bmv2] [D] [thread 18018] [47.0] [cxt 0] Deparser 'deparser': end
[20:02:35.616] [bmv2] [D] [thread 18022] [47.0] [cxt 0] Transmitting packet of size 70 out of port 0
[20:02:37.662] [bmv2] [D] [thread 18017] [48.0] [cxt 0] Processing packet received on port 3
[20:02:37.662] [bmv2] [D] [thread 18017] [48.0] [cxt 0] Parser 'parser': start
[20:02:37.662] [bmv2] [D] [thread 18017] [48.0] [cxt 0] Parser 'parser' entering state 'start'
[20:02:37.662] [bmv2] [D] [thread 18017] [48.0] [cxt 0] Extracting header 'ethernet'
[20:02:37.662] [bmv2] [D] [thread 18017] [48.0] [cxt 0] Parser state 'start': key is 86dd
[20:02:37.662] [bmv2] [T] [thread 18017] [48.0] [cxt 0] Bytes parsed: 14
[20:02:37.662] [bmv2] [D] [thread 18017] [48.0] [cxt 0] Parser 'parser': end
[20:02:37.662] [bmv2] [D] [thread 18017] [48.0] [cxt 0] Pipeline 'ingress': start
[20:02:37.662] [bmv2] [T] [thread 18017] [48.0] [cxt 0] basic.p4(114) Condition "hdr.ipv4.isValid()" (node_2) is false
[20:02:37.662] [bmv2] [D] [thread 18017] [48.0] [cxt 0] Pipeline 'ingress': end
[20:02:37.662] [bmv2] [D] [thread 18017] [48.0] [cxt 0] Egress port is 0
[20:02:37.662] [bmv2] [D] [thread 18018] [48.0] [cxt 0] Pipeline 'egress': start
[20:02:37.662] [bmv2] [D] [thread 18018] [48.0] [cxt 0] Pipeline 'egress': end
[20:02:37.662] [bmv2] [D] [thread 18018] [48.0] [cxt 0] Deparser 'deparser': start
[20:02:37.662] [bmv2] [T] [thread 18018] [48.0] [cxt 0] Skipping checksum 'cksum' update because condition not met
[20:02:37.662] [bmv2] [D] [thread 18018] [48.0] [cxt 0] Deparsing header 'ethernet'
[20:02:37.662] [bmv2] [D] [thread 18018] [48.0] [cxt 0] Deparser 'deparser': end
[20:02:37.662] [bmv2] [D] [thread 18022] [48.0] [cxt 0] Transmitting packet of size 70 out of port 0
[20:02:39.711] [bmv2] [D] [thread 18017] [49.0] [cxt 0] Processing packet received on port 4
[20:02:39.711] [bmv2] [D] [thread 18017] [49.0] [cxt 0] Parser 'parser': start
[20:02:39.711] [bmv2] [D] [thread 18017] [49.0] [cxt 0] Parser 'parser' entering state 'start'
[20:02:39.711] [bmv2] [D] [thread 18017] [49.0] [cxt 0] Extracting header 'ethernet'
[20:02:39.711] [bmv2] [D] [thread 18017] [49.0] [cxt 0] Parser state 'start': key is 86dd
[20:02:39.711] [bmv2] [T] [thread 18017] [49.0] [cxt 0] Bytes parsed: 14
[20:02:39.711] [bmv2] [D] [thread 18017] [49.0] [cxt 0] Parser 'parser': end
[20:02:39.711] [bmv2] [D] [thread 18017] [49.0] [cxt 0] Pipeline 'ingress': start
[20:02:39.711] [bmv2] [T] [thread 18017] [49.0] [cxt 0] basic.p4(114) Condition "hdr.ipv4.isValid()" (node_2) is false
[20:02:39.711] [bmv2] [D] [thread 18017] [49.0] [cxt 0] Pipeline 'ingress': end
[20:02:39.711] [bmv2] [D] [thread 18017] [49.0] [cxt 0] Egress port is 0
[20:02:39.711] [bmv2] [D] [thread 18018] [49.0] [cxt 0] Pipeline 'egress': start
[20:02:39.711] [bmv2] [D] [thread 18018] [49.0] [cxt 0] Pipeline 'egress': end
[20:02:39.711] [bmv2] [D] [thread 18018] [49.0] [cxt 0] Deparser 'deparser': start
[20:02:39.711] [bmv2] [T] [thread 18018] [49.0] [cxt 0] Skipping checksum 'cksum' update because condition not met
[20:02:39.711] [bmv2] [D] [thread 18018] [49.0] [cxt 0] Deparsing header 'ethernet'
[20:02:39.711] [bmv2] [D] [thread 18018] [49.0] [cxt 0] Deparser 'deparser': end
[20:02:39.712] [bmv2] [D] [thread 18022] [49.0] [cxt 0] Transmitting packet of size 70 out of port 0
[20:02:47.902] [bmv2] [D] [thread 18017] [50.0] [cxt 0] Processing packet received on port 2
[20:02:47.902] [bmv2] [D] [thread 18017] [50.0] [cxt 0] Parser 'parser': start
[20:02:47.902] [bmv2] [D] [thread 18017] [50.0] [cxt 0] Parser 'parser' entering state 'start'
[20:02:47.902] [bmv2] [D] [thread 18017] [50.0] [cxt 0] Extracting header 'ethernet'
[20:02:47.902] [bmv2] [D] [thread 18017] [50.0] [cxt 0] Parser state 'start': key is 86dd
[20:02:47.902] [bmv2] [T] [thread 18017] [50.0] [cxt 0] Bytes parsed: 14
[20:02:47.902] [bmv2] [D] [thread 18017] [50.0] [cxt 0] Parser 'parser': end
[20:02:47.902] [bmv2] [D] [thread 18017] [50.0] [cxt 0] Pipeline 'ingress': start
[20:02:47.902] [bmv2] [T] [thread 18017] [50.0] [cxt 0] basic.p4(114) Condition "hdr.ipv4.isValid()" (node_2) is false
[20:02:47.902] [bmv2] [D] [thread 18017] [50.0] [cxt 0] Pipeline 'ingress': end
[20:02:47.902] [bmv2] [D] [thread 18017] [50.0] [cxt 0] Egress port is 0
[20:02:47.902] [bmv2] [D] [thread 18018] [50.0] [cxt 0] Pipeline 'egress': start
[20:02:47.902] [bmv2] [D] [thread 18018] [50.0] [cxt 0] Pipeline 'egress': end
[20:02:47.902] [bmv2] [D] [thread 18018] [50.0] [cxt 0] Deparser 'deparser': start
[20:02:47.902] [bmv2] [T] [thread 18018] [50.0] [cxt 0] Skipping checksum 'cksum' update because condition not met
[20:02:47.902] [bmv2] [D] [thread 18018] [50.0] [cxt 0] Deparsing header 'ethernet'
[20:02:47.902] [bmv2] [D] [thread 18018] [50.0] [cxt 0] Deparser 'deparser': end
[20:02:47.902] [bmv2] [D] [thread 18022] [50.0] [cxt 0] Transmitting packet of size 70 out of port 0
[20:04:40.542] [bmv2] [D] [thread 18017] [51.0] [cxt 0] Processing packet received on port 1
[20:04:40.542] [bmv2] [D] [thread 18017] [51.0] [cxt 0] Parser 'parser': start
[20:04:40.542] [bmv2] [D] [thread 18017] [51.0] [cxt 0] Parser 'parser' entering state 'start'
[20:04:40.542] [bmv2] [D] [thread 18017] [51.0] [cxt 0] Extracting header 'ethernet'
[20:04:40.542] [bmv2] [D] [thread 18017] [51.0] [cxt 0] Parser state 'start': key is 86dd
[20:04:40.542] [bmv2] [T] [thread 18017] [51.0] [cxt 0] Bytes parsed: 14
[20:04:40.542] [bmv2] [D] [thread 18017] [51.0] [cxt 0] Parser 'parser': end
[20:04:40.542] [bmv2] [D] [thread 18017] [51.0] [cxt 0] Pipeline 'ingress': start
[20:04:40.542] [bmv2] [T] [thread 18017] [51.0] [cxt 0] basic.p4(114) Condition "hdr.ipv4.isValid()" (node_2) is false
[20:04:40.542] [bmv2] [D] [thread 18017] [51.0] [cxt 0] Pipeline 'ingress': end
[20:04:40.542] [bmv2] [D] [thread 18017] [51.0] [cxt 0] Egress port is 0
[20:04:40.543] [bmv2] [D] [thread 18018] [51.0] [cxt 0] Pipeline 'egress': start
[20:04:40.543] [bmv2] [D] [thread 18018] [51.0] [cxt 0] Pipeline 'egress': end
[20:04:40.543] [bmv2] [D] [thread 18018] [51.0] [cxt 0] Deparser 'deparser': start
[20:04:40.543] [bmv2] [T] [thread 18018] [51.0] [cxt 0] Skipping checksum 'cksum' update because condition not met
[20:04:40.543] [bmv2] [D] [thread 18018] [51.0] [cxt 0] Deparsing header 'ethernet'
[20:04:40.543] [bmv2] [D] [thread 18018] [51.0] [cxt 0] Deparser 'deparser': end
[20:04:40.543] [bmv2] [D] [thread 18022] [51.0] [cxt 0] Transmitting packet of size 70 out of port 0
[20:04:42.590] [bmv2] [D] [thread 18017] [52.0] [cxt 0] Processing packet received on port 4
[20:04:42.590] [bmv2] [D] [thread 18017] [52.0] [cxt 0] Parser 'parser': start
[20:04:42.590] [bmv2] [D] [thread 18017] [52.0] [cxt 0] Parser 'parser' entering state 'start'
[20:04:42.590] [bmv2] [D] [thread 18017] [52.0] [cxt 0] Extracting header 'ethernet'
[20:04:42.590] [bmv2] [D] [thread 18017] [52.0] [cxt 0] Parser state 'start': key is 86dd
[20:04:42.590] [bmv2] [T] [thread 18017] [52.0] [cxt 0] Bytes parsed: 14
[20:04:42.590] [bmv2] [D] [thread 18017] [52.0] [cxt 0] Parser 'parser': end
[20:04:42.590] [bmv2] [D] [thread 18017] [52.0] [cxt 0] Pipeline 'ingress': start
[20:04:42.590] [bmv2] [T] [thread 18017] [52.0] [cxt 0] basic.p4(114) Condition "hdr.ipv4.isValid()" (node_2) is false
[20:04:42.590] [bmv2] [D] [thread 18017] [52.0] [cxt 0] Pipeline 'ingress': end
[20:04:42.590] [bmv2] [D] [thread 18017] [52.0] [cxt 0] Egress port is 0
[20:04:42.591] [bmv2] [D] [thread 18018] [52.0] [cxt 0] Pipeline 'egress': start
[20:04:42.591] [bmv2] [D] [thread 18018] [52.0] [cxt 0] Pipeline 'egress': end
[20:04:42.591] [bmv2] [D] [thread 18018] [52.0] [cxt 0] Deparser 'deparser': start
[20:04:42.591] [bmv2] [T] [thread 18018] [52.0] [cxt 0] Skipping checksum 'cksum' update because condition not met
[20:04:42.591] [bmv2] [D] [thread 18018] [52.0] [cxt 0] Deparsing header 'ethernet'
[20:04:42.591] [bmv2] [D] [thread 18018] [52.0] [cxt 0] Deparser 'deparser': end
[20:04:42.591] [bmv2] [D] [thread 18022] [52.0] [cxt 0] Transmitting packet of size 70 out of port 0
[20:04:44.639] [bmv2] [D] [thread 18017] [53.0] [cxt 0] Processing packet received on port 3
[20:04:44.639] [bmv2] [D] [thread 18017] [53.0] [cxt 0] Parser 'parser': start
[20:04:44.639] [bmv2] [D] [thread 18017] [53.0] [cxt 0] Parser 'parser' entering state 'start'
[20:04:44.639] [bmv2] [D] [thread 18017] [53.0] [cxt 0] Extracting header 'ethernet'
[20:04:44.639] [bmv2] [D] [thread 18017] [53.0] [cxt 0] Parser state 'start': key is 86dd
[20:04:44.639] [bmv2] [T] [thread 18017] [53.0] [cxt 0] Bytes parsed: 14
[20:04:44.639] [bmv2] [D] [thread 18017] [53.0] [cxt 0] Parser 'parser': end
[20:04:44.639] [bmv2] [D] [thread 18017] [53.0] [cxt 0] Pipeline 'ingress': start
[20:04:44.639] [bmv2] [T] [thread 18017] [53.0] [cxt 0] basic.p4(114) Condition "hdr.ipv4.isValid()" (node_2) is false
[20:04:44.639] [bmv2] [D] [thread 18017] [53.0] [cxt 0] Pipeline 'ingress': end
[20:04:44.639] [bmv2] [D] [thread 18017] [53.0] [cxt 0] Egress port is 0
[20:04:44.639] [bmv2] [D] [thread 18018] [53.0] [cxt 0] Pipeline 'egress': start
[20:04:44.639] [bmv2] [D] [thread 18018] [53.0] [cxt 0] Pipeline 'egress': end
[20:04:44.639] [bmv2] [D] [thread 18018] [53.0] [cxt 0] Deparser 'deparser': start
[20:04:44.639] [bmv2] [T] [thread 18018] [53.0] [cxt 0] Skipping checksum 'cksum' update because condition not met
[20:04:44.639] [bmv2] [D] [thread 18018] [53.0] [cxt 0] Deparsing header 'ethernet'
[20:04:44.639] [bmv2] [D] [thread 18018] [53.0] [cxt 0] Deparser 'deparser': end
[20:04:44.639] [bmv2] [D] [thread 18022] [53.0] [cxt 0] Transmitting packet of size 70 out of port 0
[20:04:58.974] [bmv2] [D] [thread 18017] [54.0] [cxt 0] Processing packet received on port 3
[20:04:58.974] [bmv2] [D] [thread 18017] [54.0] [cxt 0] Parser 'parser': start
[20:04:58.974] [bmv2] [D] [thread 18017] [54.0] [cxt 0] Parser 'parser' entering state 'start'
[20:04:58.974] [bmv2] [D] [thread 18017] [54.0] [cxt 0] Extracting header 'ethernet'
[20:04:58.974] [bmv2] [D] [thread 18017] [54.0] [cxt 0] Parser state 'start': key is 86dd
[20:04:58.974] [bmv2] [T] [thread 18017] [54.0] [cxt 0] Bytes parsed: 14
[20:04:58.974] [bmv2] [D] [thread 18017] [54.0] [cxt 0] Parser 'parser': end
[20:04:58.974] [bmv2] [D] [thread 18017] [54.0] [cxt 0] Pipeline 'ingress': start
[20:04:58.974] [bmv2] [T] [thread 18017] [54.0] [cxt 0] basic.p4(114) Condition "hdr.ipv4.isValid()" (node_2) is false
[20:04:58.974] [bmv2] [D] [thread 18017] [54.0] [cxt 0] Pipeline 'ingress': end
[20:04:58.974] [bmv2] [D] [thread 18017] [54.0] [cxt 0] Egress port is 0
[20:04:58.974] [bmv2] [D] [thread 18018] [54.0] [cxt 0] Pipeline 'egress': start
[20:04:58.974] [bmv2] [D] [thread 18018] [54.0] [cxt 0] Pipeline 'egress': end
[20:04:58.974] [bmv2] [D] [thread 18018] [54.0] [cxt 0] Deparser 'deparser': start
[20:04:58.974] [bmv2] [T] [thread 18018] [54.0] [cxt 0] Skipping checksum 'cksum' update because condition not met
[20:04:58.974] [bmv2] [D] [thread 18018] [54.0] [cxt 0] Deparsing header 'ethernet'
[20:04:58.974] [bmv2] [D] [thread 18018] [54.0] [cxt 0] Deparser 'deparser': end
[20:04:58.974] [bmv2] [D] [thread 18022] [54.0] [cxt 0] Transmitting packet of size 70 out of port 0
[20:05:15.361] [bmv2] [D] [thread 18017] [55.0] [cxt 0] Processing packet received on port 2
[20:05:15.361] [bmv2] [D] [thread 18017] [55.0] [cxt 0] Parser 'parser': start
[20:05:15.361] [bmv2] [D] [thread 18017] [55.0] [cxt 0] Parser 'parser' entering state 'start'
[20:05:15.361] [bmv2] [D] [thread 18017] [55.0] [cxt 0] Extracting header 'ethernet'
[20:05:15.361] [bmv2] [D] [thread 18017] [55.0] [cxt 0] Parser state 'start': key is 86dd
[20:05:15.361] [bmv2] [T] [thread 18017] [55.0] [cxt 0] Bytes parsed: 14
[20:05:15.361] [bmv2] [D] [thread 18017] [55.0] [cxt 0] Parser 'parser': end
[20:05:15.361] [bmv2] [D] [thread 18017] [55.0] [cxt 0] Pipeline 'ingress': start
[20:05:15.361] [bmv2] [T] [thread 18017] [55.0] [cxt 0] basic.p4(114) Condition "hdr.ipv4.isValid()" (node_2) is false
[20:05:15.361] [bmv2] [D] [thread 18017] [55.0] [cxt 0] Pipeline 'ingress': end
[20:05:15.361] [bmv2] [D] [thread 18017] [55.0] [cxt 0] Egress port is 0
[20:05:15.361] [bmv2] [D] [thread 18017] [56.0] [cxt 0] Processing packet received on port 4
[20:05:15.361] [bmv2] [D] [thread 18017] [56.0] [cxt 0] Parser 'parser': start
[20:05:15.361] [bmv2] [D] [thread 18017] [56.0] [cxt 0] Parser 'parser' entering state 'start'
[20:05:15.361] [bmv2] [D] [thread 18017] [56.0] [cxt 0] Extracting header 'ethernet'
[20:05:15.361] [bmv2] [D] [thread 18017] [56.0] [cxt 0] Parser state 'start': key is 86dd
[20:05:15.361] [bmv2] [T] [thread 18017] [56.0] [cxt 0] Bytes parsed: 14
[20:05:15.361] [bmv2] [D] [thread 18017] [56.0] [cxt 0] Parser 'parser': end
[20:05:15.361] [bmv2] [D] [thread 18017] [56.0] [cxt 0] Pipeline 'ingress': start
[20:05:15.361] [bmv2] [T] [thread 18017] [56.0] [cxt 0] basic.p4(114) Condition "hdr.ipv4.isValid()" (node_2) is false
[20:05:15.361] [bmv2] [D] [thread 18017] [56.0] [cxt 0] Pipeline 'ingress': end
[20:05:15.361] [bmv2] [D] [thread 18017] [56.0] [cxt 0] Egress port is 0
[20:05:15.361] [bmv2] [D] [thread 18018] [55.0] [cxt 0] Pipeline 'egress': start
[20:05:15.361] [bmv2] [D] [thread 18018] [55.0] [cxt 0] Pipeline 'egress': end
[20:05:15.361] [bmv2] [D] [thread 18018] [55.0] [cxt 0] Deparser 'deparser': start
[20:05:15.361] [bmv2] [T] [thread 18018] [55.0] [cxt 0] Skipping checksum 'cksum' update because condition not met
[20:05:15.361] [bmv2] [D] [thread 18018] [55.0] [cxt 0] Deparsing header 'ethernet'
[20:05:15.361] [bmv2] [D] [thread 18018] [55.0] [cxt 0] Deparser 'deparser': end
[20:05:15.361] [bmv2] [D] [thread 18018] [56.0] [cxt 0] Pipeline 'egress': start
[20:05:15.361] [bmv2] [D] [thread 18018] [56.0] [cxt 0] Pipeline 'egress': end
[20:05:15.361] [bmv2] [D] [thread 18018] [56.0] [cxt 0] Deparser 'deparser': start
[20:05:15.361] [bmv2] [T] [thread 18018] [56.0] [cxt 0] Skipping checksum 'cksum' update because condition not met
[20:05:15.361] [bmv2] [D] [thread 18018] [56.0] [cxt 0] Deparsing header 'ethernet'
[20:05:15.361] [bmv2] [D] [thread 18018] [56.0] [cxt 0] Deparser 'deparser': end
[20:05:15.361] [bmv2] [D] [thread 18022] [55.0] [cxt 0] Transmitting packet of size 70 out of port 0
[20:05:15.361] [bmv2] [D] [thread 18022] [56.0] [cxt 0] Transmitting packet of size 70 out of port 0
open: No such file or directory
open: No such file or directory
open: No such file or directory
open: No such file or directory
open: No such file or directory
open: No such file or directory
