Calling target program-options parser
[20:00:23.221] [bmv2] [D] [thread 18043] Set default default entry for table 'MyIngress.ipv4_lpm': MyIngress.drop - 
Adding interface s4-eth1 as port 1
[20:00:23.222] [bmv2] [D] [thread 18043] Adding interface s4-eth1 as port 1
Adding interface s4-eth2 as port 2
[20:00:23.250] [bmv2] [D] [thread 18043] Adding interface s4-eth2 as port 2
Server listening on 0.0.0.0:50054
[20:00:23.290] [bmv2] [I] [thread 18043] Starting Thrift server on port 9093
[20:00:23.291] [bmv2] [I] [thread 18043] Thrift server was started
[20:00:23.391] [bmv2] [D] [thread 18053] [0.0] [cxt 0] Processing packet received on port 2
[20:00:23.391] [bmv2] [D] [thread 18053] [0.0] [cxt 0] Parser 'parser': start
[20:00:23.391] [bmv2] [D] [thread 18053] [0.0] [cxt 0] Parser 'parser' entering state 'start'
[20:00:23.391] [bmv2] [D] [thread 18053] [0.0] [cxt 0] Extracting header 'ethernet'
[20:00:23.391] [bmv2] [D] [thread 18053] [0.0] [cxt 0] Parser state 'start': key is 86dd
[20:00:23.391] [bmv2] [T] [thread 18053] [0.0] [cxt 0] Bytes parsed: 14
[20:00:23.391] [bmv2] [D] [thread 18053] [0.0] [cxt 0] Parser 'parser': end
[20:00:23.391] [bmv2] [D] [thread 18053] [0.0] [cxt 0] Pipeline 'ingress': start
[20:00:23.391] [bmv2] [T] [thread 18053] [0.0] [cxt 0] basic.p4(114) Condition "hdr.ipv4.isValid()" (node_2) is false
[20:00:23.391] [bmv2] [D] [thread 18053] [0.0] [cxt 0] Pipeline 'ingress': end
[20:00:23.391] [bmv2] [D] [thread 18053] [0.0] [cxt 0] Egress port is 0
[20:00:23.391] [bmv2] [D] [thread 18054] [0.0] [cxt 0] Pipeline 'egress': start
[20:00:23.391] [bmv2] [D] [thread 18054] [0.0] [cxt 0] Pipeline 'egress': end
[20:00:23.391] [bmv2] [D] [thread 18054] [0.0] [cxt 0] Deparser 'deparser': start
[20:00:23.391] [bmv2] [T] [thread 18054] [0.0] [cxt 0] Skipping checksum 'cksum' update because condition not met
[20:00:23.391] [bmv2] [D] [thread 18054] [0.0] [cxt 0] Deparsing header 'ethernet'
[20:00:23.391] [bmv2] [D] [thread 18054] [0.0] [cxt 0] Deparser 'deparser': end
[20:00:23.392] [bmv2] [D] [thread 18058] [0.0] [cxt 0] Transmitting packet of size 90 out of port 0
[20:00:23.973] [bmv2] [D] [thread 18053] [1.0] [cxt 0] Processing packet received on port 2
[20:00:23.973] [bmv2] [D] [thread 18053] [1.0] [cxt 0] Parser 'parser': start
[20:00:23.973] [bmv2] [D] [thread 18053] [1.0] [cxt 0] Parser 'parser' entering state 'start'
[20:00:23.973] [bmv2] [D] [thread 18053] [1.0] [cxt 0] Extracting header 'ethernet'
[20:00:23.973] [bmv2] [D] [thread 18053] [1.0] [cxt 0] Parser state 'start': key is 86dd
[20:00:23.973] [bmv2] [T] [thread 18053] [1.0] [cxt 0] Bytes parsed: 14
[20:00:23.973] [bmv2] [D] [thread 18053] [1.0] [cxt 0] Parser 'parser': end
[20:00:23.973] [bmv2] [D] [thread 18053] [1.0] [cxt 0] Pipeline 'ingress': start
[20:00:23.973] [bmv2] [T] [thread 18053] [1.0] [cxt 0] basic.p4(114) Condition "hdr.ipv4.isValid()" (node_2) is false
[20:00:23.973] [bmv2] [D] [thread 18053] [1.0] [cxt 0] Pipeline 'ingress': end
[20:00:23.973] [bmv2] [D] [thread 18053] [1.0] [cxt 0] Egress port is 0
[20:00:23.973] [bmv2] [D] [thread 18054] [1.0] [cxt 0] Pipeline 'egress': start
[20:00:23.973] [bmv2] [D] [thread 18054] [1.0] [cxt 0] Pipeline 'egress': end
[20:00:23.973] [bmv2] [D] [thread 18054] [1.0] [cxt 0] Deparser 'deparser': start
[20:00:23.973] [bmv2] [T] [thread 18054] [1.0] [cxt 0] Skipping checksum 'cksum' update because condition not met
[20:00:23.973] [bmv2] [D] [thread 18054] [1.0] [cxt 0] Deparsing header 'ethernet'
[20:00:23.973] [bmv2] [D] [thread 18054] [1.0] [cxt 0] Deparser 'deparser': end
[20:00:23.973] [bmv2] [D] [thread 18058] [1.0] [cxt 0] Transmitting packet of size 90 out of port 0
[20:00:24.960] [bmv2] [W] [thread 18100] [P4Runtime] p4::tmp::P4DeviceConfig is deprecated
[20:00:24.962] [bmv2] [D] [thread 18100] Set default default entry for table 'MyIngress.ipv4_lpm': MyIngress.drop - 
[20:00:24.963] [bmv2] [D] [thread 18100] simple_switch target has been notified of a config swap
[20:00:24.966] [bmv2] [D] [thread 18101] Set default entry for table 'MyIngress.ipv4_lpm': MyIngress.drop - 
[20:00:24.968] [bmv2] [D] [thread 18100] Entry 0 added to table 'MyIngress.ipv4_lpm'
[20:00:24.968] [bmv2] [D] [thread 18100] Dumping entry 0
Match key:
* hdr.ipv4.dstAddr    : LPM       0a000101/32
Action entry: MyIngress.ipv4_forward - 80000000100,2,

[20:00:24.974] [bmv2] [D] [thread 18101] Entry 1 added to table 'MyIngress.ipv4_lpm'
[20:00:24.974] [bmv2] [D] [thread 18101] Dumping entry 1
Match key:
* hdr.ipv4.dstAddr    : LPM       0a000202/32
Action entry: MyIngress.ipv4_forward - 80000000100,2,

[20:00:24.976] [bmv2] [D] [thread 18100] Entry 2 added to table 'MyIngress.ipv4_lpm'
[20:00:24.976] [bmv2] [D] [thread 18100] Dumping entry 2
Match key:
* hdr.ipv4.dstAddr    : LPM       0a000303/32
Action entry: MyIngress.ipv4_forward - 80000000200,1,

[20:00:24.978] [bmv2] [D] [thread 18101] Entry 3 added to table 'MyIngress.ipv4_lpm'
[20:00:24.978] [bmv2] [D] [thread 18101] Dumping entry 3
Match key:
* hdr.ipv4.dstAddr    : LPM       0a000404/32
Action entry: MyIngress.ipv4_forward - 80000000200,1,

[20:00:26.590] [bmv2] [D] [thread 18053] [2.0] [cxt 0] Processing packet received on port 1
[20:00:26.590] [bmv2] [D] [thread 18053] [2.0] [cxt 0] Parser 'parser': start
[20:00:26.590] [bmv2] [D] [thread 18053] [2.0] [cxt 0] Parser 'parser' entering state 'start'
[20:00:26.590] [bmv2] [D] [thread 18053] [2.0] [cxt 0] Extracting header 'ethernet'
[20:00:26.590] [bmv2] [D] [thread 18053] [2.0] [cxt 0] Parser state 'start': key is 86dd
[20:00:26.590] [bmv2] [T] [thread 18053] [2.0] [cxt 0] Bytes parsed: 14
[20:00:26.590] [bmv2] [D] [thread 18053] [2.0] [cxt 0] Parser 'parser': end
[20:00:26.590] [bmv2] [D] [thread 18053] [2.0] [cxt 0] Pipeline 'ingress': start
[20:00:26.590] [bmv2] [T] [thread 18053] [2.0] [cxt 0] basic.p4(114) Condition "hdr.ipv4.isValid()" (node_2) is false
[20:00:26.590] [bmv2] [D] [thread 18053] [2.0] [cxt 0] Pipeline 'ingress': end
[20:00:26.590] [bmv2] [D] [thread 18053] [2.0] [cxt 0] Egress port is 0
[20:00:26.590] [bmv2] [D] [thread 18054] [2.0] [cxt 0] Pipeline 'egress': start
[20:00:26.590] [bmv2] [D] [thread 18054] [2.0] [cxt 0] Pipeline 'egress': end
[20:00:26.590] [bmv2] [D] [thread 18054] [2.0] [cxt 0] Deparser 'deparser': start
[20:00:26.590] [bmv2] [T] [thread 18054] [2.0] [cxt 0] Skipping checksum 'cksum' update because condition not met
[20:00:26.590] [bmv2] [D] [thread 18054] [2.0] [cxt 0] Deparsing header 'ethernet'
[20:00:26.590] [bmv2] [D] [thread 18054] [2.0] [cxt 0] Deparser 'deparser': end
[20:00:26.590] [bmv2] [D] [thread 18058] [2.0] [cxt 0] Transmitting packet of size 70 out of port 0
[20:00:26.847] [bmv2] [D] [thread 18053] [3.0] [cxt 0] Processing packet received on port 1
[20:00:26.847] [bmv2] [D] [thread 18053] [3.0] [cxt 0] Parser 'parser': start
[20:00:26.847] [bmv2] [D] [thread 18053] [3.0] [cxt 0] Parser 'parser' entering state 'start'
[20:00:26.847] [bmv2] [D] [thread 18053] [3.0] [cxt 0] Extracting header 'ethernet'
[20:00:26.847] [bmv2] [D] [thread 18053] [3.0] [cxt 0] Parser state 'start': key is 86dd
[20:00:26.847] [bmv2] [T] [thread 18053] [3.0] [cxt 0] Bytes parsed: 14
[20:00:26.847] [bmv2] [D] [thread 18053] [3.0] [cxt 0] Parser 'parser': end
[20:00:26.847] [bmv2] [D] [thread 18053] [3.0] [cxt 0] Pipeline 'ingress': start
[20:00:26.847] [bmv2] [T] [thread 18053] [3.0] [cxt 0] basic.p4(114) Condition "hdr.ipv4.isValid()" (node_2) is false
[20:00:26.847] [bmv2] [D] [thread 18053] [3.0] [cxt 0] Pipeline 'ingress': end
[20:00:26.847] [bmv2] [D] [thread 18053] [3.0] [cxt 0] Egress port is 0
[20:00:26.847] [bmv2] [D] [thread 18053] [4.0] [cxt 0] Processing packet received on port 2
[20:00:26.847] [bmv2] [D] [thread 18053] [4.0] [cxt 0] Parser 'parser': start
[20:00:26.847] [bmv2] [D] [thread 18053] [4.0] [cxt 0] Parser 'parser' entering state 'start'
[20:00:26.847] [bmv2] [D] [thread 18053] [4.0] [cxt 0] Extracting header 'ethernet'
[20:00:26.847] [bmv2] [D] [thread 18053] [4.0] [cxt 0] Parser state 'start': key is 86dd
[20:00:26.847] [bmv2] [T] [thread 18053] [4.0] [cxt 0] Bytes parsed: 14
[20:00:26.847] [bmv2] [D] [thread 18053] [4.0] [cxt 0] Parser 'parser': end
[20:00:26.847] [bmv2] [D] [thread 18053] [4.0] [cxt 0] Pipeline 'ingress': start
[20:00:26.847] [bmv2] [T] [thread 18053] [4.0] [cxt 0] basic.p4(114) Condition "hdr.ipv4.isValid()" (node_2) is false
[20:00:26.847] [bmv2] [D] [thread 18053] [4.0] [cxt 0] Pipeline 'ingress': end
[20:00:26.847] [bmv2] [D] [thread 18053] [4.0] [cxt 0] Egress port is 0
[20:00:26.847] [bmv2] [D] [thread 18054] [3.0] [cxt 0] Pipeline 'egress': start
[20:00:26.847] [bmv2] [D] [thread 18054] [3.0] [cxt 0] Pipeline 'egress': end
[20:00:26.847] [bmv2] [D] [thread 18054] [3.0] [cxt 0] Deparser 'deparser': start
[20:00:26.847] [bmv2] [T] [thread 18054] [3.0] [cxt 0] Skipping checksum 'cksum' update because condition not met
[20:00:26.847] [bmv2] [D] [thread 18054] [3.0] [cxt 0] Deparsing header 'ethernet'
[20:00:26.847] [bmv2] [D] [thread 18054] [3.0] [cxt 0] Deparser 'deparser': end
[20:00:26.847] [bmv2] [D] [thread 18054] [4.0] [cxt 0] Pipeline 'egress': start
[20:00:26.847] [bmv2] [D] [thread 18054] [4.0] [cxt 0] Pipeline 'egress': end
[20:00:26.847] [bmv2] [D] [thread 18054] [4.0] [cxt 0] Deparser 'deparser': start
[20:00:26.847] [bmv2] [T] [thread 18054] [4.0] [cxt 0] Skipping checksum 'cksum' update because condition not met
[20:00:26.847] [bmv2] [D] [thread 18054] [4.0] [cxt 0] Deparsing header 'ethernet'
[20:00:26.847] [bmv2] [D] [thread 18054] [4.0] [cxt 0] Deparser 'deparser': end
[20:00:26.847] [bmv2] [D] [thread 18058] [3.0] [cxt 0] Transmitting packet of size 70 out of port 0
[20:00:26.847] [bmv2] [D] [thread 18058] [4.0] [cxt 0] Transmitting packet of size 70 out of port 0
[20:00:27.358] [bmv2] [D] [thread 18053] [5.0] [cxt 0] Processing packet received on port 2
[20:00:27.358] [bmv2] [D] [thread 18053] [5.0] [cxt 0] Parser 'parser': start
[20:00:27.358] [bmv2] [D] [thread 18053] [5.0] [cxt 0] Parser 'parser' entering state 'start'
[20:00:27.358] [bmv2] [D] [thread 18053] [5.0] [cxt 0] Extracting header 'ethernet'
[20:00:27.358] [bmv2] [D] [thread 18053] [5.0] [cxt 0] Parser state 'start': key is 86dd
[20:00:27.358] [bmv2] [T] [thread 18053] [5.0] [cxt 0] Bytes parsed: 14
[20:00:27.358] [bmv2] [D] [thread 18053] [5.0] [cxt 0] Parser 'parser': end
[20:00:27.358] [bmv2] [D] [thread 18053] [5.0] [cxt 0] Pipeline 'ingress': start
[20:00:27.358] [bmv2] [T] [thread 18053] [5.0] [cxt 0] basic.p4(114) Condition "hdr.ipv4.isValid()" (node_2) is false
[20:00:27.358] [bmv2] [D] [thread 18053] [5.0] [cxt 0] Pipeline 'ingress': end
[20:00:27.358] [bmv2] [D] [thread 18053] [5.0] [cxt 0] Egress port is 0
[20:00:27.358] [bmv2] [D] [thread 18054] [5.0] [cxt 0] Pipeline 'egress': start
[20:00:27.358] [bmv2] [D] [thread 18054] [5.0] [cxt 0] Pipeline 'egress': end
[20:00:27.358] [bmv2] [D] [thread 18054] [5.0] [cxt 0] Deparser 'deparser': start
[20:00:27.358] [bmv2] [T] [thread 18054] [5.0] [cxt 0] Skipping checksum 'cksum' update because condition not met
[20:00:27.359] [bmv2] [D] [thread 18054] [5.0] [cxt 0] Deparsing header 'ethernet'
[20:00:27.359] [bmv2] [D] [thread 18054] [5.0] [cxt 0] Deparser 'deparser': end
[20:00:27.359] [bmv2] [D] [thread 18058] [5.0] [cxt 0] Transmitting packet of size 70 out of port 0
[20:00:34.781] [bmv2] [D] [thread 18053] [6.0] [cxt 0] Processing packet received on port 1
[20:00:34.781] [bmv2] [D] [thread 18053] [6.0] [cxt 0] Parser 'parser': start
[20:00:34.782] [bmv2] [D] [thread 18053] [6.0] [cxt 0] Parser 'parser' entering state 'start'
[20:00:34.782] [bmv2] [D] [thread 18053] [6.0] [cxt 0] Extracting header 'ethernet'
[20:00:34.782] [bmv2] [D] [thread 18053] [6.0] [cxt 0] Parser state 'start': key is 86dd
[20:00:34.782] [bmv2] [T] [thread 18053] [6.0] [cxt 0] Bytes parsed: 14
[20:00:34.782] [bmv2] [D] [thread 18053] [6.0] [cxt 0] Parser 'parser': end
[20:00:34.782] [bmv2] [D] [thread 18053] [6.0] [cxt 0] Pipeline 'ingress': start
[20:00:34.782] [bmv2] [T] [thread 18053] [6.0] [cxt 0] basic.p4(114) Condition "hdr.ipv4.isValid()" (node_2) is false
[20:00:34.782] [bmv2] [D] [thread 18053] [6.0] [cxt 0] Pipeline 'ingress': end
[20:00:34.782] [bmv2] [D] [thread 18053] [6.0] [cxt 0] Egress port is 0
[20:00:34.782] [bmv2] [D] [thread 18053] [7.0] [cxt 0] Processing packet received on port 2
[20:00:34.782] [bmv2] [D] [thread 18053] [7.0] [cxt 0] Parser 'parser': start
[20:00:34.782] [bmv2] [D] [thread 18053] [7.0] [cxt 0] Parser 'parser' entering state 'start'
[20:00:34.782] [bmv2] [D] [thread 18053] [7.0] [cxt 0] Extracting header 'ethernet'
[20:00:34.782] [bmv2] [D] [thread 18053] [7.0] [cxt 0] Parser state 'start': key is 86dd
[20:00:34.782] [bmv2] [T] [thread 18053] [7.0] [cxt 0] Bytes parsed: 14
[20:00:34.782] [bmv2] [D] [thread 18053] [7.0] [cxt 0] Parser 'parser': end
[20:00:34.782] [bmv2] [D] [thread 18053] [7.0] [cxt 0] Pipeline 'ingress': start
[20:00:34.782] [bmv2] [T] [thread 18053] [7.0] [cxt 0] basic.p4(114) Condition "hdr.ipv4.isValid()" (node_2) is false
[20:00:34.782] [bmv2] [D] [thread 18053] [7.0] [cxt 0] Pipeline 'ingress': end
[20:00:34.782] [bmv2] [D] [thread 18053] [7.0] [cxt 0] Egress port is 0
[20:00:34.782] [bmv2] [D] [thread 18054] [6.0] [cxt 0] Pipeline 'egress': start
[20:00:34.782] [bmv2] [D] [thread 18054] [6.0] [cxt 0] Pipeline 'egress': end
[20:00:34.782] [bmv2] [D] [thread 18054] [6.0] [cxt 0] Deparser 'deparser': start
[20:00:34.782] [bmv2] [T] [thread 18054] [6.0] [cxt 0] Skipping checksum 'cksum' update because condition not met
[20:00:34.782] [bmv2] [D] [thread 18054] [6.0] [cxt 0] Deparsing header 'ethernet'
[20:00:34.782] [bmv2] [D] [thread 18054] [6.0] [cxt 0] Deparser 'deparser': end
[20:00:34.782] [bmv2] [D] [thread 18054] [7.0] [cxt 0] Pipeline 'egress': start
[20:00:34.782] [bmv2] [D] [thread 18054] [7.0] [cxt 0] Pipeline 'egress': end
[20:00:34.782] [bmv2] [D] [thread 18054] [7.0] [cxt 0] Deparser 'deparser': start
[20:00:34.782] [bmv2] [T] [thread 18054] [7.0] [cxt 0] Skipping checksum 'cksum' update because condition not met
[20:00:34.782] [bmv2] [D] [thread 18054] [7.0] [cxt 0] Deparsing header 'ethernet'
[20:00:34.782] [bmv2] [D] [thread 18054] [7.0] [cxt 0] Deparser 'deparser': end
[20:00:34.782] [bmv2] [D] [thread 18058] [6.0] [cxt 0] Transmitting packet of size 70 out of port 0
[20:00:34.782] [bmv2] [D] [thread 18058] [7.0] [cxt 0] Transmitting packet of size 70 out of port 0
[20:00:35.038] [bmv2] [D] [thread 18053] [8.0] [cxt 0] Processing packet received on port 1
[20:00:35.038] [bmv2] [D] [thread 18053] [8.0] [cxt 0] Parser 'parser': start
[20:00:35.038] [bmv2] [D] [thread 18053] [8.0] [cxt 0] Parser 'parser' entering state 'start'
[20:00:35.038] [bmv2] [D] [thread 18053] [8.0] [cxt 0] Extracting header 'ethernet'
[20:00:35.038] [bmv2] [D] [thread 18053] [8.0] [cxt 0] Parser state 'start': key is 86dd
[20:00:35.038] [bmv2] [T] [thread 18053] [8.0] [cxt 0] Bytes parsed: 14
[20:00:35.038] [bmv2] [D] [thread 18053] [8.0] [cxt 0] Parser 'parser': end
[20:00:35.038] [bmv2] [D] [thread 18053] [8.0] [cxt 0] Pipeline 'ingress': start
[20:00:35.038] [bmv2] [T] [thread 18053] [8.0] [cxt 0] basic.p4(114) Condition "hdr.ipv4.isValid()" (node_2) is false
[20:00:35.038] [bmv2] [D] [thread 18053] [8.0] [cxt 0] Pipeline 'ingress': end
[20:00:35.038] [bmv2] [D] [thread 18053] [8.0] [cxt 0] Egress port is 0
[20:00:35.042] [bmv2] [D] [thread 18054] [8.0] [cxt 0] Pipeline 'egress': start
[20:00:35.043] [bmv2] [D] [thread 18054] [8.0] [cxt 0] Pipeline 'egress': end
[20:00:35.043] [bmv2] [D] [thread 18054] [8.0] [cxt 0] Deparser 'deparser': start
[20:00:35.043] [bmv2] [T] [thread 18054] [8.0] [cxt 0] Skipping checksum 'cksum' update because condition not met
[20:00:35.043] [bmv2] [D] [thread 18054] [8.0] [cxt 0] Deparsing header 'ethernet'
[20:00:35.043] [bmv2] [D] [thread 18054] [8.0] [cxt 0] Deparser 'deparser': end
[20:00:35.043] [bmv2] [D] [thread 18058] [8.0] [cxt 0] Transmitting packet of size 70 out of port 0
[20:00:36.062] [bmv2] [D] [thread 18053] [9.0] [cxt 0] Processing packet received on port 2
[20:00:36.062] [bmv2] [D] [thread 18053] [9.0] [cxt 0] Parser 'parser': start
[20:00:36.062] [bmv2] [D] [thread 18053] [9.0] [cxt 0] Parser 'parser' entering state 'start'
[20:00:36.062] [bmv2] [D] [thread 18053] [9.0] [cxt 0] Extracting header 'ethernet'
[20:00:36.062] [bmv2] [D] [thread 18053] [9.0] [cxt 0] Parser state 'start': key is 86dd
[20:00:36.062] [bmv2] [T] [thread 18053] [9.0] [cxt 0] Bytes parsed: 14
[20:00:36.062] [bmv2] [D] [thread 18053] [9.0] [cxt 0] Parser 'parser': end
[20:00:36.062] [bmv2] [D] [thread 18053] [9.0] [cxt 0] Pipeline 'ingress': start
[20:00:36.062] [bmv2] [T] [thread 18053] [9.0] [cxt 0] basic.p4(114) Condition "hdr.ipv4.isValid()" (node_2) is false
[20:00:36.062] [bmv2] [D] [thread 18053] [9.0] [cxt 0] Pipeline 'ingress': end
[20:00:36.062] [bmv2] [D] [thread 18053] [9.0] [cxt 0] Egress port is 0
[20:00:36.062] [bmv2] [D] [thread 18054] [9.0] [cxt 0] Pipeline 'egress': start
[20:00:36.062] [bmv2] [D] [thread 18054] [9.0] [cxt 0] Pipeline 'egress': end
[20:00:36.062] [bmv2] [D] [thread 18054] [9.0] [cxt 0] Deparser 'deparser': start
[20:00:36.062] [bmv2] [T] [thread 18054] [9.0] [cxt 0] Skipping checksum 'cksum' update because condition not met
[20:00:36.062] [bmv2] [D] [thread 18054] [9.0] [cxt 0] Deparsing header 'ethernet'
[20:00:36.062] [bmv2] [D] [thread 18054] [9.0] [cxt 0] Deparser 'deparser': end
[20:00:36.062] [bmv2] [D] [thread 18058] [9.0] [cxt 0] Transmitting packet of size 70 out of port 0
[20:00:50.912] [bmv2] [D] [thread 18053] [10.0] [cxt 0] Processing packet received on port 2
[20:00:50.912] [bmv2] [D] [thread 18053] [10.0] [cxt 0] Parser 'parser': start
[20:00:50.912] [bmv2] [D] [thread 18053] [10.0] [cxt 0] Parser 'parser' entering state 'start'
[20:00:50.912] [bmv2] [D] [thread 18053] [10.0] [cxt 0] Extracting header 'ethernet'
[20:00:50.912] [bmv2] [D] [thread 18053] [10.0] [cxt 0] Parser state 'start': key is 86dd
[20:00:50.912] [bmv2] [T] [thread 18053] [10.0] [cxt 0] Bytes parsed: 14
[20:00:50.912] [bmv2] [D] [thread 18053] [10.0] [cxt 0] Parser 'parser': end
[20:00:50.912] [bmv2] [D] [thread 18053] [10.0] [cxt 0] Pipeline 'ingress': start
[20:00:50.912] [bmv2] [T] [thread 18053] [10.0] [cxt 0] basic.p4(114) Condition "hdr.ipv4.isValid()" (node_2) is false
[20:00:50.912] [bmv2] [D] [thread 18053] [10.0] [cxt 0] Pipeline 'ingress': end
[20:00:50.912] [bmv2] [D] [thread 18053] [10.0] [cxt 0] Egress port is 0
[20:00:50.913] [bmv2] [D] [thread 18054] [10.0] [cxt 0] Pipeline 'egress': start
[20:00:50.913] [bmv2] [D] [thread 18054] [10.0] [cxt 0] Pipeline 'egress': end
[20:00:50.913] [bmv2] [D] [thread 18054] [10.0] [cxt 0] Deparser 'deparser': start
[20:00:50.913] [bmv2] [T] [thread 18054] [10.0] [cxt 0] Skipping checksum 'cksum' update because condition not met
[20:00:50.913] [bmv2] [D] [thread 18054] [10.0] [cxt 0] Deparsing header 'ethernet'
[20:00:50.913] [bmv2] [D] [thread 18054] [10.0] [cxt 0] Deparser 'deparser': end
[20:00:50.913] [bmv2] [D] [thread 18058] [10.0] [cxt 0] Transmitting packet of size 70 out of port 0
[20:00:53.214] [bmv2] [D] [thread 18053] [11.0] [cxt 0] Processing packet received on port 1
[20:00:53.214] [bmv2] [D] [thread 18053] [11.0] [cxt 0] Parser 'parser': start
[20:00:53.214] [bmv2] [D] [thread 18053] [11.0] [cxt 0] Parser 'parser' entering state 'start'
[20:00:53.214] [bmv2] [D] [thread 18053] [11.0] [cxt 0] Extracting header 'ethernet'
[20:00:53.214] [bmv2] [D] [thread 18053] [11.0] [cxt 0] Parser state 'start': key is 86dd
[20:00:53.214] [bmv2] [T] [thread 18053] [11.0] [cxt 0] Bytes parsed: 14
[20:00:53.214] [bmv2] [D] [thread 18053] [11.0] [cxt 0] Parser 'parser': end
[20:00:53.214] [bmv2] [D] [thread 18053] [11.0] [cxt 0] Pipeline 'ingress': start
[20:00:53.214] [bmv2] [T] [thread 18053] [11.0] [cxt 0] basic.p4(114) Condition "hdr.ipv4.isValid()" (node_2) is false
[20:00:53.214] [bmv2] [D] [thread 18053] [11.0] [cxt 0] Pipeline 'ingress': end
[20:00:53.214] [bmv2] [D] [thread 18053] [11.0] [cxt 0] Egress port is 0
[20:00:53.214] [bmv2] [D] [thread 18054] [11.0] [cxt 0] Pipeline 'egress': start
[20:00:53.214] [bmv2] [D] [thread 18054] [11.0] [cxt 0] Pipeline 'egress': end
[20:00:53.214] [bmv2] [D] [thread 18054] [11.0] [cxt 0] Deparser 'deparser': start
[20:00:53.214] [bmv2] [T] [thread 18054] [11.0] [cxt 0] Skipping checksum 'cksum' update because condition not met
[20:00:53.214] [bmv2] [D] [thread 18054] [11.0] [cxt 0] Deparsing header 'ethernet'
[20:00:53.214] [bmv2] [D] [thread 18054] [11.0] [cxt 0] Deparser 'deparser': end
[20:00:53.214] [bmv2] [D] [thread 18058] [11.0] [cxt 0] Transmitting packet of size 70 out of port 0
[20:00:53.214] [bmv2] [D] [thread 18053] [12.0] [cxt 0] Processing packet received on port 2
[20:00:53.214] [bmv2] [D] [thread 18053] [12.0] [cxt 0] Parser 'parser': start
[20:00:53.214] [bmv2] [D] [thread 18053] [12.0] [cxt 0] Parser 'parser' entering state 'start'
[20:00:53.215] [bmv2] [D] [thread 18053] [12.0] [cxt 0] Extracting header 'ethernet'
[20:00:53.215] [bmv2] [D] [thread 18053] [12.0] [cxt 0] Parser state 'start': key is 86dd
[20:00:53.215] [bmv2] [T] [thread 18053] [12.0] [cxt 0] Bytes parsed: 14
[20:00:53.215] [bmv2] [D] [thread 18053] [12.0] [cxt 0] Parser 'parser': end
[20:00:53.215] [bmv2] [D] [thread 18053] [12.0] [cxt 0] Pipeline 'ingress': start
[20:00:53.215] [bmv2] [T] [thread 18053] [12.0] [cxt 0] basic.p4(114) Condition "hdr.ipv4.isValid()" (node_2) is false
[20:00:53.215] [bmv2] [D] [thread 18053] [12.0] [cxt 0] Pipeline 'ingress': end
[20:00:53.215] [bmv2] [D] [thread 18053] [12.0] [cxt 0] Egress port is 0
[20:00:53.215] [bmv2] [D] [thread 18054] [12.0] [cxt 0] Pipeline 'egress': start
[20:00:53.215] [bmv2] [D] [thread 18054] [12.0] [cxt 0] Pipeline 'egress': end
[20:00:53.215] [bmv2] [D] [thread 18054] [12.0] [cxt 0] Deparser 'deparser': start
[20:00:53.215] [bmv2] [T] [thread 18054] [12.0] [cxt 0] Skipping checksum 'cksum' update because condition not met
[20:00:53.215] [bmv2] [D] [thread 18054] [12.0] [cxt 0] Deparsing header 'ethernet'
[20:00:53.215] [bmv2] [D] [thread 18054] [12.0] [cxt 0] Deparser 'deparser': end
[20:00:53.215] [bmv2] [D] [thread 18058] [12.0] [cxt 0] Transmitting packet of size 70 out of port 0
[20:00:53.215] [bmv2] [D] [thread 18053] [13.0] [cxt 0] Processing packet received on port 1
[20:00:53.215] [bmv2] [D] [thread 18053] [13.0] [cxt 0] Parser 'parser': start
[20:00:53.215] [bmv2] [D] [thread 18053] [13.0] [cxt 0] Parser 'parser' entering state 'start'
[20:00:53.215] [bmv2] [D] [thread 18053] [13.0] [cxt 0] Extracting header 'ethernet'
[20:00:53.215] [bmv2] [D] [thread 18053] [13.0] [cxt 0] Parser state 'start': key is 86dd
[20:00:53.215] [bmv2] [T] [thread 18053] [13.0] [cxt 0] Bytes parsed: 14
[20:00:53.215] [bmv2] [D] [thread 18053] [13.0] [cxt 0] Parser 'parser': end
[20:00:53.215] [bmv2] [D] [thread 18053] [13.0] [cxt 0] Pipeline 'ingress': start
[20:00:53.215] [bmv2] [T] [thread 18053] [13.0] [cxt 0] basic.p4(114) Condition "hdr.ipv4.isValid()" (node_2) is false
[20:00:53.215] [bmv2] [D] [thread 18053] [13.0] [cxt 0] Pipeline 'ingress': end
[20:00:53.215] [bmv2] [D] [thread 18053] [13.0] [cxt 0] Egress port is 0
[20:00:53.215] [bmv2] [D] [thread 18054] [13.0] [cxt 0] Pipeline 'egress': start
[20:00:53.215] [bmv2] [D] [thread 18054] [13.0] [cxt 0] Pipeline 'egress': end
[20:00:53.215] [bmv2] [D] [thread 18054] [13.0] [cxt 0] Deparser 'deparser': start
[20:00:53.215] [bmv2] [T] [thread 18054] [13.0] [cxt 0] Skipping checksum 'cksum' update because condition not met
[20:00:53.215] [bmv2] [D] [thread 18054] [13.0] [cxt 0] Deparsing header 'ethernet'
[20:00:53.215] [bmv2] [D] [thread 18054] [13.0] [cxt 0] Deparser 'deparser': end
[20:00:53.215] [bmv2] [D] [thread 18058] [13.0] [cxt 0] Transmitting packet of size 70 out of port 0
[20:01:23.934] [bmv2] [D] [thread 18053] [14.0] [cxt 0] Processing packet received on port 2
[20:01:23.934] [bmv2] [D] [thread 18053] [14.0] [cxt 0] Parser 'parser': start
[20:01:23.934] [bmv2] [D] [thread 18053] [14.0] [cxt 0] Parser 'parser' entering state 'start'
[20:01:23.934] [bmv2] [D] [thread 18053] [14.0] [cxt 0] Extracting header 'ethernet'
[20:01:23.934] [bmv2] [D] [thread 18053] [14.0] [cxt 0] Parser state 'start': key is 86dd
[20:01:23.934] [bmv2] [T] [thread 18053] [14.0] [cxt 0] Bytes parsed: 14
[20:01:23.934] [bmv2] [D] [thread 18053] [14.0] [cxt 0] Parser 'parser': end
[20:01:23.934] [bmv2] [D] [thread 18053] [14.0] [cxt 0] Pipeline 'ingress': start
[20:01:23.934] [bmv2] [T] [thread 18053] [14.0] [cxt 0] basic.p4(114) Condition "hdr.ipv4.isValid()" (node_2) is false
[20:01:23.934] [bmv2] [D] [thread 18053] [14.0] [cxt 0] Pipeline 'ingress': end
[20:01:23.934] [bmv2] [D] [thread 18053] [14.0] [cxt 0] Egress port is 0
[20:01:23.934] [bmv2] [D] [thread 18054] [14.0] [cxt 0] Pipeline 'egress': start
[20:01:23.934] [bmv2] [D] [thread 18054] [14.0] [cxt 0] Pipeline 'egress': end
[20:01:23.934] [bmv2] [D] [thread 18054] [14.0] [cxt 0] Deparser 'deparser': start
[20:01:23.934] [bmv2] [T] [thread 18054] [14.0] [cxt 0] Skipping checksum 'cksum' update because condition not met
[20:01:23.934] [bmv2] [D] [thread 18054] [14.0] [cxt 0] Deparsing header 'ethernet'
[20:01:23.934] [bmv2] [D] [thread 18054] [14.0] [cxt 0] Deparser 'deparser': end
[20:01:23.934] [bmv2] [D] [thread 18058] [14.0] [cxt 0] Transmitting packet of size 70 out of port 0
[20:01:25.982] [bmv2] [D] [thread 18053] [15.0] [cxt 0] Processing packet received on port 2
[20:01:25.982] [bmv2] [D] [thread 18053] [15.0] [cxt 0] Parser 'parser': start
[20:01:25.982] [bmv2] [D] [thread 18053] [15.0] [cxt 0] Parser 'parser' entering state 'start'
[20:01:25.982] [bmv2] [D] [thread 18053] [15.0] [cxt 0] Extracting header 'ethernet'
[20:01:25.982] [bmv2] [D] [thread 18053] [15.0] [cxt 0] Parser state 'start': key is 86dd
[20:01:25.982] [bmv2] [T] [thread 18053] [15.0] [cxt 0] Bytes parsed: 14
[20:01:25.982] [bmv2] [D] [thread 18053] [15.0] [cxt 0] Parser 'parser': end
[20:01:25.982] [bmv2] [D] [thread 18053] [15.0] [cxt 0] Pipeline 'ingress': start
[20:01:25.982] [bmv2] [T] [thread 18053] [15.0] [cxt 0] basic.p4(114) Condition "hdr.ipv4.isValid()" (node_2) is false
[20:01:25.982] [bmv2] [D] [thread 18053] [15.0] [cxt 0] Pipeline 'ingress': end
[20:01:25.982] [bmv2] [D] [thread 18053] [15.0] [cxt 0] Egress port is 0
[20:01:25.982] [bmv2] [D] [thread 18054] [15.0] [cxt 0] Pipeline 'egress': start
[20:01:25.982] [bmv2] [D] [thread 18054] [15.0] [cxt 0] Pipeline 'egress': end
[20:01:25.982] [bmv2] [D] [thread 18054] [15.0] [cxt 0] Deparser 'deparser': start
[20:01:25.982] [bmv2] [T] [thread 18054] [15.0] [cxt 0] Skipping checksum 'cksum' update because condition not met
[20:01:25.982] [bmv2] [D] [thread 18054] [15.0] [cxt 0] Deparsing header 'ethernet'
[20:01:25.982] [bmv2] [D] [thread 18054] [15.0] [cxt 0] Deparser 'deparser': end
[20:01:25.982] [bmv2] [D] [thread 18058] [15.0] [cxt 0] Transmitting packet of size 70 out of port 0
[20:01:28.030] [bmv2] [D] [thread 18053] [16.0] [cxt 0] Processing packet received on port 1
[20:01:28.030] [bmv2] [D] [thread 18053] [16.0] [cxt 0] Parser 'parser': start
[20:01:28.030] [bmv2] [D] [thread 18053] [16.0] [cxt 0] Parser 'parser' entering state 'start'
[20:01:28.030] [bmv2] [D] [thread 18053] [16.0] [cxt 0] Extracting header 'ethernet'
[20:01:28.030] [bmv2] [D] [thread 18053] [16.0] [cxt 0] Parser state 'start': key is 86dd
[20:01:28.030] [bmv2] [T] [thread 18053] [16.0] [cxt 0] Bytes parsed: 14
[20:01:28.030] [bmv2] [D] [thread 18053] [16.0] [cxt 0] Parser 'parser': end
[20:01:28.030] [bmv2] [D] [thread 18053] [16.0] [cxt 0] Pipeline 'ingress': start
[20:01:28.030] [bmv2] [T] [thread 18053] [16.0] [cxt 0] basic.p4(114) Condition "hdr.ipv4.isValid()" (node_2) is false
[20:01:28.030] [bmv2] [D] [thread 18053] [16.0] [cxt 0] Pipeline 'ingress': end
[20:01:28.030] [bmv2] [D] [thread 18053] [16.0] [cxt 0] Egress port is 0
[20:01:28.030] [bmv2] [D] [thread 18053] [17.0] [cxt 0] Processing packet received on port 1
[20:01:28.030] [bmv2] [D] [thread 18053] [17.0] [cxt 0] Parser 'parser': start
[20:01:28.030] [bmv2] [D] [thread 18053] [17.0] [cxt 0] Parser 'parser' entering state 'start'
[20:01:28.030] [bmv2] [D] [thread 18053] [17.0] [cxt 0] Extracting header 'ethernet'
[20:01:28.030] [bmv2] [D] [thread 18053] [17.0] [cxt 0] Parser state 'start': key is 86dd
[20:01:28.030] [bmv2] [T] [thread 18053] [17.0] [cxt 0] Bytes parsed: 14
[20:01:28.030] [bmv2] [D] [thread 18053] [17.0] [cxt 0] Parser 'parser': end
[20:01:28.030] [bmv2] [D] [thread 18053] [17.0] [cxt 0] Pipeline 'ingress': start
[20:01:28.030] [bmv2] [T] [thread 18053] [17.0] [cxt 0] basic.p4(114) Condition "hdr.ipv4.isValid()" (node_2) is false
[20:01:28.030] [bmv2] [D] [thread 18053] [17.0] [cxt 0] Pipeline 'ingress': end
[20:01:28.031] [bmv2] [D] [thread 18053] [17.0] [cxt 0] Egress port is 0
[20:01:28.031] [bmv2] [D] [thread 18054] [16.0] [cxt 0] Pipeline 'egress': start
[20:01:28.031] [bmv2] [D] [thread 18054] [16.0] [cxt 0] Pipeline 'egress': end
[20:01:28.031] [bmv2] [D] [thread 18054] [16.0] [cxt 0] Deparser 'deparser': start
[20:01:28.031] [bmv2] [T] [thread 18054] [16.0] [cxt 0] Skipping checksum 'cksum' update because condition not met
[20:01:28.031] [bmv2] [D] [thread 18054] [16.0] [cxt 0] Deparsing header 'ethernet'
[20:01:28.031] [bmv2] [D] [thread 18054] [16.0] [cxt 0] Deparser 'deparser': end
[20:01:28.031] [bmv2] [D] [thread 18054] [17.0] [cxt 0] Pipeline 'egress': start
[20:01:28.031] [bmv2] [D] [thread 18054] [17.0] [cxt 0] Pipeline 'egress': end
[20:01:28.031] [bmv2] [D] [thread 18054] [17.0] [cxt 0] Deparser 'deparser': start
[20:01:28.031] [bmv2] [T] [thread 18054] [17.0] [cxt 0] Skipping checksum 'cksum' update because condition not met
[20:01:28.031] [bmv2] [D] [thread 18054] [17.0] [cxt 0] Deparsing header 'ethernet'
[20:01:28.031] [bmv2] [D] [thread 18054] [17.0] [cxt 0] Deparser 'deparser': end
[20:01:28.031] [bmv2] [D] [thread 18058] [16.0] [cxt 0] Transmitting packet of size 70 out of port 0
[20:01:28.031] [bmv2] [D] [thread 18058] [17.0] [cxt 0] Transmitting packet of size 70 out of port 0
[20:02:27.422] [bmv2] [D] [thread 18053] [18.0] [cxt 0] Processing packet received on port 2
[20:02:27.422] [bmv2] [D] [thread 18053] [18.0] [cxt 0] Parser 'parser': start
[20:02:27.422] [bmv2] [D] [thread 18053] [18.0] [cxt 0] Parser 'parser' entering state 'start'
[20:02:27.422] [bmv2] [D] [thread 18053] [18.0] [cxt 0] Extracting header 'ethernet'
[20:02:27.422] [bmv2] [D] [thread 18053] [18.0] [cxt 0] Parser state 'start': key is 86dd
[20:02:27.422] [bmv2] [T] [thread 18053] [18.0] [cxt 0] Bytes parsed: 14
[20:02:27.422] [bmv2] [D] [thread 18053] [18.0] [cxt 0] Parser 'parser': end
[20:02:27.422] [bmv2] [D] [thread 18053] [18.0] [cxt 0] Pipeline 'ingress': start
[20:02:27.422] [bmv2] [T] [thread 18053] [18.0] [cxt 0] basic.p4(114) Condition "hdr.ipv4.isValid()" (node_2) is false
[20:02:27.422] [bmv2] [D] [thread 18053] [18.0] [cxt 0] Pipeline 'ingress': end
[20:02:27.422] [bmv2] [D] [thread 18053] [18.0] [cxt 0] Egress port is 0
[20:02:27.422] [bmv2] [D] [thread 18054] [18.0] [cxt 0] Pipeline 'egress': start
[20:02:27.422] [bmv2] [D] [thread 18054] [18.0] [cxt 0] Pipeline 'egress': end
[20:02:27.422] [bmv2] [D] [thread 18054] [18.0] [cxt 0] Deparser 'deparser': start
[20:02:27.422] [bmv2] [T] [thread 18054] [18.0] [cxt 0] Skipping checksum 'cksum' update because condition not met
[20:02:27.422] [bmv2] [D] [thread 18054] [18.0] [cxt 0] Deparsing header 'ethernet'
[20:02:27.422] [bmv2] [D] [thread 18054] [18.0] [cxt 0] Deparser 'deparser': end
[20:02:27.422] [bmv2] [D] [thread 18058] [18.0] [cxt 0] Transmitting packet of size 70 out of port 0
[20:02:29.470] [bmv2] [D] [thread 18053] [19.0] [cxt 0] Processing packet received on port 2
[20:02:29.470] [bmv2] [D] [thread 18053] [19.0] [cxt 0] Parser 'parser': start
[20:02:29.470] [bmv2] [D] [thread 18053] [19.0] [cxt 0] Parser 'parser' entering state 'start'
[20:02:29.470] [bmv2] [D] [thread 18053] [19.0] [cxt 0] Extracting header 'ethernet'
[20:02:29.470] [bmv2] [D] [thread 18053] [19.0] [cxt 0] Parser state 'start': key is 86dd
[20:02:29.470] [bmv2] [T] [thread 18053] [19.0] [cxt 0] Bytes parsed: 14
[20:02:29.470] [bmv2] [D] [thread 18053] [19.0] [cxt 0] Parser 'parser': end
[20:02:29.470] [bmv2] [D] [thread 18053] [19.0] [cxt 0] Pipeline 'ingress': start
[20:02:29.470] [bmv2] [T] [thread 18053] [19.0] [cxt 0] basic.p4(114) Condition "hdr.ipv4.isValid()" (node_2) is false
[20:02:29.470] [bmv2] [D] [thread 18053] [19.0] [cxt 0] Pipeline 'ingress': end
[20:02:29.470] [bmv2] [D] [thread 18053] [19.0] [cxt 0] Egress port is 0
[20:02:29.470] [bmv2] [D] [thread 18054] [19.0] [cxt 0] Pipeline 'egress': start
[20:02:29.470] [bmv2] [D] [thread 18054] [19.0] [cxt 0] Pipeline 'egress': end
[20:02:29.470] [bmv2] [D] [thread 18054] [19.0] [cxt 0] Deparser 'deparser': start
[20:02:29.470] [bmv2] [T] [thread 18054] [19.0] [cxt 0] Skipping checksum 'cksum' update because condition not met
[20:02:29.470] [bmv2] [D] [thread 18054] [19.0] [cxt 0] Deparsing header 'ethernet'
[20:02:29.470] [bmv2] [D] [thread 18054] [19.0] [cxt 0] Deparser 'deparser': end
[20:02:29.470] [bmv2] [D] [thread 18058] [19.0] [cxt 0] Transmitting packet of size 70 out of port 0
[20:02:35.614] [bmv2] [D] [thread 18053] [20.0] [cxt 0] Processing packet received on port 1
[20:02:35.614] [bmv2] [D] [thread 18053] [20.0] [cxt 0] Parser 'parser': start
[20:02:35.614] [bmv2] [D] [thread 18053] [20.0] [cxt 0] Parser 'parser' entering state 'start'
[20:02:35.614] [bmv2] [D] [thread 18053] [20.0] [cxt 0] Extracting header 'ethernet'
[20:02:35.614] [bmv2] [D] [thread 18053] [20.0] [cxt 0] Parser state 'start': key is 86dd
[20:02:35.614] [bmv2] [T] [thread 18053] [20.0] [cxt 0] Bytes parsed: 14
[20:02:35.614] [bmv2] [D] [thread 18053] [20.0] [cxt 0] Parser 'parser': end
[20:02:35.615] [bmv2] [D] [thread 18053] [20.0] [cxt 0] Pipeline 'ingress': start
[20:02:35.615] [bmv2] [T] [thread 18053] [20.0] [cxt 0] basic.p4(114) Condition "hdr.ipv4.isValid()" (node_2) is false
[20:02:35.615] [bmv2] [D] [thread 18053] [20.0] [cxt 0] Pipeline 'ingress': end
[20:02:35.615] [bmv2] [D] [thread 18053] [20.0] [cxt 0] Egress port is 0
[20:02:35.615] [bmv2] [D] [thread 18054] [20.0] [cxt 0] Pipeline 'egress': start
[20:02:35.615] [bmv2] [D] [thread 18054] [20.0] [cxt 0] Pipeline 'egress': end
[20:02:35.615] [bmv2] [D] [thread 18054] [20.0] [cxt 0] Deparser 'deparser': start
[20:02:35.615] [bmv2] [T] [thread 18054] [20.0] [cxt 0] Skipping checksum 'cksum' update because condition not met
[20:02:35.615] [bmv2] [D] [thread 18054] [20.0] [cxt 0] Deparsing header 'ethernet'
[20:02:35.615] [bmv2] [D] [thread 18054] [20.0] [cxt 0] Deparser 'deparser': end
[20:02:35.615] [bmv2] [D] [thread 18058] [20.0] [cxt 0] Transmitting packet of size 70 out of port 0
[20:02:37.662] [bmv2] [D] [thread 18053] [21.0] [cxt 0] Processing packet received on port 1
[20:02:37.662] [bmv2] [D] [thread 18053] [21.0] [cxt 0] Parser 'parser': start
[20:02:37.662] [bmv2] [D] [thread 18053] [21.0] [cxt 0] Parser 'parser' entering state 'start'
[20:02:37.662] [bmv2] [D] [thread 18053] [21.0] [cxt 0] Extracting header 'ethernet'
[20:02:37.662] [bmv2] [D] [thread 18053] [21.0] [cxt 0] Parser state 'start': key is 86dd
[20:02:37.662] [bmv2] [T] [thread 18053] [21.0] [cxt 0] Bytes parsed: 14
[20:02:37.662] [bmv2] [D] [thread 18053] [21.0] [cxt 0] Parser 'parser': end
[20:02:37.662] [bmv2] [D] [thread 18053] [21.0] [cxt 0] Pipeline 'ingress': start
[20:02:37.662] [bmv2] [T] [thread 18053] [21.0] [cxt 0] basic.p4(114) Condition "hdr.ipv4.isValid()" (node_2) is false
[20:02:37.662] [bmv2] [D] [thread 18053] [21.0] [cxt 0] Pipeline 'ingress': end
[20:02:37.662] [bmv2] [D] [thread 18053] [21.0] [cxt 0] Egress port is 0
[20:02:37.662] [bmv2] [D] [thread 18054] [21.0] [cxt 0] Pipeline 'egress': start
[20:02:37.662] [bmv2] [D] [thread 18054] [21.0] [cxt 0] Pipeline 'egress': end
[20:02:37.662] [bmv2] [D] [thread 18054] [21.0] [cxt 0] Deparser 'deparser': start
[20:02:37.662] [bmv2] [T] [thread 18054] [21.0] [cxt 0] Skipping checksum 'cksum' update because condition not met
[20:02:37.662] [bmv2] [D] [thread 18054] [21.0] [cxt 0] Deparsing header 'ethernet'
[20:02:37.662] [bmv2] [D] [thread 18054] [21.0] [cxt 0] Deparser 'deparser': end
[20:02:37.662] [bmv2] [D] [thread 18058] [21.0] [cxt 0] Transmitting packet of size 70 out of port 0
[20:04:42.590] [bmv2] [D] [thread 18053] [22.0] [cxt 0] Processing packet received on port 2
[20:04:42.590] [bmv2] [D] [thread 18053] [22.0] [cxt 0] Parser 'parser': start
[20:04:42.590] [bmv2] [D] [thread 18053] [22.0] [cxt 0] Parser 'parser' entering state 'start'
[20:04:42.590] [bmv2] [D] [thread 18053] [22.0] [cxt 0] Extracting header 'ethernet'
[20:04:42.590] [bmv2] [D] [thread 18053] [22.0] [cxt 0] Parser state 'start': key is 86dd
[20:04:42.590] [bmv2] [T] [thread 18053] [22.0] [cxt 0] Bytes parsed: 14
[20:04:42.590] [bmv2] [D] [thread 18053] [22.0] [cxt 0] Parser 'parser': end
[20:04:42.591] [bmv2] [D] [thread 18053] [22.0] [cxt 0] Pipeline 'ingress': start
[20:04:42.591] [bmv2] [T] [thread 18053] [22.0] [cxt 0] basic.p4(114) Condition "hdr.ipv4.isValid()" (node_2) is false
[20:04:42.591] [bmv2] [D] [thread 18053] [22.0] [cxt 0] Pipeline 'ingress': end
[20:04:42.591] [bmv2] [D] [thread 18053] [22.0] [cxt 0] Egress port is 0
[20:04:42.591] [bmv2] [D] [thread 18053] [23.0] [cxt 0] Processing packet received on port 2
[20:04:42.591] [bmv2] [D] [thread 18053] [23.0] [cxt 0] Parser 'parser': start
[20:04:42.591] [bmv2] [D] [thread 18053] [23.0] [cxt 0] Parser 'parser' entering state 'start'
[20:04:42.591] [bmv2] [D] [thread 18053] [23.0] [cxt 0] Extracting header 'ethernet'
[20:04:42.591] [bmv2] [D] [thread 18053] [23.0] [cxt 0] Parser state 'start': key is 86dd
[20:04:42.591] [bmv2] [T] [thread 18053] [23.0] [cxt 0] Bytes parsed: 14
[20:04:42.591] [bmv2] [D] [thread 18053] [23.0] [cxt 0] Parser 'parser': end
[20:04:42.591] [bmv2] [D] [thread 18053] [23.0] [cxt 0] Pipeline 'ingress': start
[20:04:42.591] [bmv2] [T] [thread 18053] [23.0] [cxt 0] basic.p4(114) Condition "hdr.ipv4.isValid()" (node_2) is false
[20:04:42.591] [bmv2] [D] [thread 18053] [23.0] [cxt 0] Pipeline 'ingress': end
[20:04:42.591] [bmv2] [D] [thread 18053] [23.0] [cxt 0] Egress port is 0
[20:04:42.591] [bmv2] [D] [thread 18054] [22.0] [cxt 0] Pipeline 'egress': start
[20:04:42.591] [bmv2] [D] [thread 18054] [22.0] [cxt 0] Pipeline 'egress': end
[20:04:42.591] [bmv2] [D] [thread 18054] [22.0] [cxt 0] Deparser 'deparser': start
[20:04:42.591] [bmv2] [T] [thread 18054] [22.0] [cxt 0] Skipping checksum 'cksum' update because condition not met
[20:04:42.591] [bmv2] [D] [thread 18054] [22.0] [cxt 0] Deparsing header 'ethernet'
[20:04:42.591] [bmv2] [D] [thread 18054] [22.0] [cxt 0] Deparser 'deparser': end
[20:04:42.591] [bmv2] [D] [thread 18054] [23.0] [cxt 0] Pipeline 'egress': start
[20:04:42.591] [bmv2] [D] [thread 18054] [23.0] [cxt 0] Pipeline 'egress': end
[20:04:42.591] [bmv2] [D] [thread 18054] [23.0] [cxt 0] Deparser 'deparser': start
[20:04:42.591] [bmv2] [T] [thread 18054] [23.0] [cxt 0] Skipping checksum 'cksum' update because condition not met
[20:04:42.591] [bmv2] [D] [thread 18054] [23.0] [cxt 0] Deparsing header 'ethernet'
[20:04:42.591] [bmv2] [D] [thread 18054] [23.0] [cxt 0] Deparser 'deparser': end
[20:04:42.591] [bmv2] [D] [thread 18058] [22.0] [cxt 0] Transmitting packet of size 70 out of port 0
[20:04:42.591] [bmv2] [D] [thread 18058] [23.0] [cxt 0] Transmitting packet of size 70 out of port 0
[20:04:44.640] [bmv2] [D] [thread 18053] [24.0] [cxt 0] Processing packet received on port 1
[20:04:44.640] [bmv2] [D] [thread 18053] [24.0] [cxt 0] Parser 'parser': start
[20:04:44.640] [bmv2] [D] [thread 18053] [24.0] [cxt 0] Parser 'parser' entering state 'start'
[20:04:44.640] [bmv2] [D] [thread 18053] [24.0] [cxt 0] Extracting header 'ethernet'
[20:04:44.640] [bmv2] [D] [thread 18053] [24.0] [cxt 0] Parser state 'start': key is 86dd
[20:04:44.640] [bmv2] [T] [thread 18053] [24.0] [cxt 0] Bytes parsed: 14
[20:04:44.640] [bmv2] [D] [thread 18053] [24.0] [cxt 0] Parser 'parser': end
[20:04:44.640] [bmv2] [D] [thread 18053] [24.0] [cxt 0] Pipeline 'ingress': start
[20:04:44.640] [bmv2] [T] [thread 18053] [24.0] [cxt 0] basic.p4(114) Condition "hdr.ipv4.isValid()" (node_2) is false
[20:04:44.640] [bmv2] [D] [thread 18053] [24.0] [cxt 0] Pipeline 'ingress': end
[20:04:44.640] [bmv2] [D] [thread 18053] [24.0] [cxt 0] Egress port is 0
[20:04:44.640] [bmv2] [D] [thread 18054] [24.0] [cxt 0] Pipeline 'egress': start
[20:04:44.640] [bmv2] [D] [thread 18054] [24.0] [cxt 0] Pipeline 'egress': end
[20:04:44.640] [bmv2] [D] [thread 18054] [24.0] [cxt 0] Deparser 'deparser': start
[20:04:44.640] [bmv2] [T] [thread 18054] [24.0] [cxt 0] Skipping checksum 'cksum' update because condition not met
[20:04:44.640] [bmv2] [D] [thread 18054] [24.0] [cxt 0] Deparsing header 'ethernet'
[20:04:44.640] [bmv2] [D] [thread 18054] [24.0] [cxt 0] Deparser 'deparser': end
[20:04:44.640] [bmv2] [D] [thread 18058] [24.0] [cxt 0] Transmitting packet of size 70 out of port 0
[20:04:58.974] [bmv2] [D] [thread 18053] [25.0] [cxt 0] Processing packet received on port 1
[20:04:58.974] [bmv2] [D] [thread 18053] [25.0] [cxt 0] Parser 'parser': start
[20:04:58.974] [bmv2] [D] [thread 18053] [25.0] [cxt 0] Parser 'parser' entering state 'start'
[20:04:58.974] [bmv2] [D] [thread 18053] [25.0] [cxt 0] Extracting header 'ethernet'
[20:04:58.974] [bmv2] [D] [thread 18053] [25.0] [cxt 0] Parser state 'start': key is 86dd
[20:04:58.974] [bmv2] [T] [thread 18053] [25.0] [cxt 0] Bytes parsed: 14
[20:04:58.974] [bmv2] [D] [thread 18053] [25.0] [cxt 0] Parser 'parser': end
[20:04:58.974] [bmv2] [D] [thread 18053] [25.0] [cxt 0] Pipeline 'ingress': start
[20:04:58.974] [bmv2] [T] [thread 18053] [25.0] [cxt 0] basic.p4(114) Condition "hdr.ipv4.isValid()" (node_2) is false
[20:04:58.974] [bmv2] [D] [thread 18053] [25.0] [cxt 0] Pipeline 'ingress': end
[20:04:58.974] [bmv2] [D] [thread 18053] [25.0] [cxt 0] Egress port is 0
[20:04:58.974] [bmv2] [D] [thread 18054] [25.0] [cxt 0] Pipeline 'egress': start
[20:04:58.974] [bmv2] [D] [thread 18054] [25.0] [cxt 0] Pipeline 'egress': end
[20:04:58.974] [bmv2] [D] [thread 18054] [25.0] [cxt 0] Deparser 'deparser': start
[20:04:58.974] [bmv2] [T] [thread 18054] [25.0] [cxt 0] Skipping checksum 'cksum' update because condition not met
[20:04:58.974] [bmv2] [D] [thread 18054] [25.0] [cxt 0] Deparsing header 'ethernet'
[20:04:58.974] [bmv2] [D] [thread 18054] [25.0] [cxt 0] Deparser 'deparser': end
[20:04:58.974] [bmv2] [D] [thread 18058] [25.0] [cxt 0] Transmitting packet of size 70 out of port 0
open: No such file or directory
