Calling target program-options parser
[01:28:12.953] [bmv2] [D] [thread 44704] Set default default entry for table 'MyIngress.ipv4_lpm': MyIngress.drop - 
Adding interface s3-eth1 as port 1
[01:28:12.953] [bmv2] [D] [thread 44704] Adding interface s3-eth1 as port 1
Adding interface s3-eth2 as port 2
[01:28:13.051] [bmv2] [D] [thread 44704] Adding interface s3-eth2 as port 2
Adding interface s3-eth3 as port 3
[01:28:13.175] [bmv2] [D] [thread 44704] Adding interface s3-eth3 as port 3
Adding interface s3-eth4 as port 4
[01:28:13.258] [bmv2] [D] [thread 44704] Adding interface s3-eth4 as port 4
Server listening on 0.0.0.0:50053
[01:28:13.341] [bmv2] [I] [thread 44704] Starting Thrift server on port 9092
[01:28:13.351] [bmv2] [I] [thread 44704] Thrift server was started
[01:28:13.434] [bmv2] [D] [thread 44714] [0.0] [cxt 0] Processing packet received on port 3
[01:28:13.434] [bmv2] [D] [thread 44714] [0.0] [cxt 0] Parser 'parser': start
[01:28:13.434] [bmv2] [D] [thread 44714] [0.0] [cxt 0] Parser 'parser' entering state 'start'
[01:28:13.434] [bmv2] [D] [thread 44714] [0.0] [cxt 0] Extracting header 'ethernet'
[01:28:13.434] [bmv2] [D] [thread 44714] [0.0] [cxt 0] Parser state 'start': key is 86dd
[01:28:13.434] [bmv2] [T] [thread 44714] [0.0] [cxt 0] Bytes parsed: 14
[01:28:13.434] [bmv2] [D] [thread 44714] [0.0] [cxt 0] Parser 'parser': end
[01:28:13.434] [bmv2] [D] [thread 44714] [0.0] [cxt 0] Pipeline 'ingress': start
[01:28:13.434] [bmv2] [T] [thread 44714] [0.0] [cxt 0] advanced_tunnel.p4(114) Condition "hdr.ipv4.isValid()" (node_2) is false
[01:28:13.434] [bmv2] [D] [thread 44714] [0.0] [cxt 0] Pipeline 'ingress': end
[01:28:13.434] [bmv2] [D] [thread 44714] [0.0] [cxt 0] Egress port is 0
[01:28:13.434] [bmv2] [D] [thread 44715] [0.0] [cxt 0] Pipeline 'egress': start
[01:28:13.434] [bmv2] [D] [thread 44715] [0.0] [cxt 0] Pipeline 'egress': end
[01:28:13.434] [bmv2] [D] [thread 44715] [0.0] [cxt 0] Deparser 'deparser': start
[01:28:13.434] [bmv2] [T] [thread 44715] [0.0] [cxt 0] Skipping checksum 'cksum' update because condition not met
[01:28:13.434] [bmv2] [D] [thread 44715] [0.0] [cxt 0] Deparsing header 'ethernet'
[01:28:13.434] [bmv2] [D] [thread 44715] [0.0] [cxt 0] Deparser 'deparser': end
[01:28:13.434] [bmv2] [D] [thread 44719] [0.0] [cxt 0] Transmitting packet of size 70 out of port 0
[01:28:13.951] [bmv2] [D] [thread 44714] [1.0] [cxt 0] Processing packet received on port 3
[01:28:13.951] [bmv2] [D] [thread 44714] [1.0] [cxt 0] Parser 'parser': start
[01:28:13.951] [bmv2] [D] [thread 44714] [1.0] [cxt 0] Parser 'parser' entering state 'start'
[01:28:13.951] [bmv2] [D] [thread 44714] [1.0] [cxt 0] Extracting header 'ethernet'
[01:28:13.951] [bmv2] [D] [thread 44714] [1.0] [cxt 0] Parser state 'start': key is 86dd
[01:28:13.951] [bmv2] [T] [thread 44714] [1.0] [cxt 0] Bytes parsed: 14
[01:28:13.951] [bmv2] [D] [thread 44714] [1.0] [cxt 0] Parser 'parser': end
[01:28:13.951] [bmv2] [D] [thread 44714] [1.0] [cxt 0] Pipeline 'ingress': start
[01:28:13.951] [bmv2] [T] [thread 44714] [1.0] [cxt 0] advanced_tunnel.p4(114) Condition "hdr.ipv4.isValid()" (node_2) is false
[01:28:13.951] [bmv2] [D] [thread 44714] [1.0] [cxt 0] Pipeline 'ingress': end
[01:28:13.951] [bmv2] [D] [thread 44714] [1.0] [cxt 0] Egress port is 0
[01:28:13.951] [bmv2] [D] [thread 44715] [1.0] [cxt 0] Pipeline 'egress': start
[01:28:13.951] [bmv2] [D] [thread 44715] [1.0] [cxt 0] Pipeline 'egress': end
[01:28:13.951] [bmv2] [D] [thread 44715] [1.0] [cxt 0] Deparser 'deparser': start
[01:28:13.951] [bmv2] [T] [thread 44715] [1.0] [cxt 0] Skipping checksum 'cksum' update because condition not met
[01:28:13.951] [bmv2] [D] [thread 44715] [1.0] [cxt 0] Deparsing header 'ethernet'
[01:28:13.951] [bmv2] [D] [thread 44715] [1.0] [cxt 0] Deparser 'deparser': end
[01:28:13.951] [bmv2] [D] [thread 44719] [1.0] [cxt 0] Transmitting packet of size 70 out of port 0
[01:28:14.920] [bmv2] [D] [thread 44714] [2.0] [cxt 0] Processing packet received on port 2
[01:28:14.920] [bmv2] [D] [thread 44714] [2.0] [cxt 0] Parser 'parser': start
[01:28:14.920] [bmv2] [D] [thread 44714] [2.0] [cxt 0] Parser 'parser' entering state 'start'
[01:28:14.920] [bmv2] [D] [thread 44714] [2.0] [cxt 0] Extracting header 'ethernet'
[01:28:14.920] [bmv2] [D] [thread 44714] [2.0] [cxt 0] Parser state 'start': key is 86dd
[01:28:14.920] [bmv2] [T] [thread 44714] [2.0] [cxt 0] Bytes parsed: 14
[01:28:14.920] [bmv2] [D] [thread 44714] [2.0] [cxt 0] Parser 'parser': end
[01:28:14.920] [bmv2] [D] [thread 44714] [2.0] [cxt 0] Pipeline 'ingress': start
[01:28:14.920] [bmv2] [T] [thread 44714] [2.0] [cxt 0] advanced_tunnel.p4(114) Condition "hdr.ipv4.isValid()" (node_2) is false
[01:28:14.920] [bmv2] [D] [thread 44714] [2.0] [cxt 0] Pipeline 'ingress': end
[01:28:14.920] [bmv2] [D] [thread 44714] [2.0] [cxt 0] Egress port is 0
[01:28:14.920] [bmv2] [D] [thread 44715] [2.0] [cxt 0] Pipeline 'egress': start
[01:28:14.920] [bmv2] [D] [thread 44715] [2.0] [cxt 0] Pipeline 'egress': end
[01:28:14.920] [bmv2] [D] [thread 44715] [2.0] [cxt 0] Deparser 'deparser': start
[01:28:14.920] [bmv2] [T] [thread 44715] [2.0] [cxt 0] Skipping checksum 'cksum' update because condition not met
[01:28:14.920] [bmv2] [D] [thread 44715] [2.0] [cxt 0] Deparsing header 'ethernet'
[01:28:14.920] [bmv2] [D] [thread 44715] [2.0] [cxt 0] Deparser 'deparser': end
[01:28:14.922] [bmv2] [D] [thread 44719] [2.0] [cxt 0] Transmitting packet of size 70 out of port 0
[01:28:15.230] [bmv2] [D] [thread 44714] [3.0] [cxt 0] Processing packet received on port 2
[01:28:15.230] [bmv2] [D] [thread 44714] [3.0] [cxt 0] Parser 'parser': start
[01:28:15.230] [bmv2] [D] [thread 44714] [3.0] [cxt 0] Parser 'parser' entering state 'start'
[01:28:15.230] [bmv2] [D] [thread 44714] [3.0] [cxt 0] Extracting header 'ethernet'
[01:28:15.230] [bmv2] [D] [thread 44714] [3.0] [cxt 0] Parser state 'start': key is 86dd
[01:28:15.230] [bmv2] [T] [thread 44714] [3.0] [cxt 0] Bytes parsed: 14
[01:28:15.230] [bmv2] [D] [thread 44714] [3.0] [cxt 0] Parser 'parser': end
[01:28:15.230] [bmv2] [D] [thread 44714] [3.0] [cxt 0] Pipeline 'ingress': start
[01:28:15.230] [bmv2] [T] [thread 44714] [3.0] [cxt 0] advanced_tunnel.p4(114) Condition "hdr.ipv4.isValid()" (node_2) is false
[01:28:15.230] [bmv2] [D] [thread 44714] [3.0] [cxt 0] Pipeline 'ingress': end
[01:28:15.230] [bmv2] [D] [thread 44714] [3.0] [cxt 0] Egress port is 0
[01:28:15.230] [bmv2] [D] [thread 44715] [3.0] [cxt 0] Pipeline 'egress': start
[01:28:15.230] [bmv2] [D] [thread 44715] [3.0] [cxt 0] Pipeline 'egress': end
[01:28:15.230] [bmv2] [D] [thread 44715] [3.0] [cxt 0] Deparser 'deparser': start
[01:28:15.230] [bmv2] [T] [thread 44715] [3.0] [cxt 0] Skipping checksum 'cksum' update because condition not met
[01:28:15.230] [bmv2] [D] [thread 44715] [3.0] [cxt 0] Deparsing header 'ethernet'
[01:28:15.230] [bmv2] [D] [thread 44715] [3.0] [cxt 0] Deparser 'deparser': end
[01:28:15.230] [bmv2] [D] [thread 44719] [3.0] [cxt 0] Transmitting packet of size 70 out of port 0
[01:28:15.925] [bmv2] [D] [thread 44714] [4.0] [cxt 0] Processing packet received on port 1
[01:28:15.925] [bmv2] [D] [thread 44714] [4.0] [cxt 0] Parser 'parser': start
[01:28:15.925] [bmv2] [D] [thread 44714] [4.0] [cxt 0] Parser 'parser' entering state 'start'
[01:28:15.925] [bmv2] [D] [thread 44714] [4.0] [cxt 0] Extracting header 'ethernet'
[01:28:15.925] [bmv2] [D] [thread 44714] [4.0] [cxt 0] Parser state 'start': key is 86dd
[01:28:15.925] [bmv2] [T] [thread 44714] [4.0] [cxt 0] Bytes parsed: 14
[01:28:15.925] [bmv2] [D] [thread 44714] [4.0] [cxt 0] Parser 'parser': end
[01:28:15.925] [bmv2] [D] [thread 44714] [4.0] [cxt 0] Pipeline 'ingress': start
[01:28:15.925] [bmv2] [T] [thread 44714] [4.0] [cxt 0] advanced_tunnel.p4(114) Condition "hdr.ipv4.isValid()" (node_2) is false
[01:28:15.925] [bmv2] [D] [thread 44714] [4.0] [cxt 0] Pipeline 'ingress': end
[01:28:15.925] [bmv2] [D] [thread 44714] [4.0] [cxt 0] Egress port is 0
[01:28:15.925] [bmv2] [D] [thread 44715] [4.0] [cxt 0] Pipeline 'egress': start
[01:28:15.925] [bmv2] [D] [thread 44715] [4.0] [cxt 0] Pipeline 'egress': end
[01:28:15.925] [bmv2] [D] [thread 44715] [4.0] [cxt 0] Deparser 'deparser': start
[01:28:15.925] [bmv2] [T] [thread 44715] [4.0] [cxt 0] Skipping checksum 'cksum' update because condition not met
[01:28:15.925] [bmv2] [D] [thread 44715] [4.0] [cxt 0] Deparsing header 'ethernet'
[01:28:15.925] [bmv2] [D] [thread 44715] [4.0] [cxt 0] Deparser 'deparser': end
[01:28:15.925] [bmv2] [D] [thread 44719] [4.0] [cxt 0] Transmitting packet of size 70 out of port 0
[01:28:16.756] [bmv2] [D] [thread 44714] [5.0] [cxt 0] Processing packet received on port 4
[01:28:16.757] [bmv2] [D] [thread 44714] [5.0] [cxt 0] Parser 'parser': start
[01:28:16.757] [bmv2] [D] [thread 44714] [5.0] [cxt 0] Parser 'parser' entering state 'start'
[01:28:16.757] [bmv2] [D] [thread 44714] [5.0] [cxt 0] Extracting header 'ethernet'
[01:28:16.757] [bmv2] [D] [thread 44714] [5.0] [cxt 0] Parser state 'start': key is 86dd
[01:28:16.757] [bmv2] [T] [thread 44714] [5.0] [cxt 0] Bytes parsed: 14
[01:28:16.757] [bmv2] [D] [thread 44714] [5.0] [cxt 0] Parser 'parser': end
[01:28:16.757] [bmv2] [D] [thread 44714] [5.0] [cxt 0] Pipeline 'ingress': start
[01:28:16.757] [bmv2] [T] [thread 44714] [5.0] [cxt 0] advanced_tunnel.p4(114) Condition "hdr.ipv4.isValid()" (node_2) is false
[01:28:16.757] [bmv2] [D] [thread 44714] [5.0] [cxt 0] Pipeline 'ingress': end
[01:28:16.757] [bmv2] [D] [thread 44714] [5.0] [cxt 0] Egress port is 0
[01:28:16.758] [bmv2] [D] [thread 44715] [5.0] [cxt 0] Pipeline 'egress': start
[01:28:16.758] [bmv2] [D] [thread 44715] [5.0] [cxt 0] Pipeline 'egress': end
[01:28:16.758] [bmv2] [D] [thread 44715] [5.0] [cxt 0] Deparser 'deparser': start
[01:28:16.758] [bmv2] [T] [thread 44715] [5.0] [cxt 0] Skipping checksum 'cksum' update because condition not met
[01:28:16.758] [bmv2] [D] [thread 44715] [5.0] [cxt 0] Deparsing header 'ethernet'
[01:28:16.758] [bmv2] [D] [thread 44715] [5.0] [cxt 0] Deparser 'deparser': end
[01:28:16.758] [bmv2] [D] [thread 44719] [5.0] [cxt 0] Transmitting packet of size 70 out of port 0
[01:28:17.912] [bmv2] [D] [thread 44714] [6.0] [cxt 0] Processing packet received on port 4
[01:28:17.912] [bmv2] [D] [thread 44714] [6.0] [cxt 0] Parser 'parser': start
[01:28:17.912] [bmv2] [D] [thread 44714] [6.0] [cxt 0] Parser 'parser' entering state 'start'
[01:28:17.912] [bmv2] [D] [thread 44714] [6.0] [cxt 0] Extracting header 'ethernet'
[01:28:17.912] [bmv2] [D] [thread 44714] [6.0] [cxt 0] Parser state 'start': key is 86dd
[01:28:17.912] [bmv2] [T] [thread 44714] [6.0] [cxt 0] Bytes parsed: 14
[01:28:17.912] [bmv2] [D] [thread 44714] [6.0] [cxt 0] Parser 'parser': end
[01:28:17.912] [bmv2] [D] [thread 44714] [6.0] [cxt 0] Pipeline 'ingress': start
[01:28:17.912] [bmv2] [T] [thread 44714] [6.0] [cxt 0] advanced_tunnel.p4(114) Condition "hdr.ipv4.isValid()" (node_2) is false
[01:28:17.912] [bmv2] [D] [thread 44714] [6.0] [cxt 0] Pipeline 'ingress': end
[01:28:17.912] [bmv2] [D] [thread 44714] [6.0] [cxt 0] Egress port is 0
[01:28:17.912] [bmv2] [D] [thread 44715] [6.0] [cxt 0] Pipeline 'egress': start
[01:28:17.912] [bmv2] [D] [thread 44715] [6.0] [cxt 0] Pipeline 'egress': end
[01:28:17.912] [bmv2] [D] [thread 44715] [6.0] [cxt 0] Deparser 'deparser': start
[01:28:17.912] [bmv2] [T] [thread 44715] [6.0] [cxt 0] Skipping checksum 'cksum' update because condition not met
[01:28:17.912] [bmv2] [D] [thread 44715] [6.0] [cxt 0] Deparsing header 'ethernet'
[01:28:17.912] [bmv2] [D] [thread 44715] [6.0] [cxt 0] Deparser 'deparser': end
[01:28:17.912] [bmv2] [D] [thread 44719] [6.0] [cxt 0] Transmitting packet of size 70 out of port 0
[01:28:20.071] [bmv2] [W] [thread 44769] [P4Runtime] p4::tmp::P4DeviceConfig is deprecated
[01:28:20.072] [bmv2] [D] [thread 44769] Set default default entry for table 'MyIngress.ipv4_lpm': MyIngress.drop - 
[01:28:20.084] [bmv2] [D] [thread 44769] simple_switch target has been notified of a config swap
[01:28:20.175] [bmv2] [D] [thread 44770] Set default entry for table 'MyIngress.ipv4_lpm': MyIngress.drop - 
[01:28:20.178] [bmv2] [D] [thread 44770] Entry 0 added to table 'MyIngress.ipv4_lpm'
[01:28:20.178] [bmv2] [D] [thread 44770] Dumping entry 0
Match key:
* hdr.ipv4.dstAddr    : LPM       0a000101/32
Action entry: MyIngress.ipv4_forward - 80000000100,2,

[01:28:20.179] [bmv2] [D] [thread 44769] Entry 1 added to table 'MyIngress.ipv4_lpm'
[01:28:20.179] [bmv2] [D] [thread 44769] Dumping entry 1
Match key:
* hdr.ipv4.dstAddr    : LPM       0a000202/32
Action entry: MyIngress.ipv4_forward - 80000000200,3,

[01:28:20.180] [bmv2] [D] [thread 44770] Entry 2 added to table 'MyIngress.ipv4_lpm'
[01:28:20.180] [bmv2] [D] [thread 44770] Dumping entry 2
Match key:
* hdr.ipv4.dstAddr    : LPM       0a000303/32
Action entry: MyIngress.ipv4_forward - 80000000333,1,

[01:28:20.181] [bmv2] [D] [thread 44769] Entry 3 added to table 'MyIngress.ipv4_lpm'
[01:28:20.181] [bmv2] [D] [thread 44769] Dumping entry 3
Match key:
* hdr.ipv4.dstAddr    : LPM       0a000404/32
Action entry: MyIngress.ipv4_forward - 80000000400,4,

[01:28:27.919] [bmv2] [D] [thread 44714] [7.0] [cxt 0] Processing packet received on port 3
[01:28:27.919] [bmv2] [D] [thread 44714] [7.0] [cxt 0] Parser 'parser': start
[01:28:27.919] [bmv2] [D] [thread 44714] [7.0] [cxt 0] Parser 'parser' entering state 'start'
[01:28:27.919] [bmv2] [D] [thread 44714] [7.0] [cxt 0] Extracting header 'ethernet'
[01:28:27.919] [bmv2] [D] [thread 44714] [7.0] [cxt 0] Parser state 'start': key is 86dd
[01:28:27.919] [bmv2] [T] [thread 44714] [7.0] [cxt 0] Bytes parsed: 14
[01:28:27.919] [bmv2] [D] [thread 44714] [7.0] [cxt 0] Parser 'parser': end
[01:28:27.919] [bmv2] [D] [thread 44714] [7.0] [cxt 0] Pipeline 'ingress': start
[01:28:27.919] [bmv2] [T] [thread 44714] [7.0] [cxt 0] advanced_tunnel.p4(114) Condition "hdr.ipv4.isValid()" (node_2) is false
[01:28:27.919] [bmv2] [D] [thread 44714] [7.0] [cxt 0] Pipeline 'ingress': end
[01:28:27.919] [bmv2] [D] [thread 44714] [7.0] [cxt 0] Egress port is 0
[01:28:27.919] [bmv2] [D] [thread 44715] [7.0] [cxt 0] Pipeline 'egress': start
[01:28:27.919] [bmv2] [D] [thread 44715] [7.0] [cxt 0] Pipeline 'egress': end
[01:28:27.919] [bmv2] [D] [thread 44715] [7.0] [cxt 0] Deparser 'deparser': start
[01:28:27.919] [bmv2] [T] [thread 44715] [7.0] [cxt 0] Skipping checksum 'cksum' update because condition not met
[01:28:27.919] [bmv2] [D] [thread 44715] [7.0] [cxt 0] Deparsing header 'ethernet'
[01:28:27.919] [bmv2] [D] [thread 44715] [7.0] [cxt 0] Deparser 'deparser': end
[01:28:27.919] [bmv2] [D] [thread 44719] [7.0] [cxt 0] Transmitting packet of size 70 out of port 0
[01:28:29.923] [bmv2] [D] [thread 44714] [8.0] [cxt 0] Processing packet received on port 3
[01:28:29.923] [bmv2] [D] [thread 44714] [8.0] [cxt 0] Parser 'parser': start
[01:28:29.923] [bmv2] [D] [thread 44714] [8.0] [cxt 0] Parser 'parser' entering state 'start'
[01:28:29.923] [bmv2] [D] [thread 44714] [8.0] [cxt 0] Extracting header 'ethernet'
[01:28:29.923] [bmv2] [D] [thread 44714] [8.0] [cxt 0] Parser state 'start': key is 86dd
[01:28:29.923] [bmv2] [T] [thread 44714] [8.0] [cxt 0] Bytes parsed: 14
[01:28:29.923] [bmv2] [D] [thread 44714] [8.0] [cxt 0] Parser 'parser': end
[01:28:29.923] [bmv2] [D] [thread 44714] [8.0] [cxt 0] Pipeline 'ingress': start
[01:28:29.923] [bmv2] [T] [thread 44714] [8.0] [cxt 0] advanced_tunnel.p4(114) Condition "hdr.ipv4.isValid()" (node_2) is false
[01:28:29.923] [bmv2] [D] [thread 44714] [8.0] [cxt 0] Pipeline 'ingress': end
[01:28:29.923] [bmv2] [D] [thread 44714] [8.0] [cxt 0] Egress port is 0
[01:28:29.924] [bmv2] [D] [thread 44715] [8.0] [cxt 0] Pipeline 'egress': start
[01:28:29.924] [bmv2] [D] [thread 44715] [8.0] [cxt 0] Pipeline 'egress': end
[01:28:29.924] [bmv2] [D] [thread 44715] [8.0] [cxt 0] Deparser 'deparser': start
[01:28:29.924] [bmv2] [T] [thread 44715] [8.0] [cxt 0] Skipping checksum 'cksum' update because condition not met
[01:28:29.924] [bmv2] [D] [thread 44715] [8.0] [cxt 0] Deparsing header 'ethernet'
[01:28:29.924] [bmv2] [D] [thread 44715] [8.0] [cxt 0] Deparser 'deparser': end
[01:28:29.924] [bmv2] [D] [thread 44719] [8.0] [cxt 0] Transmitting packet of size 70 out of port 0
[01:28:32.927] [bmv2] [D] [thread 44714] [9.0] [cxt 0] Processing packet received on port 2
[01:28:32.927] [bmv2] [D] [thread 44714] [9.0] [cxt 0] Parser 'parser': start
[01:28:32.927] [bmv2] [D] [thread 44714] [9.0] [cxt 0] Parser 'parser' entering state 'start'
[01:28:32.927] [bmv2] [D] [thread 44714] [9.0] [cxt 0] Extracting header 'ethernet'
[01:28:32.927] [bmv2] [D] [thread 44714] [9.0] [cxt 0] Parser state 'start': key is 86dd
[01:28:32.927] [bmv2] [T] [thread 44714] [9.0] [cxt 0] Bytes parsed: 14
[01:28:32.927] [bmv2] [D] [thread 44714] [9.0] [cxt 0] Parser 'parser': end
[01:28:32.927] [bmv2] [D] [thread 44714] [9.0] [cxt 0] Pipeline 'ingress': start
[01:28:32.927] [bmv2] [T] [thread 44714] [9.0] [cxt 0] advanced_tunnel.p4(114) Condition "hdr.ipv4.isValid()" (node_2) is false
[01:28:32.927] [bmv2] [D] [thread 44714] [9.0] [cxt 0] Pipeline 'ingress': end
[01:28:32.927] [bmv2] [D] [thread 44714] [9.0] [cxt 0] Egress port is 0
[01:28:32.927] [bmv2] [D] [thread 44714] [10.0] [cxt 0] Processing packet received on port 4
[01:28:32.927] [bmv2] [D] [thread 44714] [10.0] [cxt 0] Parser 'parser': start
[01:28:32.928] [bmv2] [D] [thread 44714] [10.0] [cxt 0] Parser 'parser' entering state 'start'
[01:28:32.928] [bmv2] [D] [thread 44714] [10.0] [cxt 0] Extracting header 'ethernet'
[01:28:32.928] [bmv2] [D] [thread 44714] [10.0] [cxt 0] Parser state 'start': key is 86dd
[01:28:32.928] [bmv2] [T] [thread 44714] [10.0] [cxt 0] Bytes parsed: 14
[01:28:32.928] [bmv2] [D] [thread 44714] [10.0] [cxt 0] Parser 'parser': end
[01:28:32.928] [bmv2] [D] [thread 44714] [10.0] [cxt 0] Pipeline 'ingress': start
[01:28:32.928] [bmv2] [T] [thread 44714] [10.0] [cxt 0] advanced_tunnel.p4(114) Condition "hdr.ipv4.isValid()" (node_2) is false
[01:28:32.928] [bmv2] [D] [thread 44714] [10.0] [cxt 0] Pipeline 'ingress': end
[01:28:32.928] [bmv2] [D] [thread 44714] [10.0] [cxt 0] Egress port is 0
[01:28:32.928] [bmv2] [D] [thread 44714] [11.0] [cxt 0] Processing packet received on port 2
[01:28:32.928] [bmv2] [D] [thread 44714] [11.0] [cxt 0] Parser 'parser': start
[01:28:32.928] [bmv2] [D] [thread 44714] [11.0] [cxt 0] Parser 'parser' entering state 'start'
[01:28:32.928] [bmv2] [D] [thread 44714] [11.0] [cxt 0] Extracting header 'ethernet'
[01:28:32.928] [bmv2] [D] [thread 44714] [11.0] [cxt 0] Parser state 'start': key is 86dd
[01:28:32.928] [bmv2] [T] [thread 44714] [11.0] [cxt 0] Bytes parsed: 14
[01:28:32.928] [bmv2] [D] [thread 44714] [11.0] [cxt 0] Parser 'parser': end
[01:28:32.928] [bmv2] [D] [thread 44714] [11.0] [cxt 0] Pipeline 'ingress': start
[01:28:32.928] [bmv2] [T] [thread 44714] [11.0] [cxt 0] advanced_tunnel.p4(114) Condition "hdr.ipv4.isValid()" (node_2) is false
[01:28:32.928] [bmv2] [D] [thread 44714] [11.0] [cxt 0] Pipeline 'ingress': end
[01:28:32.928] [bmv2] [D] [thread 44714] [11.0] [cxt 0] Egress port is 0
[01:28:32.928] [bmv2] [D] [thread 44715] [9.0] [cxt 0] Pipeline 'egress': start
[01:28:32.928] [bmv2] [D] [thread 44715] [9.0] [cxt 0] Pipeline 'egress': end
[01:28:32.928] [bmv2] [D] [thread 44715] [9.0] [cxt 0] Deparser 'deparser': start
[01:28:32.928] [bmv2] [T] [thread 44715] [9.0] [cxt 0] Skipping checksum 'cksum' update because condition not met
[01:28:32.928] [bmv2] [D] [thread 44715] [9.0] [cxt 0] Deparsing header 'ethernet'
[01:28:32.928] [bmv2] [D] [thread 44715] [9.0] [cxt 0] Deparser 'deparser': end
[01:28:32.928] [bmv2] [D] [thread 44715] [10.0] [cxt 0] Pipeline 'egress': start
[01:28:32.928] [bmv2] [D] [thread 44715] [10.0] [cxt 0] Pipeline 'egress': end
[01:28:32.928] [bmv2] [D] [thread 44715] [10.0] [cxt 0] Deparser 'deparser': start
[01:28:32.928] [bmv2] [T] [thread 44715] [10.0] [cxt 0] Skipping checksum 'cksum' update because condition not met
[01:28:32.928] [bmv2] [D] [thread 44715] [10.0] [cxt 0] Deparsing header 'ethernet'
[01:28:32.928] [bmv2] [D] [thread 44715] [10.0] [cxt 0] Deparser 'deparser': end
[01:28:32.928] [bmv2] [D] [thread 44715] [11.0] [cxt 0] Pipeline 'egress': start
[01:28:32.928] [bmv2] [D] [thread 44715] [11.0] [cxt 0] Pipeline 'egress': end
[01:28:32.928] [bmv2] [D] [thread 44715] [11.0] [cxt 0] Deparser 'deparser': start
[01:28:32.928] [bmv2] [T] [thread 44715] [11.0] [cxt 0] Skipping checksum 'cksum' update because condition not met
[01:28:32.928] [bmv2] [D] [thread 44715] [11.0] [cxt 0] Deparsing header 'ethernet'
[01:28:32.928] [bmv2] [D] [thread 44715] [11.0] [cxt 0] Deparser 'deparser': end
[01:28:32.928] [bmv2] [D] [thread 44719] [9.0] [cxt 0] Transmitting packet of size 70 out of port 0
[01:28:32.928] [bmv2] [D] [thread 44719] [10.0] [cxt 0] Transmitting packet of size 70 out of port 0
[01:28:32.928] [bmv2] [D] [thread 44719] [11.0] [cxt 0] Transmitting packet of size 70 out of port 0
[01:28:34.922] [bmv2] [D] [thread 44714] [12.0] [cxt 0] Processing packet received on port 1
[01:28:34.922] [bmv2] [D] [thread 44714] [12.0] [cxt 0] Parser 'parser': start
[01:28:34.922] [bmv2] [D] [thread 44714] [12.0] [cxt 0] Parser 'parser' entering state 'start'
[01:28:34.922] [bmv2] [D] [thread 44714] [12.0] [cxt 0] Extracting header 'ethernet'
[01:28:34.922] [bmv2] [D] [thread 44714] [12.0] [cxt 0] Parser state 'start': key is 86dd
[01:28:34.922] [bmv2] [T] [thread 44714] [12.0] [cxt 0] Bytes parsed: 14
[01:28:34.922] [bmv2] [D] [thread 44714] [12.0] [cxt 0] Parser 'parser': end
[01:28:34.922] [bmv2] [D] [thread 44714] [12.0] [cxt 0] Pipeline 'ingress': start
[01:28:34.922] [bmv2] [T] [thread 44714] [12.0] [cxt 0] advanced_tunnel.p4(114) Condition "hdr.ipv4.isValid()" (node_2) is false
[01:28:34.922] [bmv2] [D] [thread 44714] [12.0] [cxt 0] Pipeline 'ingress': end
[01:28:34.922] [bmv2] [D] [thread 44714] [12.0] [cxt 0] Egress port is 0
[01:28:34.922] [bmv2] [D] [thread 44715] [12.0] [cxt 0] Pipeline 'egress': start
[01:28:34.922] [bmv2] [D] [thread 44715] [12.0] [cxt 0] Pipeline 'egress': end
[01:28:34.922] [bmv2] [D] [thread 44715] [12.0] [cxt 0] Deparser 'deparser': start
[01:28:34.922] [bmv2] [T] [thread 44715] [12.0] [cxt 0] Skipping checksum 'cksum' update because condition not met
[01:28:34.922] [bmv2] [D] [thread 44715] [12.0] [cxt 0] Deparsing header 'ethernet'
[01:28:34.922] [bmv2] [D] [thread 44715] [12.0] [cxt 0] Deparser 'deparser': end
[01:28:34.922] [bmv2] [D] [thread 44719] [12.0] [cxt 0] Transmitting packet of size 70 out of port 0
[01:28:36.925] [bmv2] [D] [thread 44714] [13.0] [cxt 0] Processing packet received on port 4
[01:28:36.925] [bmv2] [D] [thread 44714] [13.0] [cxt 0] Parser 'parser': start
[01:28:36.925] [bmv2] [D] [thread 44714] [13.0] [cxt 0] Parser 'parser' entering state 'start'
[01:28:36.925] [bmv2] [D] [thread 44714] [13.0] [cxt 0] Extracting header 'ethernet'
[01:28:36.925] [bmv2] [D] [thread 44714] [13.0] [cxt 0] Parser state 'start': key is 86dd
[01:28:36.925] [bmv2] [T] [thread 44714] [13.0] [cxt 0] Bytes parsed: 14
[01:28:36.925] [bmv2] [D] [thread 44714] [13.0] [cxt 0] Parser 'parser': end
[01:28:36.925] [bmv2] [D] [thread 44714] [13.0] [cxt 0] Pipeline 'ingress': start
[01:28:36.925] [bmv2] [T] [thread 44714] [13.0] [cxt 0] advanced_tunnel.p4(114) Condition "hdr.ipv4.isValid()" (node_2) is false
[01:28:36.925] [bmv2] [D] [thread 44714] [13.0] [cxt 0] Pipeline 'ingress': end
[01:28:36.925] [bmv2] [D] [thread 44714] [13.0] [cxt 0] Egress port is 0
[01:28:36.925] [bmv2] [D] [thread 44715] [13.0] [cxt 0] Pipeline 'egress': start
[01:28:36.925] [bmv2] [D] [thread 44715] [13.0] [cxt 0] Pipeline 'egress': end
[01:28:36.925] [bmv2] [D] [thread 44715] [13.0] [cxt 0] Deparser 'deparser': start
[01:28:36.925] [bmv2] [T] [thread 44715] [13.0] [cxt 0] Skipping checksum 'cksum' update because condition not met
[01:28:36.925] [bmv2] [D] [thread 44715] [13.0] [cxt 0] Deparsing header 'ethernet'
[01:28:36.925] [bmv2] [D] [thread 44715] [13.0] [cxt 0] Deparser 'deparser': end
[01:28:36.925] [bmv2] [D] [thread 44719] [13.0] [cxt 0] Transmitting packet of size 70 out of port 0
[01:28:57.206] [bmv2] [D] [thread 44714] [14.0] [cxt 0] Processing packet received on port 3
[01:28:57.206] [bmv2] [D] [thread 44714] [14.0] [cxt 0] Parser 'parser': start
[01:28:57.206] [bmv2] [D] [thread 44714] [14.0] [cxt 0] Parser 'parser' entering state 'start'
[01:28:57.206] [bmv2] [D] [thread 44714] [14.0] [cxt 0] Extracting header 'ethernet'
[01:28:57.206] [bmv2] [D] [thread 44714] [14.0] [cxt 0] Parser state 'start': key is 86dd
[01:28:57.206] [bmv2] [T] [thread 44714] [14.0] [cxt 0] Bytes parsed: 14
[01:28:57.206] [bmv2] [D] [thread 44714] [14.0] [cxt 0] Parser 'parser': end
[01:28:57.206] [bmv2] [D] [thread 44714] [14.0] [cxt 0] Pipeline 'ingress': start
[01:28:57.206] [bmv2] [T] [thread 44714] [14.0] [cxt 0] advanced_tunnel.p4(114) Condition "hdr.ipv4.isValid()" (node_2) is false
[01:28:57.206] [bmv2] [D] [thread 44714] [14.0] [cxt 0] Pipeline 'ingress': end
[01:28:57.206] [bmv2] [D] [thread 44714] [14.0] [cxt 0] Egress port is 0
[01:28:57.206] [bmv2] [D] [thread 44715] [14.0] [cxt 0] Pipeline 'egress': start
[01:28:57.206] [bmv2] [D] [thread 44715] [14.0] [cxt 0] Pipeline 'egress': end
[01:28:57.206] [bmv2] [D] [thread 44715] [14.0] [cxt 0] Deparser 'deparser': start
[01:28:57.206] [bmv2] [T] [thread 44715] [14.0] [cxt 0] Skipping checksum 'cksum' update because condition not met
[01:28:57.206] [bmv2] [D] [thread 44715] [14.0] [cxt 0] Deparsing header 'ethernet'
[01:28:57.206] [bmv2] [D] [thread 44715] [14.0] [cxt 0] Deparser 'deparser': end
[01:28:57.206] [bmv2] [D] [thread 44719] [14.0] [cxt 0] Transmitting packet of size 70 out of port 0
[01:29:01.918] [bmv2] [D] [thread 44714] [15.0] [cxt 0] Processing packet received on port 3
[01:29:01.918] [bmv2] [D] [thread 44714] [15.0] [cxt 0] Parser 'parser': start
[01:29:01.918] [bmv2] [D] [thread 44714] [15.0] [cxt 0] Parser 'parser' entering state 'start'
[01:29:01.918] [bmv2] [D] [thread 44714] [15.0] [cxt 0] Extracting header 'ethernet'
[01:29:01.918] [bmv2] [D] [thread 44714] [15.0] [cxt 0] Parser state 'start': key is 86dd
[01:29:01.918] [bmv2] [T] [thread 44714] [15.0] [cxt 0] Bytes parsed: 14
[01:29:01.918] [bmv2] [D] [thread 44714] [15.0] [cxt 0] Parser 'parser': end
[01:29:01.918] [bmv2] [D] [thread 44714] [15.0] [cxt 0] Pipeline 'ingress': start
[01:29:01.918] [bmv2] [T] [thread 44714] [15.0] [cxt 0] advanced_tunnel.p4(114) Condition "hdr.ipv4.isValid()" (node_2) is false
[01:29:01.918] [bmv2] [D] [thread 44714] [15.0] [cxt 0] Pipeline 'ingress': end
[01:29:01.918] [bmv2] [D] [thread 44714] [15.0] [cxt 0] Egress port is 0
[01:29:01.918] [bmv2] [D] [thread 44715] [15.0] [cxt 0] Pipeline 'egress': start
[01:29:01.918] [bmv2] [D] [thread 44715] [15.0] [cxt 0] Pipeline 'egress': end
[01:29:01.918] [bmv2] [D] [thread 44715] [15.0] [cxt 0] Deparser 'deparser': start
[01:29:01.918] [bmv2] [T] [thread 44715] [15.0] [cxt 0] Skipping checksum 'cksum' update because condition not met
[01:29:01.918] [bmv2] [D] [thread 44715] [15.0] [cxt 0] Deparsing header 'ethernet'
[01:29:01.918] [bmv2] [D] [thread 44715] [15.0] [cxt 0] Deparser 'deparser': end
[01:29:01.918] [bmv2] [D] [thread 44719] [15.0] [cxt 0] Transmitting packet of size 70 out of port 0
[01:29:05.399] [bmv2] [D] [thread 44714] [16.0] [cxt 0] Processing packet received on port 2
[01:29:05.399] [bmv2] [D] [thread 44714] [16.0] [cxt 0] Parser 'parser': start
[01:29:05.399] [bmv2] [D] [thread 44714] [16.0] [cxt 0] Parser 'parser' entering state 'start'
[01:29:05.399] [bmv2] [D] [thread 44714] [16.0] [cxt 0] Extracting header 'ethernet'
[01:29:05.399] [bmv2] [D] [thread 44714] [16.0] [cxt 0] Parser state 'start': key is 86dd
[01:29:05.399] [bmv2] [T] [thread 44714] [16.0] [cxt 0] Bytes parsed: 14
[01:29:05.399] [bmv2] [D] [thread 44714] [16.0] [cxt 0] Parser 'parser': end
[01:29:05.399] [bmv2] [D] [thread 44714] [16.0] [cxt 0] Pipeline 'ingress': start
[01:29:05.399] [bmv2] [T] [thread 44714] [16.0] [cxt 0] advanced_tunnel.p4(114) Condition "hdr.ipv4.isValid()" (node_2) is false
[01:29:05.399] [bmv2] [D] [thread 44714] [16.0] [cxt 0] Pipeline 'ingress': end
[01:29:05.399] [bmv2] [D] [thread 44714] [16.0] [cxt 0] Egress port is 0
[01:29:05.399] [bmv2] [D] [thread 44714] [17.0] [cxt 0] Processing packet received on port 4
[01:29:05.399] [bmv2] [D] [thread 44714] [17.0] [cxt 0] Parser 'parser': start
[01:29:05.399] [bmv2] [D] [thread 44714] [17.0] [cxt 0] Parser 'parser' entering state 'start'
[01:29:05.399] [bmv2] [D] [thread 44714] [17.0] [cxt 0] Extracting header 'ethernet'
[01:29:05.399] [bmv2] [D] [thread 44714] [17.0] [cxt 0] Parser state 'start': key is 86dd
[01:29:05.399] [bmv2] [T] [thread 44714] [17.0] [cxt 0] Bytes parsed: 14
[01:29:05.399] [bmv2] [D] [thread 44714] [17.0] [cxt 0] Parser 'parser': end
[01:29:05.399] [bmv2] [D] [thread 44714] [17.0] [cxt 0] Pipeline 'ingress': start
[01:29:05.399] [bmv2] [T] [thread 44714] [17.0] [cxt 0] advanced_tunnel.p4(114) Condition "hdr.ipv4.isValid()" (node_2) is false
[01:29:05.399] [bmv2] [D] [thread 44714] [17.0] [cxt 0] Pipeline 'ingress': end
[01:29:05.399] [bmv2] [D] [thread 44714] [17.0] [cxt 0] Egress port is 0
[01:29:05.399] [bmv2] [D] [thread 44714] [18.0] [cxt 0] Processing packet received on port 2
[01:29:05.399] [bmv2] [D] [thread 44714] [18.0] [cxt 0] Parser 'parser': start
[01:29:05.399] [bmv2] [D] [thread 44714] [18.0] [cxt 0] Parser 'parser' entering state 'start'
[01:29:05.399] [bmv2] [D] [thread 44714] [18.0] [cxt 0] Extracting header 'ethernet'
[01:29:05.399] [bmv2] [D] [thread 44714] [18.0] [cxt 0] Parser state 'start': key is 86dd
[01:29:05.399] [bmv2] [T] [thread 44714] [18.0] [cxt 0] Bytes parsed: 14
[01:29:05.399] [bmv2] [D] [thread 44714] [18.0] [cxt 0] Parser 'parser': end
[01:29:05.399] [bmv2] [D] [thread 44714] [18.0] [cxt 0] Pipeline 'ingress': start
[01:29:05.399] [bmv2] [T] [thread 44714] [18.0] [cxt 0] advanced_tunnel.p4(114) Condition "hdr.ipv4.isValid()" (node_2) is false
[01:29:05.399] [bmv2] [D] [thread 44714] [18.0] [cxt 0] Pipeline 'ingress': end
[01:29:05.399] [bmv2] [D] [thread 44714] [18.0] [cxt 0] Egress port is 0
[01:29:05.399] [bmv2] [D] [thread 44715] [16.0] [cxt 0] Pipeline 'egress': start
[01:29:05.399] [bmv2] [D] [thread 44715] [16.0] [cxt 0] Pipeline 'egress': end
[01:29:05.399] [bmv2] [D] [thread 44715] [16.0] [cxt 0] Deparser 'deparser': start
[01:29:05.399] [bmv2] [T] [thread 44715] [16.0] [cxt 0] Skipping checksum 'cksum' update because condition not met
[01:29:05.399] [bmv2] [D] [thread 44715] [16.0] [cxt 0] Deparsing header 'ethernet'
[01:29:05.399] [bmv2] [D] [thread 44715] [16.0] [cxt 0] Deparser 'deparser': end
[01:29:05.399] [bmv2] [D] [thread 44715] [17.0] [cxt 0] Pipeline 'egress': start
[01:29:05.399] [bmv2] [D] [thread 44715] [17.0] [cxt 0] Pipeline 'egress': end
[01:29:05.399] [bmv2] [D] [thread 44715] [17.0] [cxt 0] Deparser 'deparser': start
[01:29:05.399] [bmv2] [T] [thread 44715] [17.0] [cxt 0] Skipping checksum 'cksum' update because condition not met
[01:29:05.399] [bmv2] [D] [thread 44715] [17.0] [cxt 0] Deparsing header 'ethernet'
[01:29:05.399] [bmv2] [D] [thread 44715] [17.0] [cxt 0] Deparser 'deparser': end
[01:29:05.399] [bmv2] [D] [thread 44715] [18.0] [cxt 0] Pipeline 'egress': start
[01:29:05.399] [bmv2] [D] [thread 44715] [18.0] [cxt 0] Pipeline 'egress': end
[01:29:05.399] [bmv2] [D] [thread 44715] [18.0] [cxt 0] Deparser 'deparser': start
[01:29:05.399] [bmv2] [T] [thread 44715] [18.0] [cxt 0] Skipping checksum 'cksum' update because condition not met
[01:29:05.399] [bmv2] [D] [thread 44715] [18.0] [cxt 0] Deparsing header 'ethernet'
[01:29:05.399] [bmv2] [D] [thread 44715] [18.0] [cxt 0] Deparser 'deparser': end
[01:29:05.399] [bmv2] [D] [thread 44719] [16.0] [cxt 0] Transmitting packet of size 70 out of port 0
[01:29:05.399] [bmv2] [D] [thread 44719] [17.0] [cxt 0] Transmitting packet of size 70 out of port 0
[01:29:05.399] [bmv2] [D] [thread 44719] [18.0] [cxt 0] Transmitting packet of size 70 out of port 0
[01:29:09.506] [bmv2] [D] [thread 44714] [19.0] [cxt 0] Processing packet received on port 1
[01:29:09.506] [bmv2] [D] [thread 44714] [19.0] [cxt 0] Parser 'parser': start
[01:29:09.506] [bmv2] [D] [thread 44714] [19.0] [cxt 0] Parser 'parser' entering state 'start'
[01:29:09.506] [bmv2] [D] [thread 44714] [19.0] [cxt 0] Extracting header 'ethernet'
[01:29:09.506] [bmv2] [D] [thread 44714] [19.0] [cxt 0] Parser state 'start': key is 86dd
[01:29:09.506] [bmv2] [T] [thread 44714] [19.0] [cxt 0] Bytes parsed: 14
[01:29:09.506] [bmv2] [D] [thread 44714] [19.0] [cxt 0] Parser 'parser': end
[01:29:09.506] [bmv2] [D] [thread 44714] [19.0] [cxt 0] Pipeline 'ingress': start
[01:29:09.506] [bmv2] [T] [thread 44714] [19.0] [cxt 0] advanced_tunnel.p4(114) Condition "hdr.ipv4.isValid()" (node_2) is false
[01:29:09.506] [bmv2] [D] [thread 44714] [19.0] [cxt 0] Pipeline 'ingress': end
[01:29:09.506] [bmv2] [D] [thread 44714] [19.0] [cxt 0] Egress port is 0
[01:29:09.506] [bmv2] [D] [thread 44715] [19.0] [cxt 0] Pipeline 'egress': start
[01:29:09.506] [bmv2] [D] [thread 44715] [19.0] [cxt 0] Pipeline 'egress': end
[01:29:09.506] [bmv2] [D] [thread 44715] [19.0] [cxt 0] Deparser 'deparser': start
[01:29:09.506] [bmv2] [T] [thread 44715] [19.0] [cxt 0] Skipping checksum 'cksum' update because condition not met
[01:29:09.506] [bmv2] [D] [thread 44715] [19.0] [cxt 0] Deparsing header 'ethernet'
[01:29:09.506] [bmv2] [D] [thread 44715] [19.0] [cxt 0] Deparser 'deparser': end
[01:29:09.506] [bmv2] [D] [thread 44719] [19.0] [cxt 0] Transmitting packet of size 70 out of port 0
[01:29:13.911] [bmv2] [D] [thread 44714] [20.0] [cxt 0] Processing packet received on port 4
[01:29:13.911] [bmv2] [D] [thread 44714] [20.0] [cxt 0] Parser 'parser': start
[01:29:13.911] [bmv2] [D] [thread 44714] [20.0] [cxt 0] Parser 'parser' entering state 'start'
[01:29:13.911] [bmv2] [D] [thread 44714] [20.0] [cxt 0] Extracting header 'ethernet'
[01:29:13.911] [bmv2] [D] [thread 44714] [20.0] [cxt 0] Parser state 'start': key is 86dd
[01:29:13.911] [bmv2] [T] [thread 44714] [20.0] [cxt 0] Bytes parsed: 14
[01:29:13.911] [bmv2] [D] [thread 44714] [20.0] [cxt 0] Parser 'parser': end
[01:29:13.911] [bmv2] [D] [thread 44714] [20.0] [cxt 0] Pipeline 'ingress': start
[01:29:13.911] [bmv2] [T] [thread 44714] [20.0] [cxt 0] advanced_tunnel.p4(114) Condition "hdr.ipv4.isValid()" (node_2) is false
[01:29:13.911] [bmv2] [D] [thread 44714] [20.0] [cxt 0] Pipeline 'ingress': end
[01:29:13.911] [bmv2] [D] [thread 44714] [20.0] [cxt 0] Egress port is 0
[01:29:13.911] [bmv2] [D] [thread 44715] [20.0] [cxt 0] Pipeline 'egress': start
[01:29:13.911] [bmv2] [D] [thread 44715] [20.0] [cxt 0] Pipeline 'egress': end
[01:29:13.911] [bmv2] [D] [thread 44715] [20.0] [cxt 0] Deparser 'deparser': start
[01:29:13.911] [bmv2] [T] [thread 44715] [20.0] [cxt 0] Skipping checksum 'cksum' update because condition not met
[01:29:13.911] [bmv2] [D] [thread 44715] [20.0] [cxt 0] Deparsing header 'ethernet'
[01:29:13.911] [bmv2] [D] [thread 44715] [20.0] [cxt 0] Deparser 'deparser': end
[01:29:13.911] [bmv2] [D] [thread 44719] [20.0] [cxt 0] Transmitting packet of size 70 out of port 0
[01:29:52.506] [bmv2] [D] [thread 44714] [21.0] [cxt 0] Processing packet received on port 3
[01:29:52.506] [bmv2] [D] [thread 44714] [21.0] [cxt 0] Parser 'parser': start
[01:29:52.506] [bmv2] [D] [thread 44714] [21.0] [cxt 0] Parser 'parser' entering state 'start'
[01:29:52.506] [bmv2] [D] [thread 44714] [21.0] [cxt 0] Extracting header 'ethernet'
[01:29:52.506] [bmv2] [D] [thread 44714] [21.0] [cxt 0] Parser state 'start': key is 86dd
[01:29:52.506] [bmv2] [T] [thread 44714] [21.0] [cxt 0] Bytes parsed: 14
[01:29:52.506] [bmv2] [D] [thread 44714] [21.0] [cxt 0] Parser 'parser': end
[01:29:52.506] [bmv2] [D] [thread 44714] [21.0] [cxt 0] Pipeline 'ingress': start
[01:29:52.506] [bmv2] [T] [thread 44714] [21.0] [cxt 0] advanced_tunnel.p4(114) Condition "hdr.ipv4.isValid()" (node_2) is false
[01:29:52.506] [bmv2] [D] [thread 44714] [21.0] [cxt 0] Pipeline 'ingress': end
[01:29:52.506] [bmv2] [D] [thread 44714] [21.0] [cxt 0] Egress port is 0
[01:29:52.506] [bmv2] [D] [thread 44715] [21.0] [cxt 0] Pipeline 'egress': start
[01:29:52.506] [bmv2] [D] [thread 44715] [21.0] [cxt 0] Pipeline 'egress': end
[01:29:52.506] [bmv2] [D] [thread 44715] [21.0] [cxt 0] Deparser 'deparser': start
[01:29:52.506] [bmv2] [T] [thread 44715] [21.0] [cxt 0] Skipping checksum 'cksum' update because condition not met
[01:29:52.506] [bmv2] [D] [thread 44715] [21.0] [cxt 0] Deparsing header 'ethernet'
[01:29:52.506] [bmv2] [D] [thread 44715] [21.0] [cxt 0] Deparser 'deparser': end
[01:29:52.506] [bmv2] [D] [thread 44719] [21.0] [cxt 0] Transmitting packet of size 70 out of port 0
[01:30:06.880] [bmv2] [D] [thread 44714] [22.0] [cxt 0] Processing packet received on port 2
[01:30:06.880] [bmv2] [D] [thread 44714] [22.0] [cxt 0] Parser 'parser': start
[01:30:06.880] [bmv2] [D] [thread 44714] [22.0] [cxt 0] Parser 'parser' entering state 'start'
[01:30:06.880] [bmv2] [D] [thread 44714] [22.0] [cxt 0] Extracting header 'ethernet'
[01:30:06.880] [bmv2] [D] [thread 44714] [22.0] [cxt 0] Parser state 'start': key is 86dd
[01:30:06.880] [bmv2] [T] [thread 44714] [22.0] [cxt 0] Bytes parsed: 14
[01:30:06.880] [bmv2] [D] [thread 44714] [22.0] [cxt 0] Parser 'parser': end
[01:30:06.880] [bmv2] [D] [thread 44714] [22.0] [cxt 0] Pipeline 'ingress': start
[01:30:06.880] [bmv2] [T] [thread 44714] [22.0] [cxt 0] advanced_tunnel.p4(114) Condition "hdr.ipv4.isValid()" (node_2) is false
[01:30:06.880] [bmv2] [D] [thread 44714] [22.0] [cxt 0] Pipeline 'ingress': end
[01:30:06.880] [bmv2] [D] [thread 44714] [22.0] [cxt 0] Egress port is 0
[01:30:06.880] [bmv2] [D] [thread 44714] [23.0] [cxt 0] Processing packet received on port 3
[01:30:06.880] [bmv2] [D] [thread 44714] [23.0] [cxt 0] Parser 'parser': start
[01:30:06.880] [bmv2] [D] [thread 44714] [23.0] [cxt 0] Parser 'parser' entering state 'start'
[01:30:06.880] [bmv2] [D] [thread 44714] [23.0] [cxt 0] Extracting header 'ethernet'
[01:30:06.880] [bmv2] [D] [thread 44714] [23.0] [cxt 0] Parser state 'start': key is 86dd
[01:30:06.880] [bmv2] [T] [thread 44714] [23.0] [cxt 0] Bytes parsed: 14
[01:30:06.880] [bmv2] [D] [thread 44714] [23.0] [cxt 0] Parser 'parser': end
[01:30:06.880] [bmv2] [D] [thread 44714] [23.0] [cxt 0] Pipeline 'ingress': start
[01:30:06.880] [bmv2] [T] [thread 44714] [23.0] [cxt 0] advanced_tunnel.p4(114) Condition "hdr.ipv4.isValid()" (node_2) is false
[01:30:06.880] [bmv2] [D] [thread 44714] [23.0] [cxt 0] Pipeline 'ingress': end
[01:30:06.880] [bmv2] [D] [thread 44714] [23.0] [cxt 0] Egress port is 0
[01:30:06.880] [bmv2] [D] [thread 44715] [22.0] [cxt 0] Pipeline 'egress': start
[01:30:06.880] [bmv2] [D] [thread 44715] [22.0] [cxt 0] Pipeline 'egress': end
[01:30:06.880] [bmv2] [D] [thread 44715] [22.0] [cxt 0] Deparser 'deparser': start
[01:30:06.880] [bmv2] [T] [thread 44715] [22.0] [cxt 0] Skipping checksum 'cksum' update because condition not met
[01:30:06.880] [bmv2] [D] [thread 44715] [22.0] [cxt 0] Deparsing header 'ethernet'
[01:30:06.880] [bmv2] [D] [thread 44715] [22.0] [cxt 0] Deparser 'deparser': end
[01:30:06.880] [bmv2] [D] [thread 44715] [23.0] [cxt 0] Pipeline 'egress': start
[01:30:06.880] [bmv2] [D] [thread 44715] [23.0] [cxt 0] Pipeline 'egress': end
[01:30:06.880] [bmv2] [D] [thread 44715] [23.0] [cxt 0] Deparser 'deparser': start
[01:30:06.880] [bmv2] [T] [thread 44715] [23.0] [cxt 0] Skipping checksum 'cksum' update because condition not met
[01:30:06.880] [bmv2] [D] [thread 44715] [23.0] [cxt 0] Deparsing header 'ethernet'
[01:30:06.880] [bmv2] [D] [thread 44715] [23.0] [cxt 0] Deparser 'deparser': end
[01:30:06.880] [bmv2] [D] [thread 44719] [22.0] [cxt 0] Transmitting packet of size 70 out of port 0
[01:30:06.880] [bmv2] [D] [thread 44719] [23.0] [cxt 0] Transmitting packet of size 70 out of port 0
[01:30:08.901] [bmv2] [D] [thread 44714] [24.0] [cxt 0] Processing packet received on port 2
[01:30:08.901] [bmv2] [D] [thread 44714] [24.0] [cxt 0] Parser 'parser': start
[01:30:08.901] [bmv2] [D] [thread 44714] [24.0] [cxt 0] Parser 'parser' entering state 'start'
[01:30:08.901] [bmv2] [D] [thread 44714] [24.0] [cxt 0] Extracting header 'ethernet'
[01:30:08.901] [bmv2] [D] [thread 44714] [24.0] [cxt 0] Parser state 'start': key is 86dd
[01:30:08.901] [bmv2] [T] [thread 44714] [24.0] [cxt 0] Bytes parsed: 14
[01:30:08.901] [bmv2] [D] [thread 44714] [24.0] [cxt 0] Parser 'parser': end
[01:30:08.901] [bmv2] [D] [thread 44714] [24.0] [cxt 0] Pipeline 'ingress': start
[01:30:08.901] [bmv2] [T] [thread 44714] [24.0] [cxt 0] advanced_tunnel.p4(114) Condition "hdr.ipv4.isValid()" (node_2) is false
[01:30:08.901] [bmv2] [D] [thread 44714] [24.0] [cxt 0] Pipeline 'ingress': end
[01:30:08.901] [bmv2] [D] [thread 44714] [24.0] [cxt 0] Egress port is 0
[01:30:08.901] [bmv2] [D] [thread 44715] [24.0] [cxt 0] Pipeline 'egress': start
[01:30:08.901] [bmv2] [D] [thread 44715] [24.0] [cxt 0] Pipeline 'egress': end
[01:30:08.901] [bmv2] [D] [thread 44715] [24.0] [cxt 0] Deparser 'deparser': start
[01:30:08.902] [bmv2] [T] [thread 44715] [24.0] [cxt 0] Skipping checksum 'cksum' update because condition not met
[01:30:08.902] [bmv2] [D] [thread 44715] [24.0] [cxt 0] Deparsing header 'ethernet'
[01:30:08.902] [bmv2] [D] [thread 44715] [24.0] [cxt 0] Deparser 'deparser': end
[01:30:08.902] [bmv2] [D] [thread 44719] [24.0] [cxt 0] Transmitting packet of size 70 out of port 0
[01:30:10.952] [bmv2] [D] [thread 44714] [25.0] [cxt 0] Processing packet received on port 4
[01:30:10.952] [bmv2] [D] [thread 44714] [25.0] [cxt 0] Parser 'parser': start
[01:30:10.952] [bmv2] [D] [thread 44714] [25.0] [cxt 0] Parser 'parser' entering state 'start'
[01:30:10.952] [bmv2] [D] [thread 44714] [25.0] [cxt 0] Extracting header 'ethernet'
[01:30:10.952] [bmv2] [D] [thread 44714] [25.0] [cxt 0] Parser state 'start': key is 86dd
[01:30:10.952] [bmv2] [T] [thread 44714] [25.0] [cxt 0] Bytes parsed: 14
[01:30:10.952] [bmv2] [D] [thread 44714] [25.0] [cxt 0] Parser 'parser': end
[01:30:10.952] [bmv2] [D] [thread 44714] [25.0] [cxt 0] Pipeline 'ingress': start
[01:30:10.952] [bmv2] [T] [thread 44714] [25.0] [cxt 0] advanced_tunnel.p4(114) Condition "hdr.ipv4.isValid()" (node_2) is false
[01:30:10.952] [bmv2] [D] [thread 44714] [25.0] [cxt 0] Pipeline 'ingress': end
[01:30:10.952] [bmv2] [D] [thread 44714] [25.0] [cxt 0] Egress port is 0
[01:30:10.954] [bmv2] [D] [thread 44715] [25.0] [cxt 0] Pipeline 'egress': start
[01:30:10.954] [bmv2] [D] [thread 44715] [25.0] [cxt 0] Pipeline 'egress': end
[01:30:10.954] [bmv2] [D] [thread 44715] [25.0] [cxt 0] Deparser 'deparser': start
[01:30:10.954] [bmv2] [T] [thread 44715] [25.0] [cxt 0] Skipping checksum 'cksum' update because condition not met
[01:30:10.954] [bmv2] [D] [thread 44715] [25.0] [cxt 0] Deparsing header 'ethernet'
[01:30:10.954] [bmv2] [D] [thread 44715] [25.0] [cxt 0] Deparser 'deparser': end
[01:30:10.954] [bmv2] [D] [thread 44719] [25.0] [cxt 0] Transmitting packet of size 70 out of port 0
[01:30:19.913] [bmv2] [D] [thread 44714] [26.0] [cxt 0] Processing packet received on port 1
[01:30:19.913] [bmv2] [D] [thread 44714] [26.0] [cxt 0] Parser 'parser': start
[01:30:19.913] [bmv2] [D] [thread 44714] [26.0] [cxt 0] Parser 'parser' entering state 'start'
[01:30:19.913] [bmv2] [D] [thread 44714] [26.0] [cxt 0] Extracting header 'ethernet'
[01:30:19.913] [bmv2] [D] [thread 44714] [26.0] [cxt 0] Parser state 'start': key is 86dd
[01:30:19.913] [bmv2] [T] [thread 44714] [26.0] [cxt 0] Bytes parsed: 14
[01:30:19.913] [bmv2] [D] [thread 44714] [26.0] [cxt 0] Parser 'parser': end
[01:30:19.913] [bmv2] [D] [thread 44714] [26.0] [cxt 0] Pipeline 'ingress': start
[01:30:19.913] [bmv2] [T] [thread 44714] [26.0] [cxt 0] advanced_tunnel.p4(114) Condition "hdr.ipv4.isValid()" (node_2) is false
[01:30:19.913] [bmv2] [D] [thread 44714] [26.0] [cxt 0] Pipeline 'ingress': end
[01:30:19.913] [bmv2] [D] [thread 44714] [26.0] [cxt 0] Egress port is 0
[01:30:19.914] [bmv2] [D] [thread 44715] [26.0] [cxt 0] Pipeline 'egress': start
[01:30:19.914] [bmv2] [D] [thread 44715] [26.0] [cxt 0] Pipeline 'egress': end
[01:30:19.914] [bmv2] [D] [thread 44715] [26.0] [cxt 0] Deparser 'deparser': start
[01:30:19.914] [bmv2] [T] [thread 44715] [26.0] [cxt 0] Skipping checksum 'cksum' update because condition not met
[01:30:19.914] [bmv2] [D] [thread 44715] [26.0] [cxt 0] Deparsing header 'ethernet'
[01:30:19.914] [bmv2] [D] [thread 44715] [26.0] [cxt 0] Deparser 'deparser': end
[01:30:19.914] [bmv2] [D] [thread 44719] [26.0] [cxt 0] Transmitting packet of size 70 out of port 0
[01:30:23.225] [bmv2] [D] [thread 44714] [27.0] [cxt 0] Processing packet received on port 4
[01:30:23.225] [bmv2] [D] [thread 44714] [27.0] [cxt 0] Parser 'parser': start
[01:30:23.225] [bmv2] [D] [thread 44714] [27.0] [cxt 0] Parser 'parser' entering state 'start'
[01:30:23.225] [bmv2] [D] [thread 44714] [27.0] [cxt 0] Extracting header 'ethernet'
[01:30:23.225] [bmv2] [D] [thread 44714] [27.0] [cxt 0] Parser state 'start': key is 86dd
[01:30:23.225] [bmv2] [T] [thread 44714] [27.0] [cxt 0] Bytes parsed: 14
[01:30:23.225] [bmv2] [D] [thread 44714] [27.0] [cxt 0] Parser 'parser': end
[01:30:23.225] [bmv2] [D] [thread 44714] [27.0] [cxt 0] Pipeline 'ingress': start
[01:30:23.225] [bmv2] [T] [thread 44714] [27.0] [cxt 0] advanced_tunnel.p4(114) Condition "hdr.ipv4.isValid()" (node_2) is false
[01:30:23.225] [bmv2] [D] [thread 44714] [27.0] [cxt 0] Pipeline 'ingress': end
[01:30:23.225] [bmv2] [D] [thread 44714] [27.0] [cxt 0] Egress port is 0
[01:30:23.225] [bmv2] [D] [thread 44715] [27.0] [cxt 0] Pipeline 'egress': start
[01:30:23.225] [bmv2] [D] [thread 44715] [27.0] [cxt 0] Pipeline 'egress': end
[01:30:23.225] [bmv2] [D] [thread 44715] [27.0] [cxt 0] Deparser 'deparser': start
[01:30:23.225] [bmv2] [T] [thread 44715] [27.0] [cxt 0] Skipping checksum 'cksum' update because condition not met
[01:30:23.225] [bmv2] [D] [thread 44715] [27.0] [cxt 0] Deparsing header 'ethernet'
[01:30:23.225] [bmv2] [D] [thread 44715] [27.0] [cxt 0] Deparser 'deparser': end
[01:30:23.225] [bmv2] [D] [thread 44719] [27.0] [cxt 0] Transmitting packet of size 70 out of port 0
[01:31:39.008] [bmv2] [D] [thread 44714] [28.0] [cxt 0] Processing packet received on port 3
[01:31:39.008] [bmv2] [D] [thread 44714] [28.0] [cxt 0] Parser 'parser': start
[01:31:39.008] [bmv2] [D] [thread 44714] [28.0] [cxt 0] Parser 'parser' entering state 'start'
[01:31:39.008] [bmv2] [D] [thread 44714] [28.0] [cxt 0] Extracting header 'ethernet'
[01:31:39.008] [bmv2] [D] [thread 44714] [28.0] [cxt 0] Parser state 'start': key is 86dd
[01:31:39.008] [bmv2] [T] [thread 44714] [28.0] [cxt 0] Bytes parsed: 14
[01:31:39.008] [bmv2] [D] [thread 44714] [28.0] [cxt 0] Parser 'parser': end
[01:31:39.008] [bmv2] [D] [thread 44714] [28.0] [cxt 0] Pipeline 'ingress': start
[01:31:39.008] [bmv2] [T] [thread 44714] [28.0] [cxt 0] advanced_tunnel.p4(114) Condition "hdr.ipv4.isValid()" (node_2) is false
[01:31:39.008] [bmv2] [D] [thread 44714] [28.0] [cxt 0] Pipeline 'ingress': end
[01:31:39.008] [bmv2] [D] [thread 44714] [28.0] [cxt 0] Egress port is 0
[01:31:39.008] [bmv2] [D] [thread 44715] [28.0] [cxt 0] Pipeline 'egress': start
[01:31:39.008] [bmv2] [D] [thread 44715] [28.0] [cxt 0] Pipeline 'egress': end
[01:31:39.008] [bmv2] [D] [thread 44715] [28.0] [cxt 0] Deparser 'deparser': start
[01:31:39.008] [bmv2] [T] [thread 44715] [28.0] [cxt 0] Skipping checksum 'cksum' update because condition not met
[01:31:39.008] [bmv2] [D] [thread 44715] [28.0] [cxt 0] Deparsing header 'ethernet'
[01:31:39.008] [bmv2] [D] [thread 44715] [28.0] [cxt 0] Deparser 'deparser': end
[01:31:39.009] [bmv2] [D] [thread 44719] [28.0] [cxt 0] Transmitting packet of size 70 out of port 0
[01:32:11.990] [bmv2] [D] [thread 44714] [29.0] [cxt 0] Processing packet received on port 2
[01:32:11.990] [bmv2] [D] [thread 44714] [29.0] [cxt 0] Parser 'parser': start
[01:32:11.990] [bmv2] [D] [thread 44714] [29.0] [cxt 0] Parser 'parser' entering state 'start'
[01:32:11.990] [bmv2] [D] [thread 44714] [29.0] [cxt 0] Extracting header 'ethernet'
[01:32:11.990] [bmv2] [D] [thread 44714] [29.0] [cxt 0] Parser state 'start': key is 86dd
[01:32:11.990] [bmv2] [T] [thread 44714] [29.0] [cxt 0] Bytes parsed: 14
[01:32:11.990] [bmv2] [D] [thread 44714] [29.0] [cxt 0] Parser 'parser': end
[01:32:11.990] [bmv2] [D] [thread 44714] [29.0] [cxt 0] Pipeline 'ingress': start
[01:32:11.990] [bmv2] [T] [thread 44714] [29.0] [cxt 0] advanced_tunnel.p4(114) Condition "hdr.ipv4.isValid()" (node_2) is false
[01:32:11.990] [bmv2] [D] [thread 44714] [29.0] [cxt 0] Pipeline 'ingress': end
[01:32:11.990] [bmv2] [D] [thread 44714] [29.0] [cxt 0] Egress port is 0
[01:32:11.991] [bmv2] [D] [thread 44715] [29.0] [cxt 0] Pipeline 'egress': start
[01:32:11.991] [bmv2] [D] [thread 44715] [29.0] [cxt 0] Pipeline 'egress': end
[01:32:11.991] [bmv2] [D] [thread 44715] [29.0] [cxt 0] Deparser 'deparser': start
[01:32:11.991] [bmv2] [T] [thread 44715] [29.0] [cxt 0] Skipping checksum 'cksum' update because condition not met
[01:32:11.991] [bmv2] [D] [thread 44715] [29.0] [cxt 0] Deparsing header 'ethernet'
[01:32:11.991] [bmv2] [D] [thread 44715] [29.0] [cxt 0] Deparser 'deparser': end
[01:32:11.991] [bmv2] [D] [thread 44719] [29.0] [cxt 0] Transmitting packet of size 70 out of port 0
[01:32:13.821] [bmv2] [D] [thread 44714] [30.0] [cxt 0] Processing packet received on port 2
[01:32:13.821] [bmv2] [D] [thread 44714] [30.0] [cxt 0] Parser 'parser': start
[01:32:13.821] [bmv2] [D] [thread 44714] [30.0] [cxt 0] Parser 'parser' entering state 'start'
[01:32:13.821] [bmv2] [D] [thread 44714] [30.0] [cxt 0] Extracting header 'ethernet'
[01:32:13.821] [bmv2] [D] [thread 44714] [30.0] [cxt 0] Parser state 'start': key is 86dd
[01:32:13.821] [bmv2] [T] [thread 44714] [30.0] [cxt 0] Bytes parsed: 14
[01:32:13.821] [bmv2] [D] [thread 44714] [30.0] [cxt 0] Parser 'parser': end
[01:32:13.821] [bmv2] [D] [thread 44714] [30.0] [cxt 0] Pipeline 'ingress': start
[01:32:13.821] [bmv2] [T] [thread 44714] [30.0] [cxt 0] advanced_tunnel.p4(114) Condition "hdr.ipv4.isValid()" (node_2) is false
[01:32:13.821] [bmv2] [D] [thread 44714] [30.0] [cxt 0] Pipeline 'ingress': end
[01:32:13.821] [bmv2] [D] [thread 44714] [30.0] [cxt 0] Egress port is 0
[01:32:13.821] [bmv2] [D] [thread 44715] [30.0] [cxt 0] Pipeline 'egress': start
[01:32:13.821] [bmv2] [D] [thread 44715] [30.0] [cxt 0] Pipeline 'egress': end
[01:32:13.821] [bmv2] [D] [thread 44715] [30.0] [cxt 0] Deparser 'deparser': start
[01:32:13.821] [bmv2] [T] [thread 44715] [30.0] [cxt 0] Skipping checksum 'cksum' update because condition not met
[01:32:13.821] [bmv2] [D] [thread 44715] [30.0] [cxt 0] Deparsing header 'ethernet'
[01:32:13.821] [bmv2] [D] [thread 44715] [30.0] [cxt 0] Deparser 'deparser': end
[01:32:13.821] [bmv2] [D] [thread 44719] [30.0] [cxt 0] Transmitting packet of size 70 out of port 0
[01:32:15.865] [bmv2] [D] [thread 44714] [31.0] [cxt 0] Processing packet received on port 4
[01:32:15.865] [bmv2] [D] [thread 44714] [31.0] [cxt 0] Parser 'parser': start
[01:32:15.865] [bmv2] [D] [thread 44714] [31.0] [cxt 0] Parser 'parser' entering state 'start'
[01:32:15.865] [bmv2] [D] [thread 44714] [31.0] [cxt 0] Extracting header 'ethernet'
[01:32:15.865] [bmv2] [D] [thread 44714] [31.0] [cxt 0] Parser state 'start': key is 86dd
[01:32:15.865] [bmv2] [T] [thread 44714] [31.0] [cxt 0] Bytes parsed: 14
[01:32:15.865] [bmv2] [D] [thread 44714] [31.0] [cxt 0] Parser 'parser': end
[01:32:15.865] [bmv2] [D] [thread 44714] [31.0] [cxt 0] Pipeline 'ingress': start
[01:32:15.865] [bmv2] [T] [thread 44714] [31.0] [cxt 0] advanced_tunnel.p4(114) Condition "hdr.ipv4.isValid()" (node_2) is false
[01:32:15.865] [bmv2] [D] [thread 44714] [31.0] [cxt 0] Pipeline 'ingress': end
[01:32:15.865] [bmv2] [D] [thread 44714] [31.0] [cxt 0] Egress port is 0
[01:32:15.865] [bmv2] [D] [thread 44715] [31.0] [cxt 0] Pipeline 'egress': start
[01:32:15.865] [bmv2] [D] [thread 44715] [31.0] [cxt 0] Pipeline 'egress': end
[01:32:15.865] [bmv2] [D] [thread 44715] [31.0] [cxt 0] Deparser 'deparser': start
[01:32:15.865] [bmv2] [T] [thread 44715] [31.0] [cxt 0] Skipping checksum 'cksum' update because condition not met
[01:32:15.865] [bmv2] [D] [thread 44715] [31.0] [cxt 0] Deparsing header 'ethernet'
[01:32:15.865] [bmv2] [D] [thread 44715] [31.0] [cxt 0] Deparser 'deparser': end
[01:32:15.865] [bmv2] [D] [thread 44719] [31.0] [cxt 0] Transmitting packet of size 70 out of port 0
[01:32:30.202] [bmv2] [D] [thread 44714] [32.0] [cxt 0] Processing packet received on port 3
[01:32:30.202] [bmv2] [D] [thread 44714] [32.0] [cxt 0] Parser 'parser': start
[01:32:30.202] [bmv2] [D] [thread 44714] [32.0] [cxt 0] Parser 'parser' entering state 'start'
[01:32:30.202] [bmv2] [D] [thread 44714] [32.0] [cxt 0] Extracting header 'ethernet'
[01:32:30.202] [bmv2] [D] [thread 44714] [32.0] [cxt 0] Parser state 'start': key is 86dd
[01:32:30.202] [bmv2] [T] [thread 44714] [32.0] [cxt 0] Bytes parsed: 14
[01:32:30.202] [bmv2] [D] [thread 44714] [32.0] [cxt 0] Parser 'parser': end
[01:32:30.202] [bmv2] [D] [thread 44714] [32.0] [cxt 0] Pipeline 'ingress': start
[01:32:30.202] [bmv2] [T] [thread 44714] [32.0] [cxt 0] advanced_tunnel.p4(114) Condition "hdr.ipv4.isValid()" (node_2) is false
[01:32:30.202] [bmv2] [D] [thread 44714] [32.0] [cxt 0] Pipeline 'ingress': end
[01:32:30.202] [bmv2] [D] [thread 44714] [32.0] [cxt 0] Egress port is 0
[01:32:30.202] [bmv2] [D] [thread 44715] [32.0] [cxt 0] Pipeline 'egress': start
[01:32:30.202] [bmv2] [D] [thread 44715] [32.0] [cxt 0] Pipeline 'egress': end
[01:32:30.202] [bmv2] [D] [thread 44715] [32.0] [cxt 0] Deparser 'deparser': start
[01:32:30.202] [bmv2] [T] [thread 44715] [32.0] [cxt 0] Skipping checksum 'cksum' update because condition not met
[01:32:30.202] [bmv2] [D] [thread 44715] [32.0] [cxt 0] Deparsing header 'ethernet'
[01:32:30.202] [bmv2] [D] [thread 44715] [32.0] [cxt 0] Deparser 'deparser': end
[01:32:30.202] [bmv2] [D] [thread 44719] [32.0] [cxt 0] Transmitting packet of size 70 out of port 0
[01:32:46.920] [bmv2] [D] [thread 44714] [33.0] [cxt 0] Processing packet received on port 1
[01:32:46.920] [bmv2] [D] [thread 44714] [33.0] [cxt 0] Parser 'parser': start
[01:32:46.920] [bmv2] [D] [thread 44714] [33.0] [cxt 0] Parser 'parser' entering state 'start'
[01:32:46.920] [bmv2] [D] [thread 44714] [33.0] [cxt 0] Extracting header 'ethernet'
[01:32:46.920] [bmv2] [D] [thread 44714] [33.0] [cxt 0] Parser state 'start': key is 86dd
[01:32:46.920] [bmv2] [T] [thread 44714] [33.0] [cxt 0] Bytes parsed: 14
[01:32:46.920] [bmv2] [D] [thread 44714] [33.0] [cxt 0] Parser 'parser': end
[01:32:46.920] [bmv2] [D] [thread 44714] [33.0] [cxt 0] Pipeline 'ingress': start
[01:32:46.920] [bmv2] [T] [thread 44714] [33.0] [cxt 0] advanced_tunnel.p4(114) Condition "hdr.ipv4.isValid()" (node_2) is false
[01:32:46.920] [bmv2] [D] [thread 44714] [33.0] [cxt 0] Pipeline 'ingress': end
[01:32:46.920] [bmv2] [D] [thread 44714] [33.0] [cxt 0] Egress port is 0
[01:32:46.920] [bmv2] [D] [thread 44714] [34.0] [cxt 0] Processing packet received on port 4
[01:32:46.920] [bmv2] [D] [thread 44714] [34.0] [cxt 0] Parser 'parser': start
[01:32:46.920] [bmv2] [D] [thread 44714] [34.0] [cxt 0] Parser 'parser' entering state 'start'
[01:32:46.920] [bmv2] [D] [thread 44714] [34.0] [cxt 0] Extracting header 'ethernet'
[01:32:46.920] [bmv2] [D] [thread 44714] [34.0] [cxt 0] Parser state 'start': key is 86dd
[01:32:46.920] [bmv2] [T] [thread 44714] [34.0] [cxt 0] Bytes parsed: 14
[01:32:46.920] [bmv2] [D] [thread 44714] [34.0] [cxt 0] Parser 'parser': end
[01:32:46.920] [bmv2] [D] [thread 44714] [34.0] [cxt 0] Pipeline 'ingress': start
[01:32:46.920] [bmv2] [T] [thread 44714] [34.0] [cxt 0] advanced_tunnel.p4(114) Condition "hdr.ipv4.isValid()" (node_2) is false
[01:32:46.920] [bmv2] [D] [thread 44714] [34.0] [cxt 0] Pipeline 'ingress': end
[01:32:46.920] [bmv2] [D] [thread 44714] [34.0] [cxt 0] Egress port is 0
[01:32:46.920] [bmv2] [D] [thread 44715] [33.0] [cxt 0] Pipeline 'egress': start
[01:32:46.920] [bmv2] [D] [thread 44715] [33.0] [cxt 0] Pipeline 'egress': end
[01:32:46.920] [bmv2] [D] [thread 44715] [33.0] [cxt 0] Deparser 'deparser': start
[01:32:46.920] [bmv2] [T] [thread 44715] [33.0] [cxt 0] Skipping checksum 'cksum' update because condition not met
[01:32:46.920] [bmv2] [D] [thread 44715] [33.0] [cxt 0] Deparsing header 'ethernet'
[01:32:46.920] [bmv2] [D] [thread 44715] [33.0] [cxt 0] Deparser 'deparser': end
[01:32:46.920] [bmv2] [D] [thread 44715] [34.0] [cxt 0] Pipeline 'egress': start
[01:32:46.920] [bmv2] [D] [thread 44715] [34.0] [cxt 0] Pipeline 'egress': end
[01:32:46.920] [bmv2] [D] [thread 44715] [34.0] [cxt 0] Deparser 'deparser': start
[01:32:46.920] [bmv2] [T] [thread 44715] [34.0] [cxt 0] Skipping checksum 'cksum' update because condition not met
[01:32:46.920] [bmv2] [D] [thread 44715] [34.0] [cxt 0] Deparsing header 'ethernet'
[01:32:46.920] [bmv2] [D] [thread 44715] [34.0] [cxt 0] Deparser 'deparser': end
[01:32:46.920] [bmv2] [D] [thread 44719] [33.0] [cxt 0] Transmitting packet of size 70 out of port 0
[01:32:46.920] [bmv2] [D] [thread 44719] [34.0] [cxt 0] Transmitting packet of size 70 out of port 0
[01:35:14.051] [bmv2] [D] [thread 44714] [35.0] [cxt 0] Processing packet received on port 3
[01:35:14.051] [bmv2] [D] [thread 44714] [35.0] [cxt 0] Parser 'parser': start
[01:35:14.051] [bmv2] [D] [thread 44714] [35.0] [cxt 0] Parser 'parser' entering state 'start'
[01:35:14.051] [bmv2] [D] [thread 44714] [35.0] [cxt 0] Extracting header 'ethernet'
[01:35:14.051] [bmv2] [D] [thread 44714] [35.0] [cxt 0] Parser state 'start': key is 86dd
[01:35:14.051] [bmv2] [T] [thread 44714] [35.0] [cxt 0] Bytes parsed: 14
[01:35:14.051] [bmv2] [D] [thread 44714] [35.0] [cxt 0] Parser 'parser': end
[01:35:14.051] [bmv2] [D] [thread 44714] [35.0] [cxt 0] Pipeline 'ingress': start
[01:35:14.051] [bmv2] [T] [thread 44714] [35.0] [cxt 0] advanced_tunnel.p4(114) Condition "hdr.ipv4.isValid()" (node_2) is false
[01:35:14.051] [bmv2] [D] [thread 44714] [35.0] [cxt 0] Pipeline 'ingress': end
[01:35:14.051] [bmv2] [D] [thread 44714] [35.0] [cxt 0] Egress port is 0
[01:35:14.051] [bmv2] [D] [thread 44715] [35.0] [cxt 0] Pipeline 'egress': start
[01:35:14.051] [bmv2] [D] [thread 44715] [35.0] [cxt 0] Pipeline 'egress': end
[01:35:14.051] [bmv2] [D] [thread 44715] [35.0] [cxt 0] Deparser 'deparser': start
[01:35:14.051] [bmv2] [T] [thread 44715] [35.0] [cxt 0] Skipping checksum 'cksum' update because condition not met
[01:35:14.051] [bmv2] [D] [thread 44715] [35.0] [cxt 0] Deparsing header 'ethernet'
[01:35:14.051] [bmv2] [D] [thread 44715] [35.0] [cxt 0] Deparser 'deparser': end
[01:35:14.051] [bmv2] [D] [thread 44719] [35.0] [cxt 0] Transmitting packet of size 70 out of port 0
[01:36:36.915] [bmv2] [D] [thread 44714] [36.0] [cxt 0] Processing packet received on port 2
[01:36:36.915] [bmv2] [D] [thread 44714] [36.0] [cxt 0] Parser 'parser': start
[01:36:36.915] [bmv2] [D] [thread 44714] [36.0] [cxt 0] Parser 'parser' entering state 'start'
[01:36:36.915] [bmv2] [D] [thread 44714] [36.0] [cxt 0] Extracting header 'ethernet'
[01:36:36.915] [bmv2] [D] [thread 44714] [36.0] [cxt 0] Parser state 'start': key is 86dd
[01:36:36.915] [bmv2] [T] [thread 44714] [36.0] [cxt 0] Bytes parsed: 14
[01:36:36.915] [bmv2] [D] [thread 44714] [36.0] [cxt 0] Parser 'parser': end
[01:36:36.915] [bmv2] [D] [thread 44714] [36.0] [cxt 0] Pipeline 'ingress': start
[01:36:36.915] [bmv2] [T] [thread 44714] [36.0] [cxt 0] advanced_tunnel.p4(114) Condition "hdr.ipv4.isValid()" (node_2) is false
[01:36:36.915] [bmv2] [D] [thread 44714] [36.0] [cxt 0] Pipeline 'ingress': end
[01:36:36.915] [bmv2] [D] [thread 44714] [36.0] [cxt 0] Egress port is 0
[01:36:36.915] [bmv2] [D] [thread 44715] [36.0] [cxt 0] Pipeline 'egress': start
[01:36:36.915] [bmv2] [D] [thread 44715] [36.0] [cxt 0] Pipeline 'egress': end
[01:36:36.915] [bmv2] [D] [thread 44715] [36.0] [cxt 0] Deparser 'deparser': start
[01:36:36.915] [bmv2] [T] [thread 44715] [36.0] [cxt 0] Skipping checksum 'cksum' update because condition not met
[01:36:36.915] [bmv2] [D] [thread 44715] [36.0] [cxt 0] Deparsing header 'ethernet'
[01:36:36.915] [bmv2] [D] [thread 44715] [36.0] [cxt 0] Deparser 'deparser': end
[01:36:36.915] [bmv2] [D] [thread 44719] [36.0] [cxt 0] Transmitting packet of size 70 out of port 0
[01:36:36.916] [bmv2] [D] [thread 44714] [37.0] [cxt 0] Processing packet received on port 4
[01:36:36.916] [bmv2] [D] [thread 44714] [37.0] [cxt 0] Parser 'parser': start
[01:36:36.916] [bmv2] [D] [thread 44714] [37.0] [cxt 0] Parser 'parser' entering state 'start'
[01:36:36.916] [bmv2] [D] [thread 44714] [37.0] [cxt 0] Extracting header 'ethernet'
[01:36:36.916] [bmv2] [D] [thread 44714] [37.0] [cxt 0] Parser state 'start': key is 86dd
[01:36:36.916] [bmv2] [T] [thread 44714] [37.0] [cxt 0] Bytes parsed: 14
[01:36:36.916] [bmv2] [D] [thread 44714] [37.0] [cxt 0] Parser 'parser': end
[01:36:36.916] [bmv2] [D] [thread 44714] [37.0] [cxt 0] Pipeline 'ingress': start
[01:36:36.916] [bmv2] [T] [thread 44714] [37.0] [cxt 0] advanced_tunnel.p4(114) Condition "hdr.ipv4.isValid()" (node_2) is false
[01:36:36.916] [bmv2] [D] [thread 44714] [37.0] [cxt 0] Pipeline 'ingress': end
[01:36:36.916] [bmv2] [D] [thread 44714] [37.0] [cxt 0] Egress port is 0
[01:36:36.916] [bmv2] [D] [thread 44714] [38.0] [cxt 0] Processing packet received on port 2
[01:36:36.916] [bmv2] [D] [thread 44714] [38.0] [cxt 0] Parser 'parser': start
[01:36:36.916] [bmv2] [D] [thread 44714] [38.0] [cxt 0] Parser 'parser' entering state 'start'
[01:36:36.916] [bmv2] [D] [thread 44714] [38.0] [cxt 0] Extracting header 'ethernet'
[01:36:36.916] [bmv2] [D] [thread 44714] [38.0] [cxt 0] Parser state 'start': key is 86dd
[01:36:36.916] [bmv2] [T] [thread 44714] [38.0] [cxt 0] Bytes parsed: 14
[01:36:36.916] [bmv2] [D] [thread 44714] [38.0] [cxt 0] Parser 'parser': end
[01:36:36.916] [bmv2] [D] [thread 44714] [38.0] [cxt 0] Pipeline 'ingress': start
[01:36:36.916] [bmv2] [T] [thread 44714] [38.0] [cxt 0] advanced_tunnel.p4(114) Condition "hdr.ipv4.isValid()" (node_2) is false
[01:36:36.916] [bmv2] [D] [thread 44714] [38.0] [cxt 0] Pipeline 'ingress': end
[01:36:36.916] [bmv2] [D] [thread 44714] [38.0] [cxt 0] Egress port is 0
[01:36:36.916] [bmv2] [D] [thread 44715] [37.0] [cxt 0] Pipeline 'egress': start
[01:36:36.916] [bmv2] [D] [thread 44715] [37.0] [cxt 0] Pipeline 'egress': end
[01:36:36.916] [bmv2] [D] [thread 44715] [37.0] [cxt 0] Deparser 'deparser': start
[01:36:36.916] [bmv2] [T] [thread 44715] [37.0] [cxt 0] Skipping checksum 'cksum' update because condition not met
[01:36:36.916] [bmv2] [D] [thread 44715] [37.0] [cxt 0] Deparsing header 'ethernet'
[01:36:36.916] [bmv2] [D] [thread 44715] [37.0] [cxt 0] Deparser 'deparser': end
[01:36:36.916] [bmv2] [D] [thread 44715] [38.0] [cxt 0] Pipeline 'egress': start
[01:36:36.916] [bmv2] [D] [thread 44715] [38.0] [cxt 0] Pipeline 'egress': end
[01:36:36.916] [bmv2] [D] [thread 44715] [38.0] [cxt 0] Deparser 'deparser': start
[01:36:36.916] [bmv2] [T] [thread 44715] [38.0] [cxt 0] Skipping checksum 'cksum' update because condition not met
[01:36:36.916] [bmv2] [D] [thread 44715] [38.0] [cxt 0] Deparsing header 'ethernet'
[01:36:36.916] [bmv2] [D] [thread 44715] [38.0] [cxt 0] Deparser 'deparser': end
[01:36:36.916] [bmv2] [D] [thread 44719] [37.0] [cxt 0] Transmitting packet of size 70 out of port 0
[01:36:36.916] [bmv2] [D] [thread 44719] [38.0] [cxt 0] Transmitting packet of size 70 out of port 0
[01:37:08.732] [bmv2] [D] [thread 44714] [39.0] [cxt 0] Processing packet received on port 3
[01:37:08.732] [bmv2] [D] [thread 44714] [39.0] [cxt 0] Parser 'parser': start
[01:37:08.732] [bmv2] [D] [thread 44714] [39.0] [cxt 0] Parser 'parser' entering state 'start'
[01:37:08.732] [bmv2] [D] [thread 44714] [39.0] [cxt 0] Extracting header 'ethernet'
[01:37:08.732] [bmv2] [D] [thread 44714] [39.0] [cxt 0] Parser state 'start': key is 86dd
[01:37:08.732] [bmv2] [T] [thread 44714] [39.0] [cxt 0] Bytes parsed: 14
[01:37:08.732] [bmv2] [D] [thread 44714] [39.0] [cxt 0] Parser 'parser': end
[01:37:08.732] [bmv2] [D] [thread 44714] [39.0] [cxt 0] Pipeline 'ingress': start
[01:37:08.732] [bmv2] [T] [thread 44714] [39.0] [cxt 0] advanced_tunnel.p4(114) Condition "hdr.ipv4.isValid()" (node_2) is false
[01:37:08.732] [bmv2] [D] [thread 44714] [39.0] [cxt 0] Pipeline 'ingress': end
[01:37:08.732] [bmv2] [D] [thread 44714] [39.0] [cxt 0] Egress port is 0
[01:37:08.732] [bmv2] [D] [thread 44714] [40.0] [cxt 0] Processing packet received on port 4
[01:37:08.732] [bmv2] [D] [thread 44714] [40.0] [cxt 0] Parser 'parser': start
[01:37:08.732] [bmv2] [D] [thread 44714] [40.0] [cxt 0] Parser 'parser' entering state 'start'
[01:37:08.732] [bmv2] [D] [thread 44714] [40.0] [cxt 0] Extracting header 'ethernet'
[01:37:08.732] [bmv2] [D] [thread 44714] [40.0] [cxt 0] Parser state 'start': key is 86dd
[01:37:08.732] [bmv2] [T] [thread 44714] [40.0] [cxt 0] Bytes parsed: 14
[01:37:08.732] [bmv2] [D] [thread 44714] [40.0] [cxt 0] Parser 'parser': end
[01:37:08.732] [bmv2] [D] [thread 44714] [40.0] [cxt 0] Pipeline 'ingress': start
[01:37:08.732] [bmv2] [T] [thread 44714] [40.0] [cxt 0] advanced_tunnel.p4(114) Condition "hdr.ipv4.isValid()" (node_2) is false
[01:37:08.732] [bmv2] [D] [thread 44714] [40.0] [cxt 0] Pipeline 'ingress': end
[01:37:08.732] [bmv2] [D] [thread 44714] [40.0] [cxt 0] Egress port is 0
[01:37:08.732] [bmv2] [D] [thread 44715] [39.0] [cxt 0] Pipeline 'egress': start
[01:37:08.732] [bmv2] [D] [thread 44715] [39.0] [cxt 0] Pipeline 'egress': end
[01:37:08.732] [bmv2] [D] [thread 44715] [39.0] [cxt 0] Deparser 'deparser': start
[01:37:08.732] [bmv2] [T] [thread 44715] [39.0] [cxt 0] Skipping checksum 'cksum' update because condition not met
[01:37:08.732] [bmv2] [D] [thread 44715] [39.0] [cxt 0] Deparsing header 'ethernet'
[01:37:08.732] [bmv2] [D] [thread 44715] [39.0] [cxt 0] Deparser 'deparser': end
[01:37:08.732] [bmv2] [D] [thread 44715] [40.0] [cxt 0] Pipeline 'egress': start
[01:37:08.732] [bmv2] [D] [thread 44715] [40.0] [cxt 0] Pipeline 'egress': end
[01:37:08.732] [bmv2] [D] [thread 44715] [40.0] [cxt 0] Deparser 'deparser': start
[01:37:08.732] [bmv2] [T] [thread 44715] [40.0] [cxt 0] Skipping checksum 'cksum' update because condition not met
[01:37:08.732] [bmv2] [D] [thread 44715] [40.0] [cxt 0] Deparsing header 'ethernet'
[01:37:08.732] [bmv2] [D] [thread 44715] [40.0] [cxt 0] Deparser 'deparser': end
[01:37:08.732] [bmv2] [D] [thread 44719] [39.0] [cxt 0] Transmitting packet of size 70 out of port 0
[01:37:08.732] [bmv2] [D] [thread 44719] [40.0] [cxt 0] Transmitting packet of size 70 out of port 0
[01:37:25.112] [bmv2] [D] [thread 44714] [41.0] [cxt 0] Processing packet received on port 1
[01:37:25.112] [bmv2] [D] [thread 44714] [41.0] [cxt 0] Parser 'parser': start
[01:37:25.112] [bmv2] [D] [thread 44714] [41.0] [cxt 0] Parser 'parser' entering state 'start'
[01:37:25.112] [bmv2] [D] [thread 44714] [41.0] [cxt 0] Extracting header 'ethernet'
[01:37:25.112] [bmv2] [D] [thread 44714] [41.0] [cxt 0] Parser state 'start': key is 86dd
[01:37:25.112] [bmv2] [T] [thread 44714] [41.0] [cxt 0] Bytes parsed: 14
[01:37:25.112] [bmv2] [D] [thread 44714] [41.0] [cxt 0] Parser 'parser': end
[01:37:25.112] [bmv2] [D] [thread 44714] [41.0] [cxt 0] Pipeline 'ingress': start
[01:37:25.112] [bmv2] [T] [thread 44714] [41.0] [cxt 0] advanced_tunnel.p4(114) Condition "hdr.ipv4.isValid()" (node_2) is false
[01:37:25.112] [bmv2] [D] [thread 44714] [41.0] [cxt 0] Pipeline 'ingress': end
[01:37:25.112] [bmv2] [D] [thread 44714] [41.0] [cxt 0] Egress port is 0
[01:37:25.112] [bmv2] [D] [thread 44715] [41.0] [cxt 0] Pipeline 'egress': start
[01:37:25.112] [bmv2] [D] [thread 44715] [41.0] [cxt 0] Pipeline 'egress': end
[01:37:25.112] [bmv2] [D] [thread 44715] [41.0] [cxt 0] Deparser 'deparser': start
[01:37:25.112] [bmv2] [T] [thread 44715] [41.0] [cxt 0] Skipping checksum 'cksum' update because condition not met
[01:37:25.112] [bmv2] [D] [thread 44715] [41.0] [cxt 0] Deparsing header 'ethernet'
[01:37:25.112] [bmv2] [D] [thread 44715] [41.0] [cxt 0] Deparser 'deparser': end
[01:37:25.112] [bmv2] [D] [thread 44719] [41.0] [cxt 0] Transmitting packet of size 70 out of port 0
[01:42:36.408] [bmv2] [D] [thread 44714] [42.0] [cxt 0] Processing packet received on port 3
[01:42:36.409] [bmv2] [D] [thread 44714] [42.0] [cxt 0] Parser 'parser': start
[01:42:36.409] [bmv2] [D] [thread 44714] [42.0] [cxt 0] Parser 'parser' entering state 'start'
[01:42:36.409] [bmv2] [D] [thread 44714] [42.0] [cxt 0] Extracting header 'ethernet'
[01:42:36.409] [bmv2] [D] [thread 44714] [42.0] [cxt 0] Parser state 'start': key is 86dd
[01:42:36.409] [bmv2] [T] [thread 44714] [42.0] [cxt 0] Bytes parsed: 14
[01:42:36.409] [bmv2] [D] [thread 44714] [42.0] [cxt 0] Parser 'parser': end
[01:42:36.409] [bmv2] [D] [thread 44714] [42.0] [cxt 0] Pipeline 'ingress': start
[01:42:36.409] [bmv2] [T] [thread 44714] [42.0] [cxt 0] advanced_tunnel.p4(114) Condition "hdr.ipv4.isValid()" (node_2) is false
[01:42:36.409] [bmv2] [D] [thread 44714] [42.0] [cxt 0] Pipeline 'ingress': end
[01:42:36.409] [bmv2] [D] [thread 44714] [42.0] [cxt 0] Egress port is 0
[01:42:36.409] [bmv2] [D] [thread 44715] [42.0] [cxt 0] Pipeline 'egress': start
[01:42:36.409] [bmv2] [D] [thread 44715] [42.0] [cxt 0] Pipeline 'egress': end
[01:42:36.409] [bmv2] [D] [thread 44715] [42.0] [cxt 0] Deparser 'deparser': start
[01:42:36.409] [bmv2] [T] [thread 44715] [42.0] [cxt 0] Skipping checksum 'cksum' update because condition not met
[01:42:36.409] [bmv2] [D] [thread 44715] [42.0] [cxt 0] Deparsing header 'ethernet'
[01:42:36.409] [bmv2] [D] [thread 44715] [42.0] [cxt 0] Deparser 'deparser': end
[01:42:36.409] [bmv2] [D] [thread 44719] [42.0] [cxt 0] Transmitting packet of size 70 out of port 0
[01:44:31.098] [bmv2] [D] [thread 44714] [43.0] [cxt 0] Processing packet received on port 4
[01:44:31.098] [bmv2] [D] [thread 44714] [43.0] [cxt 0] Parser 'parser': start
[01:44:31.098] [bmv2] [D] [thread 44714] [43.0] [cxt 0] Parser 'parser' entering state 'start'
[01:44:31.098] [bmv2] [D] [thread 44714] [43.0] [cxt 0] Extracting header 'ethernet'
[01:44:31.098] [bmv2] [D] [thread 44714] [43.0] [cxt 0] Parser state 'start': key is 86dd
[01:44:31.098] [bmv2] [T] [thread 44714] [43.0] [cxt 0] Bytes parsed: 14
[01:44:31.098] [bmv2] [D] [thread 44714] [43.0] [cxt 0] Parser 'parser': end
[01:44:31.098] [bmv2] [D] [thread 44714] [43.0] [cxt 0] Pipeline 'ingress': start
[01:44:31.098] [bmv2] [T] [thread 44714] [43.0] [cxt 0] advanced_tunnel.p4(114) Condition "hdr.ipv4.isValid()" (node_2) is false
[01:44:31.098] [bmv2] [D] [thread 44714] [43.0] [cxt 0] Pipeline 'ingress': end
[01:44:31.098] [bmv2] [D] [thread 44714] [43.0] [cxt 0] Egress port is 0
[01:44:31.098] [bmv2] [D] [thread 44715] [43.0] [cxt 0] Pipeline 'egress': start
[01:44:31.098] [bmv2] [D] [thread 44715] [43.0] [cxt 0] Pipeline 'egress': end
[01:44:31.098] [bmv2] [D] [thread 44715] [43.0] [cxt 0] Deparser 'deparser': start
[01:44:31.098] [bmv2] [T] [thread 44715] [43.0] [cxt 0] Skipping checksum 'cksum' update because condition not met
[01:44:31.098] [bmv2] [D] [thread 44715] [43.0] [cxt 0] Deparsing header 'ethernet'
[01:44:31.098] [bmv2] [D] [thread 44715] [43.0] [cxt 0] Deparser 'deparser': end
[01:44:31.098] [bmv2] [D] [thread 44719] [43.0] [cxt 0] Transmitting packet of size 70 out of port 0
[01:44:47.490] [bmv2] [D] [thread 44714] [44.0] [cxt 0] Processing packet received on port 2
[01:44:47.492] [bmv2] [D] [thread 44714] [44.0] [cxt 0] Parser 'parser': start
[01:44:47.492] [bmv2] [D] [thread 44714] [44.0] [cxt 0] Parser 'parser' entering state 'start'
[01:44:47.492] [bmv2] [D] [thread 44714] [44.0] [cxt 0] Extracting header 'ethernet'
[01:44:47.492] [bmv2] [D] [thread 44714] [44.0] [cxt 0] Parser state 'start': key is 86dd
[01:44:47.492] [bmv2] [T] [thread 44714] [44.0] [cxt 0] Bytes parsed: 14
[01:44:47.492] [bmv2] [D] [thread 44714] [44.0] [cxt 0] Parser 'parser': end
[01:44:47.492] [bmv2] [D] [thread 44714] [44.0] [cxt 0] Pipeline 'ingress': start
[01:44:47.492] [bmv2] [T] [thread 44714] [44.0] [cxt 0] advanced_tunnel.p4(114) Condition "hdr.ipv4.isValid()" (node_2) is false
[01:44:47.492] [bmv2] [D] [thread 44714] [44.0] [cxt 0] Pipeline 'ingress': end
[01:44:47.492] [bmv2] [D] [thread 44714] [44.0] [cxt 0] Egress port is 0
[01:44:47.492] [bmv2] [D] [thread 44715] [44.0] [cxt 0] Pipeline 'egress': start
[01:44:47.492] [bmv2] [D] [thread 44715] [44.0] [cxt 0] Pipeline 'egress': end
[01:44:47.492] [bmv2] [D] [thread 44715] [44.0] [cxt 0] Deparser 'deparser': start
[01:44:47.492] [bmv2] [T] [thread 44715] [44.0] [cxt 0] Skipping checksum 'cksum' update because condition not met
[01:44:47.492] [bmv2] [D] [thread 44715] [44.0] [cxt 0] Deparsing header 'ethernet'
[01:44:47.492] [bmv2] [D] [thread 44715] [44.0] [cxt 0] Deparser 'deparser': end
[01:44:47.492] [bmv2] [D] [thread 44719] [44.0] [cxt 0] Transmitting packet of size 70 out of port 0
[01:45:20.946] [bmv2] [D] [thread 44714] [45.0] [cxt 0] Processing packet received on port 2
[01:45:20.946] [bmv2] [D] [thread 44714] [45.0] [cxt 0] Parser 'parser': start
[01:45:20.946] [bmv2] [D] [thread 44714] [45.0] [cxt 0] Parser 'parser' entering state 'start'
[01:45:20.946] [bmv2] [D] [thread 44714] [45.0] [cxt 0] Extracting header 'ethernet'
[01:45:20.946] [bmv2] [D] [thread 44714] [45.0] [cxt 0] Parser state 'start': key is 86dd
[01:45:20.946] [bmv2] [T] [thread 44714] [45.0] [cxt 0] Bytes parsed: 14
[01:45:20.946] [bmv2] [D] [thread 44714] [45.0] [cxt 0] Parser 'parser': end
[01:45:20.946] [bmv2] [D] [thread 44714] [45.0] [cxt 0] Pipeline 'ingress': start
[01:45:20.946] [bmv2] [T] [thread 44714] [45.0] [cxt 0] advanced_tunnel.p4(114) Condition "hdr.ipv4.isValid()" (node_2) is false
[01:45:20.946] [bmv2] [D] [thread 44714] [45.0] [cxt 0] Pipeline 'ingress': end
[01:45:20.946] [bmv2] [D] [thread 44714] [45.0] [cxt 0] Egress port is 0
[01:45:20.947] [bmv2] [D] [thread 44715] [45.0] [cxt 0] Pipeline 'egress': start
[01:45:20.947] [bmv2] [D] [thread 44715] [45.0] [cxt 0] Pipeline 'egress': end
[01:45:20.947] [bmv2] [D] [thread 44715] [45.0] [cxt 0] Deparser 'deparser': start
[01:45:20.947] [bmv2] [T] [thread 44715] [45.0] [cxt 0] Skipping checksum 'cksum' update because condition not met
[01:45:20.947] [bmv2] [D] [thread 44715] [45.0] [cxt 0] Deparsing header 'ethernet'
[01:45:20.947] [bmv2] [D] [thread 44715] [45.0] [cxt 0] Deparser 'deparser': end
[01:45:20.947] [bmv2] [D] [thread 44719] [45.0] [cxt 0] Transmitting packet of size 70 out of port 0
[01:45:36.962] [bmv2] [D] [thread 44714] [46.0] [cxt 0] Processing packet received on port 3
[01:45:36.962] [bmv2] [D] [thread 44714] [46.0] [cxt 0] Parser 'parser': start
[01:45:36.962] [bmv2] [D] [thread 44714] [46.0] [cxt 0] Parser 'parser' entering state 'start'
[01:45:36.962] [bmv2] [D] [thread 44714] [46.0] [cxt 0] Extracting header 'ethernet'
[01:45:36.962] [bmv2] [D] [thread 44714] [46.0] [cxt 0] Parser state 'start': key is 86dd
[01:45:36.962] [bmv2] [T] [thread 44714] [46.0] [cxt 0] Bytes parsed: 14
[01:45:36.962] [bmv2] [D] [thread 44714] [46.0] [cxt 0] Parser 'parser': end
[01:45:36.962] [bmv2] [D] [thread 44714] [46.0] [cxt 0] Pipeline 'ingress': start
[01:45:36.962] [bmv2] [T] [thread 44714] [46.0] [cxt 0] advanced_tunnel.p4(114) Condition "hdr.ipv4.isValid()" (node_2) is false
[01:45:36.962] [bmv2] [D] [thread 44714] [46.0] [cxt 0] Pipeline 'ingress': end
[01:45:36.962] [bmv2] [D] [thread 44714] [46.0] [cxt 0] Egress port is 0
[01:45:36.962] [bmv2] [D] [thread 44715] [46.0] [cxt 0] Pipeline 'egress': start
[01:45:36.962] [bmv2] [D] [thread 44715] [46.0] [cxt 0] Pipeline 'egress': end
[01:45:36.962] [bmv2] [D] [thread 44715] [46.0] [cxt 0] Deparser 'deparser': start
[01:45:36.962] [bmv2] [T] [thread 44715] [46.0] [cxt 0] Skipping checksum 'cksum' update because condition not met
[01:45:36.962] [bmv2] [D] [thread 44715] [46.0] [cxt 0] Deparsing header 'ethernet'
[01:45:36.963] [bmv2] [D] [thread 44715] [46.0] [cxt 0] Deparser 'deparser': end
[01:45:36.963] [bmv2] [D] [thread 44719] [46.0] [cxt 0] Transmitting packet of size 70 out of port 0
[01:45:53.951] [bmv2] [D] [thread 44714] [47.0] [cxt 0] Processing packet received on port 4
[01:45:53.952] [bmv2] [D] [thread 44714] [47.0] [cxt 0] Parser 'parser': start
[01:45:53.952] [bmv2] [D] [thread 44714] [47.0] [cxt 0] Parser 'parser' entering state 'start'
[01:45:53.952] [bmv2] [D] [thread 44714] [47.0] [cxt 0] Extracting header 'ethernet'
[01:45:53.952] [bmv2] [D] [thread 44714] [47.0] [cxt 0] Parser state 'start': key is 86dd
[01:45:53.953] [bmv2] [T] [thread 44714] [47.0] [cxt 0] Bytes parsed: 14
[01:45:53.953] [bmv2] [D] [thread 44714] [47.0] [cxt 0] Parser 'parser': end
[01:45:53.953] [bmv2] [D] [thread 44714] [47.0] [cxt 0] Pipeline 'ingress': start
[01:45:53.953] [bmv2] [T] [thread 44714] [47.0] [cxt 0] advanced_tunnel.p4(114) Condition "hdr.ipv4.isValid()" (node_2) is false
[01:45:53.953] [bmv2] [D] [thread 44714] [47.0] [cxt 0] Pipeline 'ingress': end
[01:45:53.953] [bmv2] [D] [thread 44714] [47.0] [cxt 0] Egress port is 0
[01:45:53.953] [bmv2] [D] [thread 44715] [47.0] [cxt 0] Pipeline 'egress': start
[01:45:53.953] [bmv2] [D] [thread 44715] [47.0] [cxt 0] Pipeline 'egress': end
[01:45:53.953] [bmv2] [D] [thread 44715] [47.0] [cxt 0] Deparser 'deparser': start
[01:45:53.953] [bmv2] [T] [thread 44715] [47.0] [cxt 0] Skipping checksum 'cksum' update because condition not met
[01:45:53.953] [bmv2] [D] [thread 44715] [47.0] [cxt 0] Deparsing header 'ethernet'
[01:45:53.953] [bmv2] [D] [thread 44715] [47.0] [cxt 0] Deparser 'deparser': end
[01:45:53.953] [bmv2] [D] [thread 44719] [47.0] [cxt 0] Transmitting packet of size 70 out of port 0
[01:46:25.950] [bmv2] [D] [thread 44714] [48.0] [cxt 0] Processing packet received on port 1
[01:46:25.950] [bmv2] [D] [thread 44714] [48.0] [cxt 0] Parser 'parser': start
[01:46:25.950] [bmv2] [D] [thread 44714] [48.0] [cxt 0] Parser 'parser' entering state 'start'
[01:46:25.950] [bmv2] [D] [thread 44714] [48.0] [cxt 0] Extracting header 'ethernet'
[01:46:25.950] [bmv2] [D] [thread 44714] [48.0] [cxt 0] Parser state 'start': key is 86dd
[01:46:25.950] [bmv2] [T] [thread 44714] [48.0] [cxt 0] Bytes parsed: 14
[01:46:25.950] [bmv2] [D] [thread 44714] [48.0] [cxt 0] Parser 'parser': end
[01:46:25.950] [bmv2] [D] [thread 44714] [48.0] [cxt 0] Pipeline 'ingress': start
[01:46:25.950] [bmv2] [T] [thread 44714] [48.0] [cxt 0] advanced_tunnel.p4(114) Condition "hdr.ipv4.isValid()" (node_2) is false
[01:46:25.950] [bmv2] [D] [thread 44714] [48.0] [cxt 0] Pipeline 'ingress': end
[01:46:25.950] [bmv2] [D] [thread 44714] [48.0] [cxt 0] Egress port is 0
[01:46:25.950] [bmv2] [D] [thread 44715] [48.0] [cxt 0] Pipeline 'egress': start
[01:46:25.950] [bmv2] [D] [thread 44715] [48.0] [cxt 0] Pipeline 'egress': end
[01:46:25.951] [bmv2] [D] [thread 44715] [48.0] [cxt 0] Deparser 'deparser': start
[01:46:25.951] [bmv2] [T] [thread 44715] [48.0] [cxt 0] Skipping checksum 'cksum' update because condition not met
[01:46:25.951] [bmv2] [D] [thread 44715] [48.0] [cxt 0] Deparsing header 'ethernet'
[01:46:25.951] [bmv2] [D] [thread 44715] [48.0] [cxt 0] Deparser 'deparser': end
[01:46:25.951] [bmv2] [D] [thread 44719] [48.0] [cxt 0] Transmitting packet of size 70 out of port 0
