Calling target program-options parser
[01:28:13.554] [bmv2] [D] [thread 44721] Set default default entry for table 'MyIngress.ipv4_lpm': MyIngress.drop - 
Adding interface s4-eth1 as port 1
[01:28:13.555] [bmv2] [D] [thread 44721] Adding interface s4-eth1 as port 1
Adding interface s4-eth2 as port 2
[01:28:13.981] [bmv2] [D] [thread 44721] Adding interface s4-eth2 as port 2
Server listening on 0.0.0.0:50054
[01:28:14.993] [bmv2] [I] [thread 44721] Starting Thrift server on port 9093
[01:28:15.002] [bmv2] [I] [thread 44721] Thrift server was started
[01:28:15.922] [bmv2] [D] [thread 44731] [0.0] [cxt 0] Processing packet received on port 1
[01:28:15.922] [bmv2] [D] [thread 44731] [0.0] [cxt 0] Parser 'parser': start
[01:28:15.922] [bmv2] [D] [thread 44731] [0.0] [cxt 0] Parser 'parser' entering state 'start'
[01:28:15.922] [bmv2] [D] [thread 44731] [0.0] [cxt 0] Extracting header 'ethernet'
[01:28:15.922] [bmv2] [D] [thread 44731] [0.0] [cxt 0] Parser state 'start': key is 86dd
[01:28:15.922] [bmv2] [T] [thread 44731] [0.0] [cxt 0] Bytes parsed: 14
[01:28:15.922] [bmv2] [D] [thread 44731] [0.0] [cxt 0] Parser 'parser': end
[01:28:15.922] [bmv2] [D] [thread 44731] [0.0] [cxt 0] Pipeline 'ingress': start
[01:28:15.922] [bmv2] [T] [thread 44731] [0.0] [cxt 0] advanced_tunnel.p4(114) Condition "hdr.ipv4.isValid()" (node_2) is false
[01:28:15.922] [bmv2] [D] [thread 44731] [0.0] [cxt 0] Pipeline 'ingress': end
[01:28:15.922] [bmv2] [D] [thread 44731] [0.0] [cxt 0] Egress port is 0
[01:28:15.923] [bmv2] [D] [thread 44732] [0.0] [cxt 0] Pipeline 'egress': start
[01:28:15.923] [bmv2] [D] [thread 44732] [0.0] [cxt 0] Pipeline 'egress': end
[01:28:15.923] [bmv2] [D] [thread 44732] [0.0] [cxt 0] Deparser 'deparser': start
[01:28:15.923] [bmv2] [T] [thread 44732] [0.0] [cxt 0] Skipping checksum 'cksum' update because condition not met
[01:28:15.923] [bmv2] [D] [thread 44732] [0.0] [cxt 0] Deparsing header 'ethernet'
[01:28:15.923] [bmv2] [D] [thread 44732] [0.0] [cxt 0] Deparser 'deparser': end
[01:28:15.924] [bmv2] [D] [thread 44736] [0.0] [cxt 0] Transmitting packet of size 70 out of port 0
[01:28:16.757] [bmv2] [D] [thread 44731] [1.0] [cxt 0] Processing packet received on port 2
[01:28:16.757] [bmv2] [D] [thread 44731] [1.0] [cxt 0] Parser 'parser': start
[01:28:16.757] [bmv2] [D] [thread 44731] [1.0] [cxt 0] Parser 'parser' entering state 'start'
[01:28:16.757] [bmv2] [D] [thread 44731] [1.0] [cxt 0] Extracting header 'ethernet'
[01:28:16.757] [bmv2] [D] [thread 44731] [1.0] [cxt 0] Parser state 'start': key is 86dd
[01:28:16.757] [bmv2] [T] [thread 44731] [1.0] [cxt 0] Bytes parsed: 14
[01:28:16.757] [bmv2] [D] [thread 44731] [1.0] [cxt 0] Parser 'parser': end
[01:28:16.757] [bmv2] [D] [thread 44731] [1.0] [cxt 0] Pipeline 'ingress': start
[01:28:16.757] [bmv2] [T] [thread 44731] [1.0] [cxt 0] advanced_tunnel.p4(114) Condition "hdr.ipv4.isValid()" (node_2) is false
[01:28:16.757] [bmv2] [D] [thread 44731] [1.0] [cxt 0] Pipeline 'ingress': end
[01:28:16.757] [bmv2] [D] [thread 44731] [1.0] [cxt 0] Egress port is 0
[01:28:16.758] [bmv2] [D] [thread 44732] [1.0] [cxt 0] Pipeline 'egress': start
[01:28:16.758] [bmv2] [D] [thread 44732] [1.0] [cxt 0] Pipeline 'egress': end
[01:28:16.758] [bmv2] [D] [thread 44732] [1.0] [cxt 0] Deparser 'deparser': start
[01:28:16.758] [bmv2] [T] [thread 44732] [1.0] [cxt 0] Skipping checksum 'cksum' update because condition not met
[01:28:16.758] [bmv2] [D] [thread 44732] [1.0] [cxt 0] Deparsing header 'ethernet'
[01:28:16.758] [bmv2] [D] [thread 44732] [1.0] [cxt 0] Deparser 'deparser': end
[01:28:16.758] [bmv2] [D] [thread 44736] [1.0] [cxt 0] Transmitting packet of size 70 out of port 0
[01:28:17.911] [bmv2] [D] [thread 44731] [2.0] [cxt 0] Processing packet received on port 2
[01:28:17.911] [bmv2] [D] [thread 44731] [2.0] [cxt 0] Parser 'parser': start
[01:28:17.911] [bmv2] [D] [thread 44731] [2.0] [cxt 0] Parser 'parser' entering state 'start'
[01:28:17.911] [bmv2] [D] [thread 44731] [2.0] [cxt 0] Extracting header 'ethernet'
[01:28:17.911] [bmv2] [D] [thread 44731] [2.0] [cxt 0] Parser state 'start': key is 86dd
[01:28:17.911] [bmv2] [T] [thread 44731] [2.0] [cxt 0] Bytes parsed: 14
[01:28:17.911] [bmv2] [D] [thread 44731] [2.0] [cxt 0] Parser 'parser': end
[01:28:17.911] [bmv2] [D] [thread 44731] [2.0] [cxt 0] Pipeline 'ingress': start
[01:28:17.911] [bmv2] [T] [thread 44731] [2.0] [cxt 0] advanced_tunnel.p4(114) Condition "hdr.ipv4.isValid()" (node_2) is false
[01:28:17.911] [bmv2] [D] [thread 44731] [2.0] [cxt 0] Pipeline 'ingress': end
[01:28:17.911] [bmv2] [D] [thread 44731] [2.0] [cxt 0] Egress port is 0
[01:28:17.912] [bmv2] [D] [thread 44732] [2.0] [cxt 0] Pipeline 'egress': start
[01:28:17.912] [bmv2] [D] [thread 44732] [2.0] [cxt 0] Pipeline 'egress': end
[01:28:17.912] [bmv2] [D] [thread 44732] [2.0] [cxt 0] Deparser 'deparser': start
[01:28:17.912] [bmv2] [T] [thread 44732] [2.0] [cxt 0] Skipping checksum 'cksum' update because condition not met
[01:28:17.912] [bmv2] [D] [thread 44732] [2.0] [cxt 0] Deparsing header 'ethernet'
[01:28:17.912] [bmv2] [D] [thread 44732] [2.0] [cxt 0] Deparser 'deparser': end
[01:28:17.912] [bmv2] [D] [thread 44736] [2.0] [cxt 0] Transmitting packet of size 70 out of port 0
[01:28:20.221] [bmv2] [W] [thread 44779] [P4Runtime] p4::tmp::P4DeviceConfig is deprecated
[01:28:20.221] [bmv2] [D] [thread 44779] Set default default entry for table 'MyIngress.ipv4_lpm': MyIngress.drop - 
[01:28:20.239] [bmv2] [D] [thread 44779] simple_switch target has been notified of a config swap
[01:28:20.249] [bmv2] [D] [thread 44780] Set default entry for table 'MyIngress.ipv4_lpm': MyIngress.drop - 
[01:28:20.250] [bmv2] [D] [thread 44779] Entry 0 added to table 'MyIngress.ipv4_lpm'
[01:28:20.250] [bmv2] [D] [thread 44779] Dumping entry 0
Match key:
* hdr.ipv4.dstAddr    : LPM       0a000101/32
Action entry: MyIngress.ipv4_forward - 80000000300,2,

[01:28:20.251] [bmv2] [D] [thread 44780] Entry 1 added to table 'MyIngress.ipv4_lpm'
[01:28:20.251] [bmv2] [D] [thread 44780] Dumping entry 1
Match key:
* hdr.ipv4.dstAddr    : LPM       0a000202/32
Action entry: MyIngress.ipv4_forward - 80000000300,2,

[01:28:20.252] [bmv2] [D] [thread 44779] Entry 2 added to table 'MyIngress.ipv4_lpm'
[01:28:20.252] [bmv2] [D] [thread 44779] Dumping entry 2
Match key:
* hdr.ipv4.dstAddr    : LPM       0a000303/32
Action entry: MyIngress.ipv4_forward - 80000000300,2,

[01:28:20.253] [bmv2] [D] [thread 44780] Entry 3 added to table 'MyIngress.ipv4_lpm'
[01:28:20.253] [bmv2] [D] [thread 44780] Dumping entry 3
Match key:
* hdr.ipv4.dstAddr    : LPM       0a000404/32
Action entry: MyIngress.ipv4_forward - 80000000444,1,

[01:28:32.925] [bmv2] [D] [thread 44731] [3.0] [cxt 0] Processing packet received on port 1
[01:28:32.925] [bmv2] [D] [thread 44731] [3.0] [cxt 0] Parser 'parser': start
[01:28:32.925] [bmv2] [D] [thread 44731] [3.0] [cxt 0] Parser 'parser' entering state 'start'
[01:28:32.925] [bmv2] [D] [thread 44731] [3.0] [cxt 0] Extracting header 'ethernet'
[01:28:32.925] [bmv2] [D] [thread 44731] [3.0] [cxt 0] Parser state 'start': key is 86dd
[01:28:32.925] [bmv2] [T] [thread 44731] [3.0] [cxt 0] Bytes parsed: 14
[01:28:32.925] [bmv2] [D] [thread 44731] [3.0] [cxt 0] Parser 'parser': end
[01:28:32.925] [bmv2] [D] [thread 44731] [3.0] [cxt 0] Pipeline 'ingress': start
[01:28:32.925] [bmv2] [T] [thread 44731] [3.0] [cxt 0] advanced_tunnel.p4(114) Condition "hdr.ipv4.isValid()" (node_2) is false
[01:28:32.925] [bmv2] [D] [thread 44731] [3.0] [cxt 0] Pipeline 'ingress': end
[01:28:32.925] [bmv2] [D] [thread 44731] [3.0] [cxt 0] Egress port is 0
[01:28:32.925] [bmv2] [D] [thread 44731] [4.0] [cxt 0] Processing packet received on port 2
[01:28:32.925] [bmv2] [D] [thread 44731] [4.0] [cxt 0] Parser 'parser': start
[01:28:32.925] [bmv2] [D] [thread 44731] [4.0] [cxt 0] Parser 'parser' entering state 'start'
[01:28:32.925] [bmv2] [D] [thread 44731] [4.0] [cxt 0] Extracting header 'ethernet'
[01:28:32.925] [bmv2] [D] [thread 44731] [4.0] [cxt 0] Parser state 'start': key is 86dd
[01:28:32.925] [bmv2] [T] [thread 44731] [4.0] [cxt 0] Bytes parsed: 14
[01:28:32.925] [bmv2] [D] [thread 44731] [4.0] [cxt 0] Parser 'parser': end
[01:28:32.925] [bmv2] [D] [thread 44731] [4.0] [cxt 0] Pipeline 'ingress': start
[01:28:32.925] [bmv2] [T] [thread 44731] [4.0] [cxt 0] advanced_tunnel.p4(114) Condition "hdr.ipv4.isValid()" (node_2) is false
[01:28:32.925] [bmv2] [D] [thread 44731] [4.0] [cxt 0] Pipeline 'ingress': end
[01:28:32.925] [bmv2] [D] [thread 44731] [4.0] [cxt 0] Egress port is 0
[01:28:32.928] [bmv2] [D] [thread 44732] [3.0] [cxt 0] Pipeline 'egress': start
[01:28:32.928] [bmv2] [D] [thread 44732] [3.0] [cxt 0] Pipeline 'egress': end
[01:28:32.928] [bmv2] [D] [thread 44732] [3.0] [cxt 0] Deparser 'deparser': start
[01:28:32.928] [bmv2] [T] [thread 44732] [3.0] [cxt 0] Skipping checksum 'cksum' update because condition not met
[01:28:32.928] [bmv2] [D] [thread 44732] [3.0] [cxt 0] Deparsing header 'ethernet'
[01:28:32.928] [bmv2] [D] [thread 44732] [3.0] [cxt 0] Deparser 'deparser': end
[01:28:32.928] [bmv2] [D] [thread 44732] [4.0] [cxt 0] Pipeline 'egress': start
[01:28:32.928] [bmv2] [D] [thread 44732] [4.0] [cxt 0] Pipeline 'egress': end
[01:28:32.928] [bmv2] [D] [thread 44732] [4.0] [cxt 0] Deparser 'deparser': start
[01:28:32.928] [bmv2] [T] [thread 44732] [4.0] [cxt 0] Skipping checksum 'cksum' update because condition not met
[01:28:32.928] [bmv2] [D] [thread 44732] [4.0] [cxt 0] Deparsing header 'ethernet'
[01:28:32.928] [bmv2] [D] [thread 44732] [4.0] [cxt 0] Deparser 'deparser': end
[01:28:32.928] [bmv2] [D] [thread 44736] [3.0] [cxt 0] Transmitting packet of size 70 out of port 0
[01:28:32.928] [bmv2] [D] [thread 44736] [4.0] [cxt 0] Transmitting packet of size 70 out of port 0
[01:28:36.925] [bmv2] [D] [thread 44731] [5.0] [cxt 0] Processing packet received on port 2
[01:28:36.925] [bmv2] [D] [thread 44731] [5.0] [cxt 0] Parser 'parser': start
[01:28:36.925] [bmv2] [D] [thread 44731] [5.0] [cxt 0] Parser 'parser' entering state 'start'
[01:28:36.925] [bmv2] [D] [thread 44731] [5.0] [cxt 0] Extracting header 'ethernet'
[01:28:36.925] [bmv2] [D] [thread 44731] [5.0] [cxt 0] Parser state 'start': key is 86dd
[01:28:36.925] [bmv2] [T] [thread 44731] [5.0] [cxt 0] Bytes parsed: 14
[01:28:36.925] [bmv2] [D] [thread 44731] [5.0] [cxt 0] Parser 'parser': end
[01:28:36.925] [bmv2] [D] [thread 44731] [5.0] [cxt 0] Pipeline 'ingress': start
[01:28:36.925] [bmv2] [T] [thread 44731] [5.0] [cxt 0] advanced_tunnel.p4(114) Condition "hdr.ipv4.isValid()" (node_2) is false
[01:28:36.925] [bmv2] [D] [thread 44731] [5.0] [cxt 0] Pipeline 'ingress': end
[01:28:36.925] [bmv2] [D] [thread 44731] [5.0] [cxt 0] Egress port is 0
[01:28:36.927] [bmv2] [D] [thread 44732] [5.0] [cxt 0] Pipeline 'egress': start
[01:28:36.927] [bmv2] [D] [thread 44732] [5.0] [cxt 0] Pipeline 'egress': end
[01:28:36.927] [bmv2] [D] [thread 44732] [5.0] [cxt 0] Deparser 'deparser': start
[01:28:36.927] [bmv2] [T] [thread 44732] [5.0] [cxt 0] Skipping checksum 'cksum' update because condition not met
[01:28:36.927] [bmv2] [D] [thread 44732] [5.0] [cxt 0] Deparsing header 'ethernet'
[01:28:36.927] [bmv2] [D] [thread 44732] [5.0] [cxt 0] Deparser 'deparser': end
[01:28:36.927] [bmv2] [D] [thread 44736] [5.0] [cxt 0] Transmitting packet of size 70 out of port 0
[01:29:05.399] [bmv2] [D] [thread 44731] [6.0] [cxt 0] Processing packet received on port 1
[01:29:05.399] [bmv2] [D] [thread 44731] [6.0] [cxt 0] Parser 'parser': start
[01:29:05.399] [bmv2] [D] [thread 44731] [6.0] [cxt 0] Parser 'parser' entering state 'start'
[01:29:05.399] [bmv2] [D] [thread 44731] [6.0] [cxt 0] Extracting header 'ethernet'
[01:29:05.399] [bmv2] [D] [thread 44731] [6.0] [cxt 0] Parser state 'start': key is 86dd
[01:29:05.399] [bmv2] [T] [thread 44731] [6.0] [cxt 0] Bytes parsed: 14
[01:29:05.399] [bmv2] [D] [thread 44731] [6.0] [cxt 0] Parser 'parser': end
[01:29:05.399] [bmv2] [D] [thread 44731] [6.0] [cxt 0] Pipeline 'ingress': start
[01:29:05.399] [bmv2] [T] [thread 44731] [6.0] [cxt 0] advanced_tunnel.p4(114) Condition "hdr.ipv4.isValid()" (node_2) is false
[01:29:05.399] [bmv2] [D] [thread 44731] [6.0] [cxt 0] Pipeline 'ingress': end
[01:29:05.399] [bmv2] [D] [thread 44731] [6.0] [cxt 0] Egress port is 0
[01:29:05.399] [bmv2] [D] [thread 44731] [7.0] [cxt 0] Processing packet received on port 2
[01:29:05.399] [bmv2] [D] [thread 44731] [7.0] [cxt 0] Parser 'parser': start
[01:29:05.399] [bmv2] [D] [thread 44731] [7.0] [cxt 0] Parser 'parser' entering state 'start'
[01:29:05.399] [bmv2] [D] [thread 44731] [7.0] [cxt 0] Extracting header 'ethernet'
[01:29:05.399] [bmv2] [D] [thread 44731] [7.0] [cxt 0] Parser state 'start': key is 86dd
[01:29:05.399] [bmv2] [T] [thread 44731] [7.0] [cxt 0] Bytes parsed: 14
[01:29:05.399] [bmv2] [D] [thread 44731] [7.0] [cxt 0] Parser 'parser': end
[01:29:05.399] [bmv2] [D] [thread 44731] [7.0] [cxt 0] Pipeline 'ingress': start
[01:29:05.399] [bmv2] [T] [thread 44731] [7.0] [cxt 0] advanced_tunnel.p4(114) Condition "hdr.ipv4.isValid()" (node_2) is false
[01:29:05.399] [bmv2] [D] [thread 44731] [7.0] [cxt 0] Pipeline 'ingress': end
[01:29:05.399] [bmv2] [D] [thread 44731] [7.0] [cxt 0] Egress port is 0
[01:29:05.399] [bmv2] [D] [thread 44732] [6.0] [cxt 0] Pipeline 'egress': start
[01:29:05.399] [bmv2] [D] [thread 44732] [6.0] [cxt 0] Pipeline 'egress': end
[01:29:05.399] [bmv2] [D] [thread 44732] [6.0] [cxt 0] Deparser 'deparser': start
[01:29:05.399] [bmv2] [T] [thread 44732] [6.0] [cxt 0] Skipping checksum 'cksum' update because condition not met
[01:29:05.399] [bmv2] [D] [thread 44732] [6.0] [cxt 0] Deparsing header 'ethernet'
[01:29:05.399] [bmv2] [D] [thread 44732] [6.0] [cxt 0] Deparser 'deparser': end
[01:29:05.399] [bmv2] [D] [thread 44732] [7.0] [cxt 0] Pipeline 'egress': start
[01:29:05.399] [bmv2] [D] [thread 44732] [7.0] [cxt 0] Pipeline 'egress': end
[01:29:05.399] [bmv2] [D] [thread 44732] [7.0] [cxt 0] Deparser 'deparser': start
[01:29:05.399] [bmv2] [T] [thread 44732] [7.0] [cxt 0] Skipping checksum 'cksum' update because condition not met
[01:29:05.399] [bmv2] [D] [thread 44732] [7.0] [cxt 0] Deparsing header 'ethernet'
[01:29:05.399] [bmv2] [D] [thread 44732] [7.0] [cxt 0] Deparser 'deparser': end
[01:29:05.399] [bmv2] [D] [thread 44736] [6.0] [cxt 0] Transmitting packet of size 70 out of port 0
[01:29:05.399] [bmv2] [D] [thread 44736] [7.0] [cxt 0] Transmitting packet of size 70 out of port 0
[01:29:13.911] [bmv2] [D] [thread 44731] [8.0] [cxt 0] Processing packet received on port 2
[01:29:13.911] [bmv2] [D] [thread 44731] [8.0] [cxt 0] Parser 'parser': start
[01:29:13.911] [bmv2] [D] [thread 44731] [8.0] [cxt 0] Parser 'parser' entering state 'start'
[01:29:13.911] [bmv2] [D] [thread 44731] [8.0] [cxt 0] Extracting header 'ethernet'
[01:29:13.911] [bmv2] [D] [thread 44731] [8.0] [cxt 0] Parser state 'start': key is 86dd
[01:29:13.911] [bmv2] [T] [thread 44731] [8.0] [cxt 0] Bytes parsed: 14
[01:29:13.911] [bmv2] [D] [thread 44731] [8.0] [cxt 0] Parser 'parser': end
[01:29:13.911] [bmv2] [D] [thread 44731] [8.0] [cxt 0] Pipeline 'ingress': start
[01:29:13.911] [bmv2] [T] [thread 44731] [8.0] [cxt 0] advanced_tunnel.p4(114) Condition "hdr.ipv4.isValid()" (node_2) is false
[01:29:13.911] [bmv2] [D] [thread 44731] [8.0] [cxt 0] Pipeline 'ingress': end
[01:29:13.911] [bmv2] [D] [thread 44731] [8.0] [cxt 0] Egress port is 0
[01:29:13.911] [bmv2] [D] [thread 44732] [8.0] [cxt 0] Pipeline 'egress': start
[01:29:13.911] [bmv2] [D] [thread 44732] [8.0] [cxt 0] Pipeline 'egress': end
[01:29:13.911] [bmv2] [D] [thread 44732] [8.0] [cxt 0] Deparser 'deparser': start
[01:29:13.911] [bmv2] [T] [thread 44732] [8.0] [cxt 0] Skipping checksum 'cksum' update because condition not met
[01:29:13.911] [bmv2] [D] [thread 44732] [8.0] [cxt 0] Deparsing header 'ethernet'
[01:29:13.911] [bmv2] [D] [thread 44732] [8.0] [cxt 0] Deparser 'deparser': end
[01:29:13.911] [bmv2] [D] [thread 44736] [8.0] [cxt 0] Transmitting packet of size 70 out of port 0
[01:30:06.879] [bmv2] [D] [thread 44731] [9.0] [cxt 0] Processing packet received on port 1
[01:30:06.880] [bmv2] [D] [thread 44731] [9.0] [cxt 0] Parser 'parser': start
[01:30:06.880] [bmv2] [D] [thread 44731] [9.0] [cxt 0] Parser 'parser' entering state 'start'
[01:30:06.880] [bmv2] [D] [thread 44731] [9.0] [cxt 0] Extracting header 'ethernet'
[01:30:06.880] [bmv2] [D] [thread 44731] [9.0] [cxt 0] Parser state 'start': key is 86dd
[01:30:06.880] [bmv2] [T] [thread 44731] [9.0] [cxt 0] Bytes parsed: 14
[01:30:06.880] [bmv2] [D] [thread 44731] [9.0] [cxt 0] Parser 'parser': end
[01:30:06.880] [bmv2] [D] [thread 44731] [9.0] [cxt 0] Pipeline 'ingress': start
[01:30:06.880] [bmv2] [T] [thread 44731] [9.0] [cxt 0] advanced_tunnel.p4(114) Condition "hdr.ipv4.isValid()" (node_2) is false
[01:30:06.880] [bmv2] [D] [thread 44731] [9.0] [cxt 0] Pipeline 'ingress': end
[01:30:06.880] [bmv2] [D] [thread 44731] [9.0] [cxt 0] Egress port is 0
[01:30:06.880] [bmv2] [D] [thread 44732] [9.0] [cxt 0] Pipeline 'egress': start
[01:30:06.880] [bmv2] [D] [thread 44732] [9.0] [cxt 0] Pipeline 'egress': end
[01:30:06.880] [bmv2] [D] [thread 44732] [9.0] [cxt 0] Deparser 'deparser': start
[01:30:06.880] [bmv2] [T] [thread 44732] [9.0] [cxt 0] Skipping checksum 'cksum' update because condition not met
[01:30:06.880] [bmv2] [D] [thread 44732] [9.0] [cxt 0] Deparsing header 'ethernet'
[01:30:06.880] [bmv2] [D] [thread 44732] [9.0] [cxt 0] Deparser 'deparser': end
[01:30:06.880] [bmv2] [D] [thread 44736] [9.0] [cxt 0] Transmitting packet of size 70 out of port 0
[01:30:10.954] [bmv2] [D] [thread 44731] [10.0] [cxt 0] Processing packet received on port 2
[01:30:10.954] [bmv2] [D] [thread 44731] [10.0] [cxt 0] Parser 'parser': start
[01:30:10.954] [bmv2] [D] [thread 44731] [10.0] [cxt 0] Parser 'parser' entering state 'start'
[01:30:10.954] [bmv2] [D] [thread 44731] [10.0] [cxt 0] Extracting header 'ethernet'
[01:30:10.954] [bmv2] [D] [thread 44731] [10.0] [cxt 0] Parser state 'start': key is 86dd
[01:30:10.954] [bmv2] [T] [thread 44731] [10.0] [cxt 0] Bytes parsed: 14
[01:30:10.954] [bmv2] [D] [thread 44731] [10.0] [cxt 0] Parser 'parser': end
[01:30:10.954] [bmv2] [D] [thread 44731] [10.0] [cxt 0] Pipeline 'ingress': start
[01:30:10.954] [bmv2] [T] [thread 44731] [10.0] [cxt 0] advanced_tunnel.p4(114) Condition "hdr.ipv4.isValid()" (node_2) is false
[01:30:10.954] [bmv2] [D] [thread 44731] [10.0] [cxt 0] Pipeline 'ingress': end
[01:30:10.954] [bmv2] [D] [thread 44731] [10.0] [cxt 0] Egress port is 0
[01:30:10.954] [bmv2] [D] [thread 44732] [10.0] [cxt 0] Pipeline 'egress': start
[01:30:10.954] [bmv2] [D] [thread 44732] [10.0] [cxt 0] Pipeline 'egress': end
[01:30:10.954] [bmv2] [D] [thread 44732] [10.0] [cxt 0] Deparser 'deparser': start
[01:30:10.954] [bmv2] [T] [thread 44732] [10.0] [cxt 0] Skipping checksum 'cksum' update because condition not met
[01:30:10.954] [bmv2] [D] [thread 44732] [10.0] [cxt 0] Deparsing header 'ethernet'
[01:30:10.954] [bmv2] [D] [thread 44732] [10.0] [cxt 0] Deparser 'deparser': end
[01:30:10.954] [bmv2] [D] [thread 44736] [10.0] [cxt 0] Transmitting packet of size 70 out of port 0
[01:30:23.225] [bmv2] [D] [thread 44731] [11.0] [cxt 0] Processing packet received on port 2
[01:30:23.225] [bmv2] [D] [thread 44731] [11.0] [cxt 0] Parser 'parser': start
[01:30:23.225] [bmv2] [D] [thread 44731] [11.0] [cxt 0] Parser 'parser' entering state 'start'
[01:30:23.225] [bmv2] [D] [thread 44731] [11.0] [cxt 0] Extracting header 'ethernet'
[01:30:23.225] [bmv2] [D] [thread 44731] [11.0] [cxt 0] Parser state 'start': key is 86dd
[01:30:23.225] [bmv2] [T] [thread 44731] [11.0] [cxt 0] Bytes parsed: 14
[01:30:23.225] [bmv2] [D] [thread 44731] [11.0] [cxt 0] Parser 'parser': end
[01:30:23.225] [bmv2] [D] [thread 44731] [11.0] [cxt 0] Pipeline 'ingress': start
[01:30:23.225] [bmv2] [T] [thread 44731] [11.0] [cxt 0] advanced_tunnel.p4(114) Condition "hdr.ipv4.isValid()" (node_2) is false
[01:30:23.225] [bmv2] [D] [thread 44731] [11.0] [cxt 0] Pipeline 'ingress': end
[01:30:23.225] [bmv2] [D] [thread 44731] [11.0] [cxt 0] Egress port is 0
[01:30:23.225] [bmv2] [D] [thread 44732] [11.0] [cxt 0] Pipeline 'egress': start
[01:30:23.225] [bmv2] [D] [thread 44732] [11.0] [cxt 0] Pipeline 'egress': end
[01:30:23.225] [bmv2] [D] [thread 44732] [11.0] [cxt 0] Deparser 'deparser': start
[01:30:23.225] [bmv2] [T] [thread 44732] [11.0] [cxt 0] Skipping checksum 'cksum' update because condition not met
[01:30:23.225] [bmv2] [D] [thread 44732] [11.0] [cxt 0] Deparsing header 'ethernet'
[01:30:23.225] [bmv2] [D] [thread 44732] [11.0] [cxt 0] Deparser 'deparser': end
[01:30:23.225] [bmv2] [D] [thread 44736] [11.0] [cxt 0] Transmitting packet of size 70 out of port 0
[01:32:05.633] [bmv2] [D] [thread 44731] [12.0] [cxt 0] Processing packet received on port 1
[01:32:05.633] [bmv2] [D] [thread 44731] [12.0] [cxt 0] Parser 'parser': start
[01:32:05.633] [bmv2] [D] [thread 44731] [12.0] [cxt 0] Parser 'parser' entering state 'start'
[01:32:05.633] [bmv2] [D] [thread 44731] [12.0] [cxt 0] Extracting header 'ethernet'
[01:32:05.633] [bmv2] [D] [thread 44731] [12.0] [cxt 0] Parser state 'start': key is 86dd
[01:32:05.633] [bmv2] [T] [thread 44731] [12.0] [cxt 0] Bytes parsed: 14
[01:32:05.633] [bmv2] [D] [thread 44731] [12.0] [cxt 0] Parser 'parser': end
[01:32:05.633] [bmv2] [D] [thread 44731] [12.0] [cxt 0] Pipeline 'ingress': start
[01:32:05.633] [bmv2] [T] [thread 44731] [12.0] [cxt 0] advanced_tunnel.p4(114) Condition "hdr.ipv4.isValid()" (node_2) is false
[01:32:05.633] [bmv2] [D] [thread 44731] [12.0] [cxt 0] Pipeline 'ingress': end
[01:32:05.633] [bmv2] [D] [thread 44731] [12.0] [cxt 0] Egress port is 0
[01:32:05.633] [bmv2] [D] [thread 44732] [12.0] [cxt 0] Pipeline 'egress': start
[01:32:05.633] [bmv2] [D] [thread 44732] [12.0] [cxt 0] Pipeline 'egress': end
[01:32:05.633] [bmv2] [D] [thread 44732] [12.0] [cxt 0] Deparser 'deparser': start
[01:32:05.633] [bmv2] [T] [thread 44732] [12.0] [cxt 0] Skipping checksum 'cksum' update because condition not met
[01:32:05.633] [bmv2] [D] [thread 44732] [12.0] [cxt 0] Deparsing header 'ethernet'
[01:32:05.633] [bmv2] [D] [thread 44732] [12.0] [cxt 0] Deparser 'deparser': end
[01:32:05.633] [bmv2] [D] [thread 44736] [12.0] [cxt 0] Transmitting packet of size 70 out of port 0
[01:32:15.865] [bmv2] [D] [thread 44731] [13.0] [cxt 0] Processing packet received on port 2
[01:32:15.865] [bmv2] [D] [thread 44731] [13.0] [cxt 0] Parser 'parser': start
[01:32:15.865] [bmv2] [D] [thread 44731] [13.0] [cxt 0] Parser 'parser' entering state 'start'
[01:32:15.865] [bmv2] [D] [thread 44731] [13.0] [cxt 0] Extracting header 'ethernet'
[01:32:15.865] [bmv2] [D] [thread 44731] [13.0] [cxt 0] Parser state 'start': key is 86dd
[01:32:15.865] [bmv2] [T] [thread 44731] [13.0] [cxt 0] Bytes parsed: 14
[01:32:15.865] [bmv2] [D] [thread 44731] [13.0] [cxt 0] Parser 'parser': end
[01:32:15.865] [bmv2] [D] [thread 44731] [13.0] [cxt 0] Pipeline 'ingress': start
[01:32:15.865] [bmv2] [T] [thread 44731] [13.0] [cxt 0] advanced_tunnel.p4(114) Condition "hdr.ipv4.isValid()" (node_2) is false
[01:32:15.865] [bmv2] [D] [thread 44731] [13.0] [cxt 0] Pipeline 'ingress': end
[01:32:15.865] [bmv2] [D] [thread 44731] [13.0] [cxt 0] Egress port is 0
[01:32:15.865] [bmv2] [D] [thread 44732] [13.0] [cxt 0] Pipeline 'egress': start
[01:32:15.865] [bmv2] [D] [thread 44732] [13.0] [cxt 0] Pipeline 'egress': end
[01:32:15.865] [bmv2] [D] [thread 44732] [13.0] [cxt 0] Deparser 'deparser': start
[01:32:15.865] [bmv2] [T] [thread 44732] [13.0] [cxt 0] Skipping checksum 'cksum' update because condition not met
[01:32:15.865] [bmv2] [D] [thread 44732] [13.0] [cxt 0] Deparsing header 'ethernet'
[01:32:15.865] [bmv2] [D] [thread 44732] [13.0] [cxt 0] Deparser 'deparser': end
[01:32:15.865] [bmv2] [D] [thread 44736] [13.0] [cxt 0] Transmitting packet of size 70 out of port 0
[01:32:46.921] [bmv2] [D] [thread 44731] [14.0] [cxt 0] Processing packet received on port 2
[01:32:46.921] [bmv2] [D] [thread 44731] [14.0] [cxt 0] Parser 'parser': start
[01:32:46.921] [bmv2] [D] [thread 44731] [14.0] [cxt 0] Parser 'parser' entering state 'start'
[01:32:46.921] [bmv2] [D] [thread 44731] [14.0] [cxt 0] Extracting header 'ethernet'
[01:32:46.921] [bmv2] [D] [thread 44731] [14.0] [cxt 0] Parser state 'start': key is 86dd
[01:32:46.921] [bmv2] [T] [thread 44731] [14.0] [cxt 0] Bytes parsed: 14
[01:32:46.921] [bmv2] [D] [thread 44731] [14.0] [cxt 0] Parser 'parser': end
[01:32:46.921] [bmv2] [D] [thread 44731] [14.0] [cxt 0] Pipeline 'ingress': start
[01:32:46.921] [bmv2] [T] [thread 44731] [14.0] [cxt 0] advanced_tunnel.p4(114) Condition "hdr.ipv4.isValid()" (node_2) is false
[01:32:46.921] [bmv2] [D] [thread 44731] [14.0] [cxt 0] Pipeline 'ingress': end
[01:32:46.921] [bmv2] [D] [thread 44731] [14.0] [cxt 0] Egress port is 0
[01:32:46.921] [bmv2] [D] [thread 44732] [14.0] [cxt 0] Pipeline 'egress': start
[01:32:46.921] [bmv2] [D] [thread 44732] [14.0] [cxt 0] Pipeline 'egress': end
[01:32:46.921] [bmv2] [D] [thread 44732] [14.0] [cxt 0] Deparser 'deparser': start
[01:32:46.921] [bmv2] [T] [thread 44732] [14.0] [cxt 0] Skipping checksum 'cksum' update because condition not met
[01:32:46.921] [bmv2] [D] [thread 44732] [14.0] [cxt 0] Deparsing header 'ethernet'
[01:32:46.921] [bmv2] [D] [thread 44732] [14.0] [cxt 0] Deparser 'deparser': end
[01:32:46.921] [bmv2] [D] [thread 44736] [14.0] [cxt 0] Transmitting packet of size 70 out of port 0
